C51 COMPILER V9.60.0.0   MAIN3                                                             06/07/2022 19:04:14 PAGE 1   


C51 COMPILER V9.60.0.0, COMPILATION OF MODULE MAIN3
OBJECT MODULE PLACED IN .\Objects\main3.obj
COMPILER INVOKED BY: C:\Keil_v5\C51\BIN\C51.EXE main3.c OPTIMIZE(8,SPEED) BROWSE DEBUG OBJECTEXTEND PRINT(.\Listings\mai
                    -n3.lst) TABS(2) OBJECT(.\Objects\main3.obj)

line level    source

   1          #include <REGX52.H>
   2          
   3          #define out_port  (P2)
   4          #define key_for P0^0
   5          #define key_rev  P0^1
   6          
   7          // Define new types
   8          typedef unsigned char   uchar;
   9          typedef unsigned int    uint;
  10          
  11          void delayms(uint);
  12          
  13          // Array of Stepping Sequences 
  14          uchar const sequence[8] = {0x02,0x06,0x04,0x0c,0x08,0x09,0x01,0x03};
  15          //0010,0110,0100,1100,1000,1001,0001,0011
  16          void main(void)
  17           { 
  18   1         uchar i;
  19   1         out_port = 0x03;
  20   1         while(1)
  21   1          { // Has the forward key been pressed ? 
  22   2            if (!key_for)
  23   2             { i = i<8 ? i+1 : 0;
  24   3               out_port = sequence[i];
  25   3               delayms(50);
  26   3             }
  27   2            // Has the reverse key been pressed ?
  28   2            else if (!key_rev)
  29   2             { i = i>0 ? i-1 : 7; 
  30   3               out_port = sequence[i];
  31   3               delayms(50);
  32   3             }  
  33   2          }
  34   1       }
  35          
  36          void delayms(uint j)
  37           { uchar i;
  38   1         for(; j>0; j--)
  39   1          { i = 120;
  40   2            while (i--);  
  41   2          }
  42   1       }


MODULE INFORMATION:   STATIC OVERLAYABLE
   CODE SIZE        =    108    ----
   CONSTANT SIZE    =   ----    ----
   XDATA SIZE       =   ----    ----
   PDATA SIZE       =   ----    ----
   DATA SIZE        =      8       1
   IDATA SIZE       =   ----    ----
   BIT SIZE         =   ----    ----
END OF MODULE INFORMATION.


C51 COMPILATION COMPLETE.  0 WARNING(S),  0 ERROR(S)
