C51 COMPILER V9.60.0.0   MAIN2                                                             06/07/2022 17:24:36 PAGE 1   


C51 COMPILER V9.60.0.0, COMPILATION OF MODULE MAIN2
OBJECT MODULE PLACED IN .\Objects\main2.obj
COMPILER INVOKED BY: C:\Keil_v5\C51\BIN\C51.EXE main2.c OPTIMIZE(8,SPEED) BROWSE DEBUG OBJECTEXTEND PRINT(.\Listings\mai
                    -n2.lst) TABS(2) OBJECT(.\Objects\main2.obj)

line level    source

   1          #include <reg52.h>
   2          
   3          //函数声明
   4          void DelayMs(int i);
   5          void motor_z();
   6          void motor_f();
   7          void motor_off();
   8          
   9          //A B C D相端口定义
  10          sbit A1=P2^1; 
  11          sbit B1=P2^2;
  12          sbit C1=P2^3;
  13          sbit D1=P2^4;
  14          
  15          //按键端口定义
  16          sbit key1=P3^0; //正转
  17          sbit key2=P3^1; //反转
  18          sbit key3=P3^2; //停止
  19          sbit key4=P3^3; //
  20          
  21          //通电方式
  22          #define Coil_A1   {A1=1;B1=0;C1=0;D1=0;}
  23          #define Coil_B1   {A1=0;B1=1;C1=0;D1=0;}
  24          #define Coil_C1   {A1=0;B1=0;C1=1;D1=0;}
  25          #define Coil_D1   {A1=0;B1=0;C1=0;D1=1;}
  26          #define Coil_OFF  {A1=0;B1=0;C1=0;D1=0;}
  27          
  28          unsigned char Speed;
  29          //电机正转
  30          void motor_z();
  31          //电机停止
  32          void motor_off();
  33          //电机反转
  34          void motor_f();
  35          //按键扫描
  36          void keyscan();
  37          void DelayMS(unsigned int t);
  38          
  39          void main()
  40          {
  41   1       
  42   1        Speed=200; 
  43   1        while(1)  
  44   1        {         
  45   2           keyscan();
  46   2        }
  47   1      }
  48          
  49          //电机正转
  50          void motor_z()
  51          {
  52   1           Coil_A1                 
  53   1           DelayMs(Speed);        
  54   1                                 
C51 COMPILER V9.60.0.0   MAIN2                                                             06/07/2022 17:24:36 PAGE 2   

  55   1           Coil_B1
  56   1           DelayMs(Speed);
  57   1          
  58   1           Coil_C1
  59   1           DelayMs(Speed);
  60   1          
  61   1           Coil_D1
  62   1           DelayMs(Speed);
  63   1      }
  64          
  65          //电机反转
  66          void motor_f()
  67          {
  68   1           Coil_D1
  69   1           DelayMs(Speed);
  70   1        
  71   1           Coil_C1
  72   1           DelayMs(Speed);
  73   1        
  74   1           Coil_B1
  75   1           DelayMs(Speed);
  76   1        
  77   1           Coil_A1
  78   1           DelayMs(Speed);
  79   1      }
  80          
  81          //电机停止
  82          void motor_off()
  83          {
  84   1          Coil_OFF
  85   1      }
  86          
  87          //延时
  88          
  89          void DelayMS(unsigned int t)
  90          {
  91   1       unsigned char k;
  92   1         while(t--)
  93   1         {
  94   2          for(k=0; k<125; k++);
  95   2      } 
  96   1      }
  97          
  98          //按键扫描
  99          void keyscan()
 100          {
 101   1        static int a=0;
 102   1        static int b=0;
 103   1        
 104   1        if(key1==0)
 105   1        { 
 106   2          DelayMs(100); 
 107   2          if(key1==0)
 108   2          {
 109   3            a=~a;
 110   3            while(!key1);
 111   3          }
 112   2        }       
 113   1        
 114   1        if(a)
 115   1        {
 116   2          motor_z();  
C51 COMPILER V9.60.0.0   MAIN2                                                             06/07/2022 17:24:36 PAGE 3   

 117   2        }
 118   1        
 119   1        
 120   1        if(key2==0)
 121   1        { 
 122   2          DelayMs(100); 
 123   2          if(key2==0)
 124   2          {
 125   3            b=~b;
 126   3            while(!key2);
 127   3          }
 128   2        }       
 129   1        
 130   1        if(b)
 131   1        {
 132   2          motor_f();  
 133   2        }
 134   1        
 135   1        
 136   1        if(key3==0)
 137   1        { 
 138   2          DelayMs(100); 
 139   2          if(key3==0)
 140   2          {
 141   3            a=0;
 142   3            b=0;
 143   3            while(!key3);
 144   3          }
 145   2        }       
 146   1        
 147   1        if(a==0&&b==0)
 148   1        {
 149   2          motor_off();  
 150   2        }
 151   1        
 152   1      }


MODULE INFORMATION:   STATIC OVERLAYABLE
   CODE SIZE        =    266    ----
   CONSTANT SIZE    =   ----    ----
   XDATA SIZE       =   ----    ----
   PDATA SIZE       =   ----    ----
   DATA SIZE        =      5    ----
   IDATA SIZE       =   ----    ----
   BIT SIZE         =   ----    ----
END OF MODULE INFORMATION.


C51 COMPILATION COMPLETE.  0 WARNING(S),  0 ERROR(S)
