C51 COMPILER V9.60.0.0   DISPLAY                                                           06/29/2022 11:55:34 PAGE 1   


C51 COMPILER V9.60.0.0, COMPILATION OF MODULE DISPLAY
OBJECT MODULE PLACED IN .\obj\display.obj
COMPILER INVOKED BY: C:\Keil_v5\C51\BIN\C51.EXE display.c OPTIMIZE(8,SPEED) BROWSE DEBUG OBJECTEXTEND PRINT(.\obj\displa
                    -y.lst) TABS(2) OBJECT(.\obj\display.obj)

line level    source

   1          #include"display.h"
   2          #include"delay.h"
   3          
   4          #define DataPort P0 //定义数据端口 程序中遇到DataPort 则用P0 替换
   5          
   6          //sbit LATCH1=P2^2;//定义锁存使能端口 段锁存
   7          //sbit LATCH2=P2^3;//                 位锁存
   8          
   9          unsigned char code dofly_DuanMa[10]={0x3f,0x06,0x5b,0x4f,0x66,0x6d,0x7d,0x07,0x7f,0x6f};// 显示段码值0~9
  10          unsigned char code dofly_WeiMa[]={0xfe,0xfd,0xfb,0xf7,0xef,0xdf,0xbf,0x7f};//分别对应相应的数码管点亮,即位
             -码
  11          unsigned char TempData[8]; //存储显示值的全局变量
  12          
  13          
  14          /*------------------------------------------------
  15           显示函数，用于动态扫描数码管
  16           输入参数 FirstBit 表示需要显示的第一位，如赋值2表示从第三个数码管开始显示
  17           如输入0表示从第一个显示。
  18           Num表示需要显示的位数，如需要显示99两位数值则该值输入2
  19          ------------------------------------------------*/
  20          void Display(unsigned char FirstBit,unsigned char Num)
  21          {
  22   1            static unsigned char i=0;
  23   1          
  24   1      
  25   1           DataPort=0;   //清空数据，防止有交替重影
  26   1             LATCH1=1;     //段锁存
  27   1             LATCH1=0;
  28   1      
  29   1             DataPort=dofly_WeiMa[i+FirstBit]; //取位码 
  30   1             LATCH2=1;     //位锁存
  31   1             LATCH2=0;
  32   1      
  33   1             DataPort=TempData[i]; //取显示数据，段码
  34   1             LATCH1=1;     //段锁存
  35   1             LATCH1=0;
  36   1             
  37   1           i++;
  38   1             if(i==Num)
  39   1              i=0;
  40   1      
  41   1      
  42   1      }
  43          /*------------------------------------------------
  44                              定时器初始化子程序
  45          ------------------------------------------------*/
  46          void Init_Timer0(void)
  47          {
  48   1       TMOD |= 0x01;    //使用模式1，16位定时器，使用"|"符号可以在使用多个定时器时不受影响         
  49   1       //TH0=0x00;        //给定初值
  50   1       //TL0=0x00;
  51   1       EA=1;            //总中断打开
  52   1       ET0=1;           //定时器中断打开
  53   1       TR0=1;           //定时器开关打开
C51 COMPILER V9.60.0.0   DISPLAY                                                           06/29/2022 11:55:34 PAGE 2   

  54   1      }
  55          /*------------------------------------------------
  56                           定时器中断子程序
  57          ------------------------------------------------*/
  58          void Timer0_isr(void) interrupt 1 
  59          {
  60   1       TH0=(65536-2000)/256;      //重新赋值 2ms
  61   1       TL0=(65536-2000)%256;
  62   1       
  63   1       Display(0,8);
  64   1      
  65   1      }
  66          


MODULE INFORMATION:   STATIC OVERLAYABLE
   CODE SIZE        =     98    ----
   CONSTANT SIZE    =     18    ----
   XDATA SIZE       =   ----    ----
   PDATA SIZE       =   ----    ----
   DATA SIZE        =      9    ----
   IDATA SIZE       =   ----    ----
   BIT SIZE         =   ----    ----
END OF MODULE INFORMATION.


C51 COMPILATION COMPLETE.  0 WARNING(S),  0 ERROR(S)
