C51 COMPILER V9.60.0.0   MAIN2                                                             06/09/2022 11:01:56 PAGE 1   


C51 COMPILER V9.60.0.0, COMPILATION OF MODULE MAIN2
OBJECT MODULE PLACED IN .\Objects\main2.obj
COMPILER INVOKED BY: C:\Keil_v5\C51\BIN\C51.EXE main2.c OPTIMIZE(8,SPEED) BROWSE DEBUG OBJECTEXTEND PRINT(.\Listings\mai
                    -n2.lst) TABS(2) OBJECT(.\Objects\main2.obj)

line level    source

   1          #include<reg52.h>
   2          //#include<intrins.h>
   3          sbit LED = P2^0;
   4          #define FOSC 12000000uL
   5          #define T1MS (65536-FOSC/12/1000)   //12T模式1ms定时
   6          static volatile unsigned long currentMillis = 0;
   7          
   8          void Timer0Init(void)   //1毫秒@12.000MHz
   9          {
  10   1      
  11   1        TMOD = 0x01;   //set timer0 as mode1 (16-bit)
  12   1        TL0 = T1MS;   //设置定时初始值，高8位
  13   1        TH0 = T1MS >> 8;      //设置定时初始值，低8位
  14   1        TF0 = 0;    //清除TF0标志
  15   1        TR0 = 1;    //定时器0开始计时
  16   1        ET0 = 1;     //enable timer0 interrupt
  17   1        EA = 1;      //open global interrupt switch
  18   1      }
  19          
  20          /* Timer0 interrupt routine */
  21          void tm0_isr() interrupt 1
  22          {
  23   1          TL0 = T1MS;                     //reload timer0 low byte
  24   1          TH0 = T1MS >> 8;                //reload timer0 high byte
  25   1        currentMillis ++;
  26   1      }
  27          //延时函数
  28          void delay(unsigned long interval)
  29          {
  30   1          unsigned long previousMillis = currentMillis  ;
  31   1        unsigned long temp = interval*0.02;//修正
  32   1        while(interval>=temp)
  33   1        {
  34   2          if (currentMillis - previousMillis >=1 )
  35   2          {
  36   3            interval--;
  37   3            previousMillis++;
  38   3          } 
  39   2        }   
  40   1      }
  41          
  42          void main() {
  43   1        Timer0Init();
  44   1        while(1)
  45   1       {
  46   2          LED = !LED ;
  47   2         delay(3000);
  48   2       } 
  49   1      }
  50          


MODULE INFORMATION:   STATIC OVERLAYABLE
   CODE SIZE        =    255    ----
C51 COMPILER V9.60.0.0   MAIN2                                                             06/09/2022 11:01:56 PAGE 2   

   CONSTANT SIZE    =   ----    ----
   XDATA SIZE       =   ----    ----
   PDATA SIZE       =   ----    ----
   DATA SIZE        =      4      12
   IDATA SIZE       =   ----    ----
   BIT SIZE         =   ----    ----
END OF MODULE INFORMATION.


C51 COMPILATION COMPLETE.  0 WARNING(S),  0 ERROR(S)
