C51 COMPILER V9.60.0.0   MAIN                                                              04/11/2022 22:14:08 PAGE 1   


C51 COMPILER V9.60.0.0, COMPILATION OF MODULE MAIN
OBJECT MODULE PLACED IN main.OBJ
COMPILER INVOKED BY: C:\Keil_v5\C51\BIN\C51.EXE main.c OPTIMIZE(8,SPEED) BROWSE DEBUG OBJECTEXTEND TABS(2)

line level    source

   1          /*
   2          *******************************************************************************
   3          *                     《手把手教你学51单片机(C语言版)》
   4          *                    配套 KST-51 单片机开发板 示例源代码
   5          *
   6          *         (c) 版权所有 2014 金沙滩工作室/清华大学出版社 保留所有权利
   7          *                 获取更多资料请访问：http://www.kingst.org
   8          *
   9          * 文件名：main.c
  10          * 描  述：第17章 AD转换例程
  11          * 版本号：v1.0.0
  12          * 备  注：详情见第17章17.4节
  13          *         将模拟输入通道0、1、3的电压值显示到液晶上
  14          *******************************************************************************
  15          */
  16          
  17          #include <reg52.h>
  18          
  19          bit flag300ms = 1;       //300ms定时标志
  20          unsigned char T0RH = 0;  //T0重载值的高字节
  21          unsigned char T0RL = 0;  //T0重载值的低字节
  22          
  23          void ConfigTimer0(unsigned int ms);
  24          unsigned char GetADCValue(unsigned char chn);
  25          void ValueToString(unsigned char *str, unsigned char val);
  26          extern void I2CStart();
  27          extern void I2CStop();
  28          extern unsigned char I2CReadACK();
  29          extern unsigned char I2CReadNAK();
  30          extern bit I2CWrite(unsigned char dat);
  31          extern void InitLcd1602();
  32          extern void LcdShowStr(unsigned char x, unsigned char y, unsigned char *str);
  33          
  34          void main()
  35          {
  36   1          unsigned char val;
  37   1          unsigned char str[10];
  38   1          
  39   1          EA = 1;            //开总中断
  40   1          ConfigTimer0(10);  //配置T0定时10ms
  41   1          InitLcd1602();     //初始化液晶    
  42   1          LcdShowStr(0, 0, "AIN0  AIN1  AIN3");  //显示通道指示
  43   1          
  44   1          while (1)
  45   1          {
  46   2              if (flag300ms)
  47   2              {
  48   3                  flag300ms = 0;
  49   3                  //显示通道0的电压
  50   3                  val = GetADCValue(0);     //获取ADC通道0的转换值
  51   3                  ValueToString(str, val);  //转为字符串格式的电压值
  52   3                  LcdShowStr(0, 1, str);    //显示到液晶上
  53   3                  //显示通道1的电压
  54   3                  val = GetADCValue(1);
  55   3                  ValueToString(str, val);
C51 COMPILER V9.60.0.0   MAIN                                                              04/11/2022 22:14:08 PAGE 2   

  56   3                  LcdShowStr(6, 1, str);
  57   3                  //显示通道3的电压
  58   3                  val = GetADCValue(3);
  59   3                  ValueToString(str, val);
  60   3                  LcdShowStr(12, 1, str);
  61   3              }
  62   2          }
  63   1      }
  64          /* 读取当前的ADC转换值，chn-ADC通道号0~3 */
  65          unsigned char GetADCValue(unsigned char chn)
  66          {
  67   1          unsigned char val;
  68   1          
  69   1          I2CStart();
  70   1          if (!I2CWrite(0x48<<1))  //寻址PCF8591，如未应答，则停止操作并返回0
  71   1          {
  72   2              I2CStop();
  73   2              return 0;
  74   2          }
  75   1          I2CWrite(0x40|chn);        //写入控制字节，选择转换通道
  76   1          I2CStart();
  77   1          I2CWrite((0x48<<1)|0x01);  //寻址PCF8591，指定后续为读操作    
  78   1          I2CReadACK();              //先空读一个字节，提供采样转换时间
  79   1          val = I2CReadNAK();        //读取刚刚转换完的值
  80   1          I2CStop();
  81   1          
  82   1          return val;
  83   1      }
  84          /* ADC转换值转为实际电压值的字符串形式，str-字符串指针，val-AD转换值 */
  85          void ValueToString(unsigned char *str, unsigned char val)
  86          {
  87   1          //电压值=转换结果*2.5V/255，式中的25隐含了一位十进制小数
  88   1          val = (val*25) / 255;
  89   1          str[0] = (val/10) + '0';  //整数位字符
  90   1          str[1] = '.';             //小数点
  91   1          str[2] = (val%10) + '0';  //小数位字符
  92   1          str[3] = 'V';             //电压单位
  93   1          str[4] = '\0';            //结束符
  94   1      }
  95          /* 配置并启动T0，ms-T0定时时间 */
  96          void ConfigTimer0(unsigned int ms)
  97          {
  98   1          unsigned long tmp;  //临时变量
  99   1          
 100   1          tmp = 11059200 / 12;      //定时器计数频率
 101   1          tmp = (tmp * ms) / 1000;  //计算所需的计数值
 102   1          tmp = 65536 - tmp;        //计算定时器重载值
 103   1          tmp = tmp + 12;           //补偿中断响应延时造成的误差
 104   1          T0RH = (unsigned char)(tmp>>8);  //定时器重载值拆分为高低字节
 105   1          T0RL = (unsigned char)tmp;
 106   1          TMOD &= 0xF0;   //清零T0的控制位
 107   1          TMOD |= 0x01;   //配置T0为模式1
 108   1          TH0 = T0RH;     //加载T0重载值
 109   1          TL0 = T0RL;
 110   1          ET0 = 1;        //使能T0中断
 111   1          TR0 = 1;        //启动T0
 112   1      }
 113          /* T0中断服务函数，执行300ms定时 */
 114          void InterruptTimer0() interrupt 1
 115          {
 116   1          static unsigned char tmr300ms = 0;
 117   1          
C51 COMPILER V9.60.0.0   MAIN                                                              04/11/2022 22:14:08 PAGE 3   

 118   1          TH0 = T0RH;  //重新加载重载值
 119   1          TL0 = T0RL;
 120   1          tmr300ms++;
 121   1          if (tmr300ms >= 30)  //定时300ms
 122   1          {
 123   2              tmr300ms = 0;
 124   2              flag300ms = 1;
 125   2          }
 126   1      }


MODULE INFORMATION:   STATIC OVERLAYABLE
   CODE SIZE        =    383    ----
   CONSTANT SIZE    =     17    ----
   XDATA SIZE       =   ----    ----
   PDATA SIZE       =   ----    ----
   DATA SIZE        =      3      20
   IDATA SIZE       =   ----    ----
   BIT SIZE         =      1    ----
END OF MODULE INFORMATION.


C51 COMPILATION COMPLETE.  0 WARNING(S),  0 ERROR(S)
