C51 COMPILER V9.60.0.0   STC12C5A60S2                                                      01/19/2022 19:10:25 PAGE 1   


C51 COMPILER V9.60.0.0, COMPILATION OF MODULE STC12C5A60S2
OBJECT MODULE PLACED IN STC12C5A60S2.OBJ
COMPILER INVOKED BY: C:\Keil_v5\C51\BIN\C51.EXE STC12C5A60S2.c OPTIMIZE(8,SPEED) BROWSE DEBUG OBJECTEXTEND TABS(2)

line level    source

   1          /*------------------------------------------------------------------*/
   2          /* --- STC MCU Limited ---------------------------------------------*/
   3          /* --- STC12C5Axx Series MCU UART (8-bit/9-bit)Demo ----------------*/
   4          /* --- Mobile: (86)13922805190 -------------------------------------*/
   5          /* --- Fax: 86-0513-55012956,55012947,55012969 ---------------------*/
   6          /* --- Tel: 86-0513-55012928,55012929,55012966----------------------*/
   7          /* --- Web: www.STCMCU.com -----------------------------------------*/
   8          /* --- Web: www.GXWMCU.com -----------------------------------------*/
   9          /* If you want to use the program or the program referenced in the  */
  10          /* article, please specify in which data and procedures from STC    */
  11          /*------------------------------------------------------------------*/
  12          
  13          #include "reg51.h"
  14          #include "intrins.h"
  15          
  16          typedef unsigned char BYTE;
  17          typedef unsigned int WORD;
  18          
  19          #define FOSC 11059200L      //System frequency
  20          #define BAUD 9600           //UART baudrate
  21          
  22          /*Define UART parity mode*/
  23          #define NONE_PARITY     0   //None parity
  24          #define ODD_PARITY      1   //Odd parity
  25          #define EVEN_PARITY     2   //Even parity
  26          #define MARK_PARITY     3   //Mark parity
  27          #define SPACE_PARITY    4   //Space parity
  28          
  29          #define PARITYBIT NONE_PARITY   //Testing even parity
  30          
  31          sbit bit9 = P2^2;           //P2.2 show UART data bit9
  32          bit busy;
  33          
  34          void SendData(BYTE dat);
  35          void SendString(char *s);
  36          void Delay1000ms()    //@16MHz
  37          {
  38   1        unsigned char i, j, k;
  39   1      
  40   1        i = 61;
  41   1        j = 204;
  42   1        k = 243;
  43   1        do
  44   1        {
  45   2          do
  46   2          {
  47   3            while (--k);
  48   3          } while (--j);
  49   2        } while (--i);
  50   1      }
  51          
  52          void main()
  53          {
  54   1      #if (PARITYBIT == NONE_PARITY)
  55   1          SCON = 0x50;            //8-bit variable UART
C51 COMPILER V9.60.0.0   STC12C5A60S2                                                      01/19/2022 19:10:25 PAGE 2   

  56   1      #elif (PARITYBIT == ODD_PARITY) || (PARITYBIT == EVEN_PARITY) || (PARITYBIT == MARK_PARITY)
                  SCON = 0xda;            //9-bit variable UART, parity bit initial to 1
              #elif (PARITYBIT == SPACE_PARITY)
                  SCON = 0xd2;            //9-bit variable UART, parity bit initial to 0
              #endif
  61   1      
  62   1          TMOD = 0x20;            //Set Timer1 as 8-bit auto reload mode
  63   1          TH1 = TL1 = -(FOSC/12/32/BAUD); //Set auto-reload vaule
  64   1          TR1 = 1;                //Timer1 start run
  65   1          ES = 1;                 //Enable UART interrupt
  66   1          EA = 1;                 //Open master interrupt switch
  67   1      
  68   1          SendString("STC12C5A60S2\r\nUart Test !\r\n");
  69   1          while(1)
  70   1          {
  71   2            Delay1000ms();
  72   2             SendString("STC12C5A60S2\r\nUart Test !\r\n");
  73   2      //      P1^0 = ~P1^0;
  74   2            Delay1000ms();
  75   2          }
  76   1      }
  77          
  78          /*----------------------------
  79          UART interrupt service routine
  80          ----------------------------*/
  81          void Uart_Isr() interrupt 4
  82          {
  83   1          if (RI)
  84   1          {
  85   2              RI = 0;             //Clear receive interrupt flag
  86   2              P0 = SBUF;          //P0 show UART data
  87   2              bit9 = RB8;         //P2.2 show parity bit
  88   2          }
  89   1          if (TI)
  90   1          {
  91   2              TI = 0;             //Clear transmit interrupt flag
  92   2              busy = 0;           //Clear transmit busy flag
  93   2          }
  94   1      }
  95          
  96          /*----------------------------
  97          Send a byte data to UART
  98          Input: dat (data to be sent)
  99          Output:None
 100          ----------------------------*/
 101          void SendData(BYTE dat)
 102          {
 103   1          while (busy);           //Wait for the completion of the previous data is sent
 104   1          ACC = dat;              //Calculate the even parity bit P (PSW.0)
 105   1          if (P)                  //Set the parity bit according to P
 106   1          {
 107   2      #if (PARITYBIT == ODD_PARITY)
                      TB8 = 0;            //Set parity bit to 0
              #elif (PARITYBIT == EVEN_PARITY)
                      TB8 = 1;            //Set parity bit to 1
              #endif
 112   2          }
 113   1          else
 114   1          {
 115   2      #if (PARITYBIT == ODD_PARITY)
                      TB8 = 1;            //Set parity bit to 1
              #elif (PARITYBIT == EVEN_PARITY)
C51 COMPILER V9.60.0.0   STC12C5A60S2                                                      01/19/2022 19:10:25 PAGE 3   

                      TB8 = 0;            //Set parity bit to 0
              #endif
 120   2          }
 121   1          busy = 1;
 122   1          SBUF = ACC;             //Send data to UART buffer
 123   1      }
 124          
 125          /*----------------------------
 126          Send a string to UART
 127          Input: s (address of string)
 128          Output:None
 129          ----------------------------*/
 130          void SendString(char *s)
 131          {
 132   1          while (*s)              //Check the end of the string
 133   1          {
 134   2              SendData(*s++);     //Send current char and increment string ptr
 135   2          }
 136   1      }
 137          


MODULE INFORMATION:   STATIC OVERLAYABLE
   CODE SIZE        =    121    ----
   CONSTANT SIZE    =     28    ----
   XDATA SIZE       =   ----    ----
   PDATA SIZE       =   ----    ----
   DATA SIZE        =   ----       3
   IDATA SIZE       =   ----    ----
   BIT SIZE         =      1    ----
END OF MODULE INFORMATION.


C51 COMPILATION COMPLETE.  0 WARNING(S),  0 ERROR(S)
