C51 COMPILER V9.60.0.0   DOTMATRI                                                          06/18/2022 13:24:39 PAGE 1   


C51 COMPILER V9.60.0.0, COMPILATION OF MODULE DOTMATRI
OBJECT MODULE PLACED IN .\Objects\DotMatri.obj
COMPILER INVOKED BY: C:\Keil_v5\C51\BIN\C51.EXE DotMatri.c OPTIMIZE(8,SPEED) BROWSE DEBUG OBJECTEXTEND PRINT(.\Listings\
                    -DotMatri.lst) TABS(2) OBJECT(.\Objects\DotMatri.obj)

line level    source

   1          //-------------------------------DotMatrix.H-------------------------
   2          #ifndef __DotMatrix_H
   3          #define __DotMatrix_H
   4          //本例中相关汉字与数字的点阵编码
   5          //-------------------------------------------------------------------
   6          //中文提示16*16 点阵
   7          unsigned char code Word_String[][32]=
   8          {
   9          {
  10          0x10,0x28,0xE7,0x24,0x24,0xC2,0xB2,0x8E,0x10,0x54,0x54,0xFF,0x54,
  11          0x7C,0x10,0x00,
  12          0x01,0x01,0x7F,0x21,0x51,0x24,0x18,0x27,0x48,0x89,0x89,0xFF,0x89,
  13          0xCD,0x48,0x00
  14          },
  15          {
  16          0x20,0x20,0x20,0xFE,0x22,0x22,0xAB,0x32,0x22,0x22,0x22,0xFF,0x22,
  17          0x30,0x20,0x00,
  18          0x40,0x42,0x7D,0x44,0x44,0x7C,0x44,0x45,0x44,0x7D,0x46,0x45,0x7C,
  19          0x40,0x40,0x00
  20          }
  21          };
  22          //键盘数字与符号点阵8*16 点阵
  23          unsigned char code Keyboard_Char[][16]=
  24          {
  25          {0x00,0xE0,0x10,0x08,0x08,0x10,0xE0,0x00,0x00,0x0F,0x10,0x20,0x20
  26          ,0x10,0x0f,0x00},
  27          {0x00,0x00,0x00,0x00,0x80,0x60,0x18,0x04,0x00,0x60,0x18,0x60,0x01
  28          ,0x00,0x00,0x00},
  29          {0x40,0x40,0x80,0xF0,0x80,0x40,0x40,0x00,0x02,0x02,0x01,0x0f,0x01
  30          ,0x01,0x01,0x01},
  31          {0x00,0x00,0x00,0x00,0x00,0x00,0x00,0x00,0x00,0x01,0x01,0x01,0x01
  32          ,0x01,0x01,0x01},
  33          {0x00,0x00,0x00,0xF0,0x00,0x00,0x00,0x00,0x01,0x01,0x01,0X1F,0x01
  34          ,0x01,0x01,0x00},
  35          {0x40,0x40,0x40,0x40,0x40,0x40,0x40,0x40,0x00,0x04,0x04,0x04,0x04
  36          ,0x04,0x04,0x00},
  37          {0x00,0x00,0x00,0x00,0x00,0x00,0x00,0x00,0x00,0x00,0x00,0x00,0x00
  38          ,0x00,0x00,0x00},
  39          };
*** WARNING C316 IN LINE 39 OF DotMatri.c: unterminated conditionals


MODULE INFORMATION:   STATIC OVERLAYABLE
   CODE SIZE        =   ----    ----
   CONSTANT SIZE    =    176    ----
   XDATA SIZE       =   ----    ----
   PDATA SIZE       =   ----    ----
   DATA SIZE        =   ----    ----
   IDATA SIZE       =   ----    ----
   BIT SIZE         =   ----    ----
END OF MODULE INFORMATION.


C51 COMPILATION COMPLETE.  1 WARNING(S),  0 ERROR(S)
