C51 COMPILER V9.60.0.0   MAIN                                                              06/18/2022 15:44:01 PAGE 1   


C51 COMPILER V9.60.0.0, COMPILATION OF MODULE MAIN
OBJECT MODULE PLACED IN .\Objects\MAIN.obj
COMPILER INVOKED BY: C:\Keil_v5\C51\BIN\C51.EXE MAIN.C OPTIMIZE(8,SPEED) BROWSE INCDIR(..\Keil C) DEBUG OBJECTEXTEND PRI
                    -NT(.\Listings\MAIN.lst) TABS(2) OBJECT(.\Objects\MAIN.obj)

line level    source

   1          #include <reg51.h>
   2          #include <intrins.h>
   3          #include "LCD_12864.H"
   4          #include "KeyPad.H"
   5          #include "DotMatri.H"
   6          #define uchar unsigned char
   7          #define uint unsigned int
   8          
   9          //键盘扫描开启标志其值由外部中断 0 控制
  10          bit KeyPressDown = 0;
  11          uchar T_Count = 0;
  12          sbit SPK = P3^7;
  13          //Keybord_Chars 中数字与符号编码与键盘按键对照表
  14          uchar code KeyPosTable[]=
  15          {
  16              7,8,9,10,
  17              4,5,6,11,
  18              1,2,3,12,
  19              15,0,14,13
  20          };
  21          //蜂鸣器发声
  22          void Beep()
  23          {
  24   1          uchar i,x=20;
  25   1          while (x--)
  26   1          {
  27   2              for(i=0; i<120; i++);
  28   2              SPK=~SPK;
  29   2          }
  30   1      }
  31          //主程序
  32          void main()
  33          {
  34   1          uchar i;
  35   1          LCD_Initialize(); //初始化 LCD
  36   1          for (i=0; i<7; i++) //从第一页开始左边距 16 点显示 7 个 16*16 点阵的中文提示信息
  37   1          Display_A_WORD_String (1,16*(i+1),1,Word_String[i]);
  38   1          P1=0x0f;
  39   1          IE=0x83; //允许外部 0 和定时器 0 中断
  40   1          IT0=1; //设为下降沿中断方式外部中断 0 用于启停键盘
  41   1          TH0=(65536-5000)/256;//50ms 定时
  42   1          TL0=(65536-5000)%256;
  43   1          while(1)
  44   1          {
  45   2      //如果有按键按下则处理按键
  46   2              if(KeyPressDown==1)
  47   2              {//扫描处理
  48   3                  Beep();
  49   3                  KeyPressDown=0;
  50   3                  Display_A_char(4,55,Keyboard_Chars[KeyPosTable[KeyScan()] ]);
  51   3                  TR0=0;
  52   3              }
  53   2          }
  54   1      }
C51 COMPILER V9.60.0.0   MAIN                                                              06/18/2022 15:44:01 PAGE 2   

  55          //外部中断 0 控制消抖延时
  56          void EX0_INT() interrupt 0
  57          {
  58   1          TR0=1;//开启定时器 0延时 300ms 消抖
  59   1      }
  60          //定时器用于消抖并确认有键按下启动主程序中的按键扫描
  61          void T0_INT() interrupt 1
  62          {
  63   1          if(++T_Count==6) //50*6=300ms 延时抖动
  64   1          {
  65   2              T_Count=0;
  66   2              KeyPressDown=1; //确定有键按下
  67   2          }
  68   1          TH0=(65526-50000)/256; //50ms 定时
  69   1          TL0=(65526-50000)%256;
  70   1      }


MODULE INFORMATION:   STATIC OVERLAYABLE
   CODE SIZE        =    164    ----
   CONSTANT SIZE    =    496    ----
   XDATA SIZE       =   ----    ----
   PDATA SIZE       =   ----    ----
   DATA SIZE        =      1       1
   IDATA SIZE       =   ----    ----
   BIT SIZE         =      1    ----
END OF MODULE INFORMATION.


C51 COMPILATION COMPLETE.  0 WARNING(S),  0 ERROR(S)
