C51 COMPILER V9.60.0.0   MAIN                                                              02/04/2022 13:29:40 PAGE 1   


C51 COMPILER V9.60.0.0, COMPILATION OF MODULE MAIN
OBJECT MODULE PLACED IN .\Objects\main.obj
COMPILER INVOKED BY: C:\Keil_v5\C51\BIN\C51.EXE main.c OPTIMIZE(8,SPEED) BROWSE INCDIR(..\STC15USART) DEBUG OBJECTEXTEND
                    - PRINT(.\Listings\main.lst) TABS(2) OBJECT(.\Objects\main.obj)

line level    source

   1          
   2          
   3          
   4          /*************  功能说明  **************
   5          
   6          双串口全双工中断方式收发通讯程序。
   7          注意：
   8          通过PC向MCU发送数据, MCU收到后通过串口把收到的数据原样返回.
   9          
  10          ******************************************/
  11          
  12          
  13          #include  "config.h"
  14          #include "stdio.h"
  15          #include "USART.h"
  16          
  17          
  18          void  delay_ms(unsigned int ms)
  19          {
  20   1           unsigned int i;
  21   1         do{
  22   2              i = MAIN_Fosc / 13000;
  23   2            while(--i)  ;   //14T per loop
  24   2           }while(--ms);
  25   1      }
  26          
  27          
  28          
  29          //========================================================================
  30          // 函数: void main(void)
  31          // 描述: 主函数。
  32          // 参数: none.
  33          // 返回: none.
  34          // 版本: VER1.0
  35          // 日期: 2014-11-28
  36          // 备注: 
  37          //========================================================================
  38          void main(void)
  39          {
  40   1        unsigned int n;
  41   1      //  P0M1 = 0; P0M0 = 0; //设置为准双向口
  42   1      //  P1M1 = 0; P1M0 = 0; //设置为准双向口
  43   1      //  P2M1 = 0; P2M0 = 0; //设置为准双向口
  44   1        P3M1 = 0; P3M0 = 0; //设置为准双向口
  45   1      //  P4M1 = 0; P4M0 = 0; //设置为准双向口
  46   1      //  P5M1 = 0; P5M0 = 0; //设置为准双向口
  47   1      //  P6M1 = 0; P6M0 = 0; //设置为准双向口
  48   1      //  P7M1 = 0; P7M0 = 0; //设置为准双向口
  49   1          //  S1_USE_P30P31();
  50   1       InitSerialPort();    //初始化串口,波特率9600，8bit数据位，1停止位，无校验
  51   1        EA = 1; //允许总中断
  52   1      
  53   1      //  PrintString1("STC15F2K60S2 UART1 Test Prgramme!\r\n");  //SUART1发送一个字符串
  54   1      
C51 COMPILER V9.60.0.0   MAIN                                                              02/04/2022 13:29:40 PAGE 2   

  55   1        while (1)
  56   1        {
  57   2          delay_ms(500);
  58   2          n = ~0;
  59   2          printf("uint = ~0:%u \r\n",n);  //SUART1发送一个字符串
  60   2          n = !0;
  61   2          printf("uint = !0:%u \r\n",n);  //SUART1发送一个字符串
  62   2          P10 = !P10;
  63   2        }
  64   1      }
  65          
  66          
  67          


MODULE INFORMATION:   STATIC OVERLAYABLE
   CODE SIZE        =     85    ----
   CONSTANT SIZE    =     32    ----
   XDATA SIZE       =   ----    ----
   PDATA SIZE       =   ----    ----
   DATA SIZE        =   ----       2
   IDATA SIZE       =   ----    ----
   BIT SIZE         =   ----    ----
END OF MODULE INFORMATION.


C51 COMPILATION COMPLETE.  0 WARNING(S),  0 ERROR(S)
