C51 COMPILER V9.60.0.0   MAIN                                                              01/03/2022 12:40:25 PAGE 1   


C51 COMPILER V9.60.0.0, COMPILATION OF MODULE MAIN
OBJECT MODULE PLACED IN .\Objects\main.obj
COMPILER INVOKED BY: C:\Keil_v5\C51\BIN\C51.EXE main.c OPTIMIZE(8,SPEED) BROWSE INCDIR(.\inc) DEBUG OBJECTEXTEND PRINT(.
                    -\Listings\main.lst) TABS(2) OBJECT(.\Objects\main.obj)

line level    source

   1          #include <STC89C5xRC.H>
   2          #include "LCD1602.h"
   3          
   4          
   5          void main()
   6          {
   7   1          LCD1602_Init();                 //初始化LCD1602
   8   1          LCD1602_delay_ms(1);
   9   1          LCD1602_set_position(0,0);//指针设置到第一行第1列
  10   1          LCD1602_prints("Hello World!");
  11   1          LCD1602_set_position(0,13);//指针设置到第一行第13列
  12   1          LCD1602_prints("STC");
  13   1      //  LCD1602_write_com(0x01);          //清屏指令
  14   1          while(1)
  15   1          {
  16   2              LCD1602_set_position(1,0);         //指针设置到第二行第1列
  17   2              LCD1602_prints("perseverance");
  18   2              LCD1602_set_position(1,14);//指针设置到第二行第14列
  19   2              LCD1602_prints("51");
  20   2          }
  21   1      }


MODULE INFORMATION:   STATIC OVERLAYABLE
   CODE SIZE        =     80    ----
   CONSTANT SIZE    =     33    ----
   XDATA SIZE       =   ----    ----
   PDATA SIZE       =   ----    ----
   DATA SIZE        =   ----    ----
   IDATA SIZE       =   ----    ----
   BIT SIZE         =   ----    ----
END OF MODULE INFORMATION.


C51 COMPILATION COMPLETE.  0 WARNING(S),  0 ERROR(S)
