C51 COMPILER V9.60.0.0   MAIN                                                              02/09/2022 11:01:55 PAGE 1   


C51 COMPILER V9.60.0.0, COMPILATION OF MODULE MAIN
OBJECT MODULE PLACED IN .\Objects\main.obj
COMPILER INVOKED BY: C:\Keil_v5\C51\BIN\C51.EXE main.c OPTIMIZE(8,SPEED) BROWSE DEBUG OBJECTEXTEND PRINT(.\Listings\main
                    -.lst) TABS(2) OBJECT(.\Objects\main.obj)

line level    source

   1          #include <STC15F2K60S2.H>
   2          
   3          sbit led=P1^0;
   4          unsigned char w=50;
   5          
   6          void Timer0Init(void)   //100微秒@12.000MHz
   7          {
   8   1        AUXR &= 0x7F;   //定时器时钟12T模式
   9   1        TMOD &= 0xF0;   //设置定时器模式
  10   1        TL0 = 0x9C;   //设置定时初值
  11   1        TH0 = 0xFF;   //设置定时初值
  12   1        TF0 = 0;    //清除TF0标志
  13   1        TR0 = 1;    //定时器0开始计时
  14   1        EA = 1;
  15   1        ET0 = 1;
  16   1      }
  17          void main()
  18          {
  19   1      
  20   1         Timer0Init();
  21   1         while(1)
  22   1         {
  23   2         }
  24   1      
  25   1      }
  26          
  27          void Timer0() interrupt 1
  28          {
  29   1          static unsigned int i,k;
  30   1        static bit flag=1;
  31   1        if(++i*5<w)led=0x01; 
  32   1        else led=0x00;
  33   1        if(i==10){i=0;}
  34   1        //每隔120ms更新占空比，即120000us
  35   1        if(++k==1200)
  36   1        {
  37   2          k=0;
  38   2          if(w==95)flag=0;//占空比等于95就开始减小
  39   2          if(w==5)flag=1;//占空比等于5就开始增大
  40   2          if(flag)
  41   2          {
  42   3            w=w+5;
  43   3          }
  44   2          else w=w-5;
  45   2        }
  46   1          
  47   1      }


MODULE INFORMATION:   STATIC OVERLAYABLE
   CODE SIZE        =    159    ----
   CONSTANT SIZE    =   ----    ----
   XDATA SIZE       =   ----    ----
   PDATA SIZE       =   ----    ----
C51 COMPILER V9.60.0.0   MAIN                                                              02/09/2022 11:01:55 PAGE 2   

   DATA SIZE        =      5    ----
   IDATA SIZE       =   ----    ----
   BIT SIZE         =      1    ----
END OF MODULE INFORMATION.


C51 COMPILATION COMPLETE.  0 WARNING(S),  0 ERROR(S)
