C51 COMPILER V9.60.0.0   MAIN2                                                             02/09/2022 15:51:47 PAGE 1   


C51 COMPILER V9.60.0.0, COMPILATION OF MODULE MAIN2
OBJECT MODULE PLACED IN .\Objects\main2.obj
COMPILER INVOKED BY: C:\Keil_v5\C51\BIN\C51.EXE main2.c OPTIMIZE(8,SPEED) BROWSE DEBUG OBJECTEXTEND PRINT(.\Listings\mai
                    -n2.lst) TABS(2) OBJECT(.\Objects\main2.obj)

line level    source

   1          /*
   2          *******************************************************************************
   3          * 文件名：main.c
   4          * 描  述：呼吸灯
   5          * 备  注：T0用来产生PWM波，T1通过查表法改变占空比
   6          *         不再使用while(1) 里面的做法
   7          *******************************************************************************
   8          */
   9          
  10          #include <STC15F2K60S2.H>
  11          #define u8 unsigned char
  12          #define u16 unsigned int
  13          #define u32 unsigned long
  14          #define MAIN_Fosc   11059200uL  //定义主时钟
  15          sbit PWMOUT = P1^0;
  16          
  17          u32 PeriodCnt = 0;
  18          u8 HighRH = 0;
  19          u8 HighRL = 0;
  20          u8 LowRH = 0;
  21          u8 LowRL = 0;
  22          u8 T1RH = 0;
  23          u8 T1RL = 0;
  24          
  25          
  26          void ConfigPWM(u16 fr, u8 dc);
  27          void ConfigTimer1(u16 ms);
  28          
  29          void main()
  30          {
  31   1        EA = 1;
  32   1        P1M1 &= 0xFE; 
  33   1        P1M0 |= 0x01; //P1.0(推挽模式)
  34   1        ConfigPWM(2000, 50);
  35   1        ConfigTimer1(100);  
  36   1      
  37   1        while(1);
  38   1      }
  39          
  40          //========================================================================
  41          // 函数: void ConfigPWM(u16 fr, u8 dc)
  42          // 描述: pwm频率设置.
  43          // 参数: fr频率参数，当前占空比值
  44          // 返回: none.
  45          // 版本: 
  46          //========================================================================
  47          
  48          void ConfigPWM(u16 fr, u8 dc)
  49          {
  50   1        u16 high, low;
  51   1        
  52   1        PeriodCnt = (MAIN_Fosc/12)/fr;
  53   1        high = (PeriodCnt*dc)/100;//占空比初值
  54   1        low = PeriodCnt - high;
C51 COMPILER V9.60.0.0   MAIN2                                                             02/09/2022 15:51:47 PAGE 2   

  55   1        high = 65536 - high;
  56   1        low = 65536 - low;
  57   1        HighRH = (u8)(high>>8);
  58   1        HighRL = (u8)high;
  59   1        LowRH = (u8)(low>>8);
  60   1        LowRL = (u8)low;
  61   1      
  62   1        TMOD &= 0xF0;
  63   1        TMOD |= 0x01;
  64   1        TH0 = HighRH;
  65   1        TL0 = HighRL;
  66   1        ET0 = 1;
  67   1        TR0 = 1;
  68   1        PWMOUT = 1; 
  69   1      }
  70          //========================================================================
  71          // 函数: AdjustPWM(u8 dc)
  72          // 描述: pwm占空比设置.
  73          // 参数: dc当前占空比值
  74          // 返回: none.
  75          // 版本: 
  76          //========================================================================
  77          void AdjustPWM(u8 dc)
  78          {
  79   1        u16 high, low;
  80   1      
  81   1        high = (PeriodCnt*dc)/100;
  82   1        low = PeriodCnt - high;
  83   1        high = 65536 - high;
  84   1        low = 65536 - low;
  85   1        HighRH = (u8)(high>>8);
  86   1        HighRL = (u8)high;
  87   1        LowRH = (u8)(low>>8);
  88   1        LowRL = (u8)low;
  89   1      }
  90          
  91          void ConfigTimer1(u16 ms)
  92          {
  93   1        u32 tmp;
  94   1        
  95   1        tmp = MAIN_Fosc/12;
  96   1        tmp = (tmp*ms)/1000;
  97   1        tmp = 65536 - tmp;
  98   1        T1RH = (u8)(tmp >> 8);
  99   1        T1RL = (u8)tmp;
 100   1        TMOD &= 0x0F;
 101   1        TMOD |= 0x10;
 102   1        TH1 = T1RH;
 103   1        TL1 = T1RL;
 104   1        ET1 = 1;
 105   1        TR1 = 1;    
 106   1      }
 107          
 108          void InterruptTimer0() interrupt 1
 109          {
 110   1        if(PWMOUT == 1)
 111   1        {
 112   2          TH0 = LowRH;
 113   2          TL0 = LowRL;
 114   2          PWMOUT = 0;
 115   2        }
 116   1        else
C51 COMPILER V9.60.0.0   MAIN2                                                             02/09/2022 15:51:47 PAGE 3   

 117   1        {
 118   2          TH0 = HighRH;
 119   2          TL0 = HighRL;
 120   2          PWMOUT = 1;
 121   2        }
 122   1      }
 123          
 124          void InterruptTimer1() interrupt 3
 125          {
 126   1        static u8 dir = 0;
 127   1        static u8 index = 0;
 128   1        u8 xdata Table[] = {
 129   1          2, 3, 5, 11, 16, 25, 36, 44, 54, 66, 76, 87, 92, 96
 130   1        };
 131   1        
 132   1        AdjustPWM(Table[index]);//调节占空比
 133   1        
 134   1        if(dir == 0)
 135   1        {
 136   2          index++;
 137   2          if(index == 13)
 138   2            dir = 1;
 139   2        }
 140   1        if(dir == 1)
 141   1        {
 142   2          index--;
 143   2          if(index == 0)
 144   2            dir = 0;
 145   2        }
 146   1        
 147   1            
 148   1      }


MODULE INFORMATION:   STATIC OVERLAYABLE
   CODE SIZE        =    435    ----
   CONSTANT SIZE    =     14    ----
   XDATA SIZE       =   ----      14
   PDATA SIZE       =   ----    ----
   DATA SIZE        =     12       5
   IDATA SIZE       =   ----    ----
   BIT SIZE         =   ----    ----
END OF MODULE INFORMATION.


C51 COMPILATION COMPLETE.  0 WARNING(S),  0 ERROR(S)
