C51 COMPILER V9.59.0.0   ADTOUART                                                          09/24/2020 17:20:29 PAGE 1   


C51 COMPILER V9.59.0.0, COMPILATION OF MODULE ADTOUART
OBJECT MODULE PLACED IN .\list\ADtoUART.obj
COMPILER INVOKED BY: C:\Keil_v5\C51\BIN\C51.EXE ..\App\src\ADtoUART.c LARGE OMF2 OPTIMIZE(8,SPEED) BROWSE INCDIR(..\Driv
                    -er\inc;..\User;..\App\inc) DEBUG PRINT(.\list\ADtoUART.lst) TABS(2) OBJECT(.\list\ADtoUART.obj)

line level    source

   1          /*---------------------------------------------------------------------*/
   2          /* --- STC MCU Limited ------------------------------------------------*/
   3          /* --- STC 1T Series MCU Demo Programme -------------------------------*/
   4          /* --- Mobile: (86)13922805190 ----------------------------------------*/
   5          /* --- Fax: 86-0513-55012956,55012947,55012969 ------------------------*/
   6          /* --- Tel: 86-0513-55012928,55012929,55012966 ------------------------*/
   7          /* --- Web: www.STCMCU.com --------------------------------------------*/
   8          /* --- Web: www.STCMCUDATA.com  ---------------------------------------*/
   9          /* --- QQ:  800003751 -------------------------------------------------*/
  10          /* 如果要在程序中使用此代码,请在程序中注明使用了STC的资料及程序            */
  11          /*---------------------------------------------------------------------*/
  12          
  13          #include "ADtoUART.h"
  14          #include  "STC8G_H_ADC.h"
  15          #include  "STC8G_H_UART.h"
  16          
  17          /*************  功能说明  **************
  18          
  19          本例程基于STC8H8K64U为主控芯片的实验箱8进行编写测试，STC8G、STC8H系列芯片可通用参考.
  20          
  21          本程序演示多路ADC查询采样，通过串口2发送给上位机，波特率115200,N,8,1。
  22          
  23          下载时, 选择时钟 22.1184MHz (可以在配置文件"config.h"中修改).
  24          
  25          ******************************************/
  26          
  27          
  28          //========================================================================
  29          //                               本地常量声明 
  30          //========================================================================
  31          
  32          
  33          //========================================================================
  34          //                               本地变量声明
  35          //========================================================================
  36          
  37          u8 index = 0;
  38          
  39          //========================================================================
  40          //                               本地函数声明
  41          //========================================================================
  42          
  43          
  44          //========================================================================
  45          //                            外部函数和变量声明
  46          //========================================================================
  47          
  48          
  49          //========================================================================
  50          // 函数: ADtoUART
  51          // 描述: 用户应用程序.
  52          // 参数: None.
  53          // 返回: None.
  54          // 版本: V1.0, 2020-09-24
C51 COMPILER V9.59.0.0   ADTOUART                                                          09/24/2020 17:20:29 PAGE 2   

  55          //========================================================================
  56          void ADtoUART(void)
  57          {
  58   1        u16 j;
  59   1      
  60   1        j = Get_ADCResult(index); //参数0~15,查询方式做一次ADC, 返回值就是结果, == 4096 为错误
  61   1        TX2_write2buff('A');
  62   1        TX2_write2buff('D');
  63   1        TX2_write2buff(index+'0');
  64   1        TX2_write2buff('=');
  65   1        TX2_write2buff(j/1000 + '0');
  66   1        TX2_write2buff(j%1000/100 + '0');
  67   1        TX2_write2buff(j%100/10 + '0');
  68   1        TX2_write2buff(j%10 + '0');
  69   1        TX2_write2buff(' ');
  70   1        TX2_write2buff(' ');
  71   1      
  72   1        index++;
  73   1        if(index > 4)
  74   1        {
  75   2          index = 0;
  76   2          PrintString2("\r\n");
  77   2        }
  78   1      }
  79          
  80          
  81          


MODULE INFORMATION:   STATIC OVERLAYABLE
   CODE SIZE        =    193    ----
   CONSTANT SIZE    =      3    ----
   XDATA SIZE       =      1       2
   PDATA SIZE       =   ----    ----
   DATA SIZE        =   ----    ----
   IDATA SIZE       =   ----    ----
   BIT SIZE         =   ----    ----
   EDATA SIZE       =   ----    ----
   HDATA SIZE       =   ----    ----
   XDATA CONST SIZE =   ----    ----
   FAR CONST SIZE   =   ----    ----
END OF MODULE INFORMATION.


C51 COMPILATION COMPLETE.  0 WARNING(S),  0 ERROR(S)
