C51 COMPILER V9.59.0.0   APP_RTC                                                           10/19/2021 09:02:16 PAGE 1   


C51 COMPILER V9.59.0.0, COMPILATION OF MODULE APP_RTC
OBJECT MODULE PLACED IN .\list\APP_RTC.obj
COMPILER INVOKED BY: C:\Keil_v5\C51\BIN\C51.EXE ..\App\src\APP_RTC.c LARGE OMF2 OPTIMIZE(8,SPEED) BROWSE INCDIR(..\Drive
                    -r\inc;..\User;..\App\inc) DEBUG PRINT(.\list\APP_RTC.lst) TABS(2) OBJECT(.\list\APP_RTC.obj)

line level    source

   1          /*---------------------------------------------------------------------*/
   2          /* --- STC MCU Limited ------------------------------------------------*/
   3          /* --- STC 1T Series MCU Demo Programme -------------------------------*/
   4          /* --- Mobile: (86)13922805190 ----------------------------------------*/
   5          /* --- Fax: 86-0513-55012956,55012947,55012969 ------------------------*/
   6          /* --- Tel: 86-0513-55012928,55012929,55012966 ------------------------*/
   7          /* --- Web: www.STCMCU.com --------------------------------------------*/
   8          /* --- Web: www.STCMCUDATA.com  ---------------------------------------*/
   9          /* --- QQ:  800003751 -------------------------------------------------*/
  10          /* 如果要在程序中使用此代码,请在程序中注明使用了STC的资料及程序            */
  11          /*---------------------------------------------------------------------*/
  12          
  13          #include  "APP.h"
  14          #include  "STC8G_H_GPIO.h"
  15          #include  "STC8G_H_I2C.h"
  16          #include  "STC8G_H_NVIC.h"
  17          #include  "STC8G_H_Switch.h"
  18          
  19          /*************  功能说明  **************
  20          
  21          本例程基于STC8H8K64U为主控芯片的实验箱8进行编写测试，STC8G、STC8H系列芯片可通用参考.
  22          
  23          读写RTC, IC为PCF8563.
  24          
  25          用STC的MCU的IO方式驱动8位数码管。
  26          
  27          使用Timer0的16位自动重装来产生1ms节拍,程序运行于这个节拍下, 用户修改MCU主时钟频率时,自动定时于1ms.
  28          
  29          8位数码管显示时间(小时-分钟-秒).
  30          
  31          行列扫描按键键码为17~32.
  32          
  33          按键只支持单键按下, 不支持多键同时按下, 那样将会有不可预知的结果.
  34          
  35          键按下超过1秒后,将以10键/秒的速度提供重键输出. 用户只需要检测KeyCode是否非0来判断键是否按下.
  36          
  37          调整时间键:
  38          键码17: 小时+.
  39          键码18: 小时-.
  40          键码19: 分钟+.
  41          键码20: 分钟-.
  42          
  43          下载时, 选择时钟 24MHz (可以在配置文件"config.h"中修改).
  44          
  45          ******************************************/
  46          
  47          //========================================================================
  48          //                               本地常量声明 
  49          //========================================================================
  50          
  51          
  52          //========================================================================
  53          //                               本地变量声明
  54          //========================================================================
C51 COMPILER V9.59.0.0   APP_RTC                                                           10/19/2021 09:02:16 PAGE 2   

  55          
  56          
  57          //========================================================================
  58          //                               本地函数声明
  59          //========================================================================
  60          
  61          void IO_KeyScan(void);   //50ms call
  62          void DisplayRTC(void);
  63          void ReadRTC(void);
  64          void WriteRTC(void);
  65          
  66          //========================================================================
  67          //                            外部函数和变量声明
  68          //========================================================================
  69          
  70          
  71          //========================================================================
  72          // 函数: RTC_init
  73          // 描述: 用户初始化程序.
  74          // 参数: None.
  75          // 返回: None.
  76          // 版本: V1.0, 2020-09-25
  77          //========================================================================
  78          void RTC_init(void)
  79          {
  80   1        u8  i;
  81   1      
  82   1        I2C_InitTypeDef   I2C_InitStructure;
  83   1        I2C_InitStructure.I2C_Mode      = I2C_Mode_Master;  //主从选择   I2C_Mode_Master, I2C_Mode_Slave
  84   1        I2C_InitStructure.I2C_Enable    = ENABLE;           //I2C功能使能,   ENABLE, DISABLE
  85   1        I2C_InitStructure.I2C_MS_WDTA   = DISABLE;          //主机使能自动发送,  ENABLE, DISABLE
  86   1        I2C_InitStructure.I2C_Speed     = 16;               //总线速度=Fosc/2/(Speed*2+4),      0~63
  87   1        I2C_Init(&I2C_InitStructure);
  88   1        NVIC_I2C_Init(I2C_Mode_Master,DISABLE,Priority_0);    //主从模式, I2C_Mode_Master, I2C_Mode_Slave; 中断使能
             -, ENABLE/DISABLE; 优先级(低到高) Priority_0,Priority_1,Priority_2,Priority_3
  89   1        
  90   1        P0_MODE_IO_PU(GPIO_Pin_All);    //P0 设置为准双向口
  91   1        P1_MODE_IO_PU(GPIO_Pin_4 | GPIO_Pin_5);   //P1.4,P1.5 设置为准双向口
  92   1        P6_MODE_IO_PU(GPIO_Pin_All);    //P6 设置为准双向口
  93   1        P7_MODE_IO_PU(GPIO_Pin_All);    //P7 设置为准双向口
  94   1        I2C_SW(I2C_P14_P15);          //I2C_P14_P15,I2C_P24_P25,I2C_P33_P32
  95   1        display_index = 0;
  96   1        
  97   1        for(i=0; i<8; i++)  LED8[i] = 0x10; //上电消隐
  98   1          
  99   1        ReadRTC();
 100   1        F0 = 0;
 101   1        if(second >= 60)    F0 = 1; //错误
 102   1        if(minute >= 60)    F0 = 1; //错误
 103   1        if(hour   >= 24)    F0 = 1; //错误
 104   1        if(F0)  //有错误, 默认12:00:00
 105   1        {
 106   2          second = 0;
 107   2          minute = 0;
 108   2          hour  = 12;
 109   2          WriteRTC();
 110   2        }
 111   1      
 112   1        DisplayRTC();
 113   1        LED8[2] = DIS_;
 114   1        LED8[5] = DIS_;
 115   1      
C51 COMPILER V9.59.0.0   APP_RTC                                                           10/19/2021 09:02:16 PAGE 3   

 116   1        KeyHoldCnt = 0; //键按下计时
 117   1        KeyCode = 0;    //给用户使用的键码
 118   1      
 119   1        IO_KeyState = 0;
 120   1        IO_KeyState1 = 0;
 121   1        IO_KeyHoldCnt = 0;
 122   1        cnt50ms = 0;
 123   1      }
 124          
 125          //========================================================================
 126          // 函数: Sample_RTC
 127          // 描述: 用户应用程序.
 128          // 参数: None.
 129          // 返回: None.
 130          // 版本: V1.0, 2020-09-25
 131          //========================================================================
 132          void Sample_RTC(void)
 133          {
 134   1        DisplayScan();
 135   1        
 136   1        if(++msecond >= 1000)   //1秒到
 137   1        {
 138   2          msecond = 0;
 139   2          ReadRTC();
 140   2          DisplayRTC();
 141   2        }
 142   1      
 143   1        if(++cnt50ms >= 50)     //50ms扫描一次行列键盘
 144   1        {
 145   2          cnt50ms = 0;
 146   2          IO_KeyScan();
 147   2        }
 148   1        
 149   1        if(KeyCode != 0)        //有键按下
 150   1        {
 151   2          if(KeyCode == 17)   //hour +1
 152   2          {
 153   3            if(++hour >= 24)    hour = 0;
 154   3            WriteRTC();
 155   3            DisplayRTC();
 156   3          }
 157   2          if(KeyCode == 18)   //hour -1
 158   2          {
 159   3            if(--hour >= 24)    hour = 23;
 160   3            WriteRTC();
 161   3            DisplayRTC();
 162   3          }
 163   2          if(KeyCode == 19)   //minute +1
 164   2          {
 165   3            second = 0;
 166   3            if(++minute >= 60)  minute = 0;
 167   3            WriteRTC();
 168   3            DisplayRTC();
 169   3          }
 170   2          if(KeyCode == 20)   //minute -1
 171   2          {
 172   3            second = 0;
 173   3            if(--minute >= 60)  minute = 59;
 174   3            WriteRTC();
 175   3            DisplayRTC();
 176   3          }
 177   2      
C51 COMPILER V9.59.0.0   APP_RTC                                                           10/19/2021 09:02:16 PAGE 4   

 178   2          KeyCode = 0;
 179   2        }
 180   1      }
 181          
 182          //========================================================================
 183          // 函数: DisplayRTC
 184          // 描述: 显示时钟函数.
 185          // 参数: None.
 186          // 返回: None.
 187          // 版本: V1.0, 2020-09-25
 188          //========================================================================
 189          void DisplayRTC(void)
 190          {
 191   1          if(hour >= 10)  LED8[0] = hour / 10;
 192   1          else            LED8[0] = DIS_BLACK;
 193   1          LED8[1] = hour % 10;
 194   1          LED8[2] = DIS_;
 195   1          LED8[3] = minute / 10;
 196   1          LED8[4] = minute % 10;
 197   1          LED8[6] = second / 10;
 198   1          LED8[7] = second % 10;
 199   1      }
 200          
 201          //========================================================================
 202          // 函数: ReadRTC
 203          // 描述: 读RTC函数.
 204          // 参数: None.
 205          // 返回: None.
 206          // 版本: V1.0, 2020-09-25
 207          //========================================================================
 208          void ReadRTC(void)
 209          {
 210   1          u8  tmp[3];
 211   1      
 212   1          I2C_ReadNbyte(2, tmp, 3);
 213   1          second = ((tmp[0] >> 4) & 0x07) * 10 + (tmp[0] & 0x0f);
 214   1          minute = ((tmp[1] >> 4) & 0x07) * 10 + (tmp[1] & 0x0f);
 215   1          hour   = ((tmp[2] >> 4) & 0x03) * 10 + (tmp[2] & 0x0f);
 216   1      }
 217          
 218          //========================================================================
 219          // 函数: WriteRTC
 220          // 描述: 写RTC函数.
 221          // 参数: None.
 222          // 返回: None.
 223          // 版本: V1.0, 2020-09-25
 224          //========================================================================
 225          void WriteRTC(void)
 226          {
 227   1          u8  tmp[3];
 228   1      
 229   1          tmp[0] = ((second / 10) << 4) + (second % 10);
 230   1          tmp[1] = ((minute / 10) << 4) + (minute % 10);
 231   1          tmp[2] = ((hour / 10) << 4) + (hour % 10);
 232   1          I2C_WriteNbyte(2, tmp, 3);
 233   1      }
 234          
 235          
 236          /*****************************************************
 237              行列键扫描程序
 238              使用XY查找4x4键的方法，只能单键，速度快
 239          
C51 COMPILER V9.59.0.0   APP_RTC                                                           10/19/2021 09:02:16 PAGE 5   

 240             Y     P04      P05      P06      P07
 241                    |        |        |        |
 242          X         |        |        |        |
 243          P00 ---- K00 ---- K01 ---- K02 ---- K03 ----
 244                    |        |        |        |
 245          P01 ---- K04 ---- K05 ---- K06 ---- K07 ----
 246                    |        |        |        |
 247          P02 ---- K08 ---- K09 ---- K10 ---- K11 ----
 248                    |        |        |        |
 249          P03 ---- K12 ---- K13 ---- K14 ---- K15 ----
 250                    |        |        |        |
 251          ******************************************************/
 252          
 253          
 254          //========================================================================
 255          // 函数: IO_KeyDelay
 256          // 描述: 按键扫描延迟程序.
 257          // 参数: None.
 258          // 返回: None.
 259          // 版本: V1.0, 2020-09-25
 260          //========================================================================
 261          void IO_KeyDelay(void)
 262          {
 263   1          u8 i;
 264   1          i = 60;
 265   1          while(--i)  ;
 266   1      }
 267          
 268          //========================================================================
 269          // 函数: IO_KeyScan
 270          // 描述: 按键扫描程序.
 271          // 参数: None.
 272          // 返回: None.
 273          // 版本: V1.0, 2020-09-25
 274          //========================================================================
 275          void IO_KeyScan(void)    //50ms call
 276          {
 277   1          u8  j;
 278   1      
 279   1          j = IO_KeyState1;   //保存上一次状态
 280   1      
 281   1          P0 = 0xf0;  //X低，读Y
 282   1          IO_KeyDelay();
 283   1          IO_KeyState1 = P0 & 0xf0;
 284   1      
 285   1          P0 = 0x0f;  //Y低，读X
 286   1          IO_KeyDelay();
 287   1          IO_KeyState1 |= (P0 & 0x0f);
 288   1          IO_KeyState1 ^= 0xff;   //取反
 289   1          
 290   1          if(j == IO_KeyState1)   //连续两次读相等
 291   1          {
 292   2              j = IO_KeyState;
 293   2              IO_KeyState = IO_KeyState1;
 294   2              if(IO_KeyState != 0)    //有键按下
 295   2              {
 296   3                  F0 = 0;
 297   3                  if(j == 0)  F0 = 1; //第一次按下
 298   3                  else if(j == IO_KeyState)
 299   3                  {
 300   4                      if(++IO_KeyHoldCnt >= 20)   //1秒后重键
 301   4                      {
C51 COMPILER V9.59.0.0   APP_RTC                                                           10/19/2021 09:02:16 PAGE 6   

 302   5                          IO_KeyHoldCnt = 18;
 303   5                          F0 = 1;
 304   5                      }
 305   4                  }
 306   3                  if(F0)
 307   3                  {
 308   4                      j = T_KeyTable[IO_KeyState >> 4];
 309   4                      if((j != 0) && (T_KeyTable[IO_KeyState& 0x0f] != 0)) 
 310   4                          KeyCode = (j - 1) * 4 + T_KeyTable[IO_KeyState & 0x0f] + 16;    //计算键码，17~32
 311   4                  }
 312   3              }
 313   2              else    IO_KeyHoldCnt = 0;
 314   2          }
 315   1          P0 = 0xff;
 316   1      }


MODULE INFORMATION:   STATIC OVERLAYABLE
   CODE SIZE        =    822    ----
   CONSTANT SIZE    =   ----    ----
   XDATA SIZE       =   ----      12
   PDATA SIZE       =   ----    ----
   DATA SIZE        =   ----    ----
   IDATA SIZE       =   ----    ----
   BIT SIZE         =   ----    ----
   EDATA SIZE       =   ----    ----
   HDATA SIZE       =   ----    ----
   XDATA CONST SIZE =   ----    ----
   FAR CONST SIZE   =   ----    ----
END OF MODULE INFORMATION.


C51 COMPILATION COMPLETE.  0 WARNING(S),  0 ERROR(S)
