C51 COMPILER V9.59.0.0   APP_WDT                                                           10/19/2021 09:01:31 PAGE 1   


C51 COMPILER V9.59.0.0, COMPILATION OF MODULE APP_WDT
OBJECT MODULE PLACED IN .\list\APP_WDT.obj
COMPILER INVOKED BY: C:\Keil_v5\C51\BIN\C51.EXE ..\App\src\APP_WDT.c LARGE OMF2 OPTIMIZE(8,SPEED) BROWSE INCDIR(..\Drive
                    -r\inc;..\User;..\App\inc) DEBUG PRINT(.\list\APP_WDT.lst) TABS(2) OBJECT(.\list\APP_WDT.obj)

line level    source

   1          /*---------------------------------------------------------------------*/
   2          /* --- STC MCU Limited ------------------------------------------------*/
   3          /* --- STC 1T Series MCU Demo Programme -------------------------------*/
   4          /* --- Mobile: (86)13922805190 ----------------------------------------*/
   5          /* --- Fax: 86-0513-55012956,55012947,55012969 ------------------------*/
   6          /* --- Tel: 86-0513-55012928,55012929,55012966 ------------------------*/
   7          /* --- Web: www.STCMCU.com --------------------------------------------*/
   8          /* --- Web: www.STCMCUDATA.com  ---------------------------------------*/
   9          /* --- QQ:  800003751 -------------------------------------------------*/
  10          /* 如果要在程序中使用此代码,请在程序中注明使用了STC的资料及程序            */
  11          /*---------------------------------------------------------------------*/
  12          
  13          #include  "APP.h"
  14          #include  "STC8G_H_WDT.h"
  15          
  16          /*************   功能说明   ***************
  17          
  18          本例程基于STC8H8K64U为主控芯片的实验箱8进行编写测试，STC8G、STC8H系列芯片可通用参考.
  19          
  20          5秒后不喂狗, 等待看门狗复位.
  21          
  22          下载时, 选择时钟 24MHz (用户可在"config.h"修改频率).
  23          
  24          ******************************************/
  25          
  26          //========================================================================
  27          //                               本地常量声明 
  28          //========================================================================
  29          
  30          
  31          //========================================================================
  32          //                               本地变量声明
  33          //========================================================================
  34          
  35          
  36          //========================================================================
  37          //                               本地函数声明
  38          //========================================================================
  39          
  40          
  41          //========================================================================
  42          //                            外部函数和变量声明
  43          //========================================================================
  44          
  45          
  46          //========================================================================
  47          // 函数: WDT_init
  48          // 描述: 用户初始化程序.
  49          // 参数: None.
  50          // 返回: None.
  51          // 版本: V1.0, 2020-09-28
  52          //========================================================================
  53          void WDT_init(void)
  54          {
C51 COMPILER V9.59.0.0   APP_WDT                                                           10/19/2021 09:01:31 PAGE 2   

  55   1        WDT_InitTypeDef WDT_InitStructure;          //结构定义
  56   1      
  57   1        WDT_InitStructure.WDT_Enable     = ENABLE;          //中断使能   ENABLE或DISABLE
  58   1        WDT_InitStructure.WDT_IDLE_Mode  = WDT_IDLE_STOP;   //IDLE模式是否停止计数    WDT_IDLE_STOP,WDT_IDLE_RUN
  59   1        WDT_InitStructure.WDT_PS         = WDT_SCALE_256;   //看门狗定时器时钟分频系数    WDT_SCALE_2,WDT_SCALE_4,WD
             -T_SCALE_8,WDT_SCALE_16,WDT_SCALE_32,WDT_SCALE_64,WDT_SCALE_128,WDT_SCALE_256
  60   1        WDT_Inilize(&WDT_InitStructure);          //初始化
  61   1        
  62   1        msecond = 0;
  63   1        second = 0;
  64   1      }
  65          
  66          //========================================================================
  67          // 函数: Sample_WDT
  68          // 描述: 用户应用程序.
  69          // 参数: None.
  70          // 返回: None.
  71          // 版本: V1.0, 2020-09-28
  72          //========================================================================
  73          void Sample_WDT(void)
  74          {
  75   1        if(second <= 5)   //5秒后不喂狗, 将复位,
  76   1          WDT_Clear();    // 喂狗
  77   1      
  78   1        if(++msecond >= 10)
  79   1        {
  80   2          msecond = 0;
  81   2          second++;
  82   2        }
  83   1      }
  84          


MODULE INFORMATION:   STATIC OVERLAYABLE
   CODE SIZE        =     85    ----
   CONSTANT SIZE    =   ----    ----
   XDATA SIZE       =   ----       3
   PDATA SIZE       =   ----    ----
   DATA SIZE        =   ----    ----
   IDATA SIZE       =   ----    ----
   BIT SIZE         =   ----    ----
   EDATA SIZE       =   ----    ----
   HDATA SIZE       =   ----    ----
   XDATA CONST SIZE =   ----    ----
   FAR CONST SIZE   =   ----    ----
END OF MODULE INFORMATION.


C51 COMPILATION COMPLETE.  0 WARNING(S),  0 ERROR(S)
