C51 COMPILER V9.59.0.0   LAMP                                                              09/24/2020 15:14:57 PAGE 1   


C51 COMPILER V9.59.0.0, COMPILATION OF MODULE LAMP
OBJECT MODULE PLACED IN .\list\Lamp.obj
COMPILER INVOKED BY: C:\Keil_v5\C51\BIN\C51.EXE ..\App\src\Lamp.c LARGE OMF2 OPTIMIZE(8,SPEED) BROWSE INCDIR(..\Driver\i
                    -nc;..\User;..\App\inc) DEBUG PRINT(.\list\Lamp.lst) TABS(2) OBJECT(.\list\Lamp.obj)

line level    source

   1          /*---------------------------------------------------------------------*/
   2          /* --- STC MCU Limited ------------------------------------------------*/
   3          /* --- STC 1T Series MCU Demo Programme -------------------------------*/
   4          /* --- Mobile: (86)13922805190 ----------------------------------------*/
   5          /* --- Fax: 86-0513-55012956,55012947,55012969 ------------------------*/
   6          /* --- Tel: 86-0513-55012928,55012929,55012966 ------------------------*/
   7          /* --- Web: www.STCMCU.com --------------------------------------------*/
   8          /* --- Web: www.STCMCUDATA.com  ---------------------------------------*/
   9          /* --- QQ:  800003751 -------------------------------------------------*/
  10          /* 如果要在程序中使用此代码,请在程序中注明使用了STC的资料及程序            */
  11          /*---------------------------------------------------------------------*/
  12          
  13          #include "Lamp.h"
  14          
  15          /***************  功能说明  ****************
  16          
  17          本例程基于STC8H8K64U为主控芯片的实验箱8进行编写测试，STC8G、STC8H系列芯片可通用参考.
  18          
  19          程序使用P6口来演示跑马灯，输出低驱动。
  20          
  21          下载时, 选择时钟 24MHz (可以在配置文件"config.h"中修改).
  22          
  23          ******************************************/
  24          
  25          
  26          //========================================================================
  27          //                               本地常量声明 
  28          //========================================================================
  29          
  30          u8 code ledNum[]={0x01,0x02,0x04,0x08,0x10,0x20,0x40,0x80};
  31          
  32          //========================================================================
  33          //                               本地变量声明
  34          //========================================================================
  35          
  36          u8 ledIndex;
  37          
  38          //========================================================================
  39          //                               本地函数声明
  40          //========================================================================
  41          
  42          
  43          //========================================================================
  44          //                            外部函数和变量声明
  45          //========================================================================
  46          
  47          
  48          
  49          //========================================================================
  50          // 函数: Lamp
  51          // 描述: 用户应用程序.
  52          // 参数: None.
  53          // 返回: None.
  54          // 版本: V1.0, 2020-09-23
C51 COMPILER V9.59.0.0   LAMP                                                              09/24/2020 15:14:57 PAGE 2   

  55          //========================================================================
  56          void Lamp(void)
  57          {
  58   1        P40 = 0;    //LED Power On
  59   1        P6 = ~ledNum[ledIndex]; //输出低驱动
  60   1        ledIndex++;
  61   1        if(ledIndex > 7)
  62   1        {
  63   2          ledIndex = 0;
  64   2        }
  65   1      }
  66          


MODULE INFORMATION:   STATIC OVERLAYABLE
   CODE SIZE        =     32    ----
   CONSTANT SIZE    =      8    ----
   XDATA SIZE       =      1    ----
   PDATA SIZE       =   ----    ----
   DATA SIZE        =   ----    ----
   IDATA SIZE       =   ----    ----
   BIT SIZE         =   ----    ----
   EDATA SIZE       =   ----    ----
   HDATA SIZE       =   ----    ----
   XDATA CONST SIZE =   ----    ----
   FAR CONST SIZE   =   ----    ----
END OF MODULE INFORMATION.


C51 COMPILATION COMPLETE.  0 WARNING(S),  0 ERROR(S)
