C51 COMPILER V9.59.0.0   TASK                                                              10/19/2021 09:03:15 PAGE 1   


C51 COMPILER V9.59.0.0, COMPILATION OF MODULE TASK
OBJECT MODULE PLACED IN .\list\Task.obj
COMPILER INVOKED BY: C:\Keil_v5\C51\BIN\C51.EXE ..\User\Task.c LARGE OMF2 OPTIMIZE(8,SPEED) BROWSE INCDIR(..\Driver\inc;
                    -..\User;..\App\inc) DEBUG PRINT(.\list\Task.lst) TABS(2) OBJECT(.\list\Task.obj)

line level    source

   1          /*---------------------------------------------------------------------*/
   2          /* --- STC MCU Limited ------------------------------------------------*/
   3          /* --- STC 1T Series MCU Demo Programme -------------------------------*/
   4          /* --- Mobile: (86)13922805190 ----------------------------------------*/
   5          /* --- Fax: 86-0513-55012956,55012947,55012969 ------------------------*/
   6          /* --- Tel: 86-0513-55012928,55012929,55012966 ------------------------*/
   7          /* --- Web: www.STCMCU.com --------------------------------------------*/
   8          /* --- Web: www.STCMCUDATA.com  ---------------------------------------*/
   9          /* --- QQ:  800003751 -------------------------------------------------*/
  10          /* 如果要在程序中使用此代码,请在程序中注明使用了STC的资料及程序            */
  11          /*---------------------------------------------------------------------*/
  12          
  13          #include  "Task.h"
  14          #include  "app.h"
  15          
  16          //========================================================================
  17          //                               本地变量声明
  18          //========================================================================
  19          
  20          static TASK_COMPONENTS Task_Comps[]=
  21          {
  22          //状态  计数  周期  函数
  23            {0, 250, 250, Sample_Lamp},       /* task 1 Period： 250ms */
  24            {0, 500, 500, Sample_ADtoUART},   /* task 2 Period： 500ms */
  25          //  {0, 20, 20, Sample_INTtoUART},    /* task 3 Period： 20ms */
  26          //  {0, 1, 1, Sample_RTC},            /* task 4 Period： 1ms */
  27          //  {0, 1, 1, Sample_I2C_PS},         /* task 5 Period： 1ms */
  28          //  {0, 1, 1, Sample_SPI_PS},         /* task 6 Period： 1ms */
  29          //  {0, 1, 1, Sample_EEPROM},         /* task 7 Period： 1ms */
  30          //  {0, 100, 100, Sample_WDT},        /* task 8 Period： 100ms */
  31          //  {0, 1, 1, Sample_PWMA_Output},    /* task 9 Period： 1ms */
  32          //  {0, 1, 1, Sample_PWMB_Output},    /* task 9 Period： 1ms */
  33          //  {0, 10, 10, Sample_PCA_PWM},      /* task 10 Period： 10ms */
  34          //  {0, 1, 1, Sample_PCA_Capture},    /* task 11 Period： 1ms */
  35          //  {0, 1, 1, Sample_PWM15bit},       /* task 12 Period： 1ms */
  36            /* Add new task here */
  37          };
  38          
  39          u8 Tasks_Max = sizeof(Task_Comps)/sizeof(Task_Comps[0]);
  40          
  41          //========================================================================
  42          // 函数: Task_Handler_Callback
  43          // 描述: 任务标记回调函数.
  44          // 参数: None.
  45          // 返回: None.
  46          // 版本: V1.0, 2012-10-22
  47          //========================================================================
  48          void Task_Marks_Handler_Callback(void)
  49          {
  50   1        u8 i;
  51   1        for(i=0; i<Tasks_Max; i++)
  52   1        {
  53   2          if(Task_Comps[i].TIMCount)    /* If the time is not 0 */
  54   2          {
C51 COMPILER V9.59.0.0   TASK                                                              10/19/2021 09:03:15 PAGE 2   

  55   3            Task_Comps[i].TIMCount--;  /* Time counter decrement */
  56   3            if(Task_Comps[i].TIMCount == 0)  /* If time arrives */
  57   3            {
  58   4              /*Resume the timer value and try again */
  59   4              Task_Comps[i].TIMCount = Task_Comps[i].TRITime;  
  60   4              Task_Comps[i].Run = 1;    /* The task can be run */
  61   4            }
  62   3          }
  63   2        }
  64   1      }
  65          
  66          //========================================================================
  67          // 函数: Task_Pro_Handler_Callback
  68          // 描述: 任务处理回调函数.
  69          // 参数: None.
  70          // 返回: None.
  71          // 版本: V1.0, 2012-10-22
  72          //========================================================================
  73          void Task_Pro_Handler_Callback(void)
  74          {
  75   1        u8 i;
  76   1        for(i=0; i<Tasks_Max; i++)
  77   1        {
  78   2          if(Task_Comps[i].Run) /* If task can be run */
  79   2          {
  80   3            Task_Comps[i].Run = 0;    /* Flag clear 0 */
  81   3            Task_Comps[i].TaskHook();  /* Run task */
  82   3          }
  83   2        }
  84   1      }
  85          
  86          


MODULE INFORMATION:   STATIC OVERLAYABLE
   CODE SIZE        =    223    ----
   CONSTANT SIZE    =   ----    ----
   XDATA SIZE       =     17       1
   PDATA SIZE       =   ----    ----
   DATA SIZE        =   ----    ----
   IDATA SIZE       =   ----    ----
   BIT SIZE         =   ----    ----
   EDATA SIZE       =   ----    ----
   HDATA SIZE       =   ----    ----
   XDATA CONST SIZE =   ----    ----
   FAR CONST SIZE   =   ----    ----
END OF MODULE INFORMATION.


C51 COMPILATION COMPLETE.  0 WARNING(S),  0 ERROR(S)
