C51 COMPILER V9.60.0.0   CHENGXU                                                           06/28/2022 11:09:09 PAGE 1   


C51 COMPILER V9.60.0.0, COMPILATION OF MODULE CHENGXU
OBJECT MODULE PLACED IN chengxu.OBJ
COMPILER INVOKED BY: C:\Keil_v5\C51\BIN\C51.EXE chengxu.c OPTIMIZE(8,SPEED) BROWSE DEBUG OBJECTEXTEND TABS(2)

line level    source

   1          /********************************************************************
   2           L297驱动步进电机
   3          *********************************************************************/
   4          
   5          #include<reg52.h> 
   6          #define uchar unsigned char
   7          #define uint unsigned int
   8          
   9          /********************************************************
  10                      控制位定义
  11          ********************************************************/
  12          
  13          sbit shi_neng=P2^0;  // 使能控制位
  14          sbit fang_shi=P2^1;  // 工作方式控制位，半步、全步方式 选择端。此引脚输入高电平时为半步方式(四相八拍)，
  15          //低电平时为全步方式。如选择全步方式时变换器在奇数状态，会得到单相工作方式(单四拍)。
  16          sbit fang_xiang=P2^2;// 旋转方向控制位
  17          sbit mai_chong=P2^3; // 脉冲控制位
  18          
  19          /********************************************************
  20                      延时函数
  21          ********************************************************/
  22          void delay(uint i)//延时函数
  23          {
  24   1        uchar j,k;
  25   1        for(j=0;j<i;j++)
  26   1        for(k=0;k<250;k++);
  27   1      }
  28          
  29          /********************************************************
  30                      延时函数
  31          ********************************************************/
  32          
  33          main()
  34          {
  35   1        shi_neng=1;  // 使能控制位
  36   1        fang_shi=0;  // 工作方式控制位,高电平时为半步方式(四相八拍)，低电平时为全步方式
  37   1        fang_xiang=1;// 旋转方向控制位
  38   1        mai_chong=1; // 脉冲控制位
  39   1        
  40   1        while(1)
  41   1        {
  42   2          mai_chong=~mai_chong; //输出时钟脉冲
  43   2          delay(15);        //延时  (括号内数值越小，电机转动速度越快)
  44   2        //  mai_chong=~mai_chong; //输出时钟脉冲
  45   2        }
  46   1      }


MODULE INFORMATION:   STATIC OVERLAYABLE
   CODE SIZE        =     47    ----
   CONSTANT SIZE    =   ----    ----
   XDATA SIZE       =   ----    ----
   PDATA SIZE       =   ----    ----
   DATA SIZE        =   ----    ----
   IDATA SIZE       =   ----    ----
C51 COMPILER V9.60.0.0   CHENGXU                                                           06/28/2022 11:09:09 PAGE 2   

   BIT SIZE         =   ----    ----
END OF MODULE INFORMATION.


C51 COMPILATION COMPLETE.  0 WARNING(S),  0 ERROR(S)
