Added Component: Designator=C1(RAD-0.2)
Added Component: Designator=C2(RAD-0.2)
Added Component: Designator=C3(RAD-0.2)
Added Component: Designator=C4(电容)
Added Component: Designator=C5(RAD-0.2)
Added Component: Designator=C6(RAD-0.2)
Added Component: Designator=C7(电容)
Added Component: Designator=C8(电容)
Added Component: Designator=C9(RAD-0.1)
Added Component: Designator=C10(RAD-0.1)
Added Component: Designator=DS1(RAD-0.1)
Added Component: Designator=DS2(RAD-0.1)
Added Component: Designator=J1(KLD-0202)
Added Component: Designator=LX1(RAD-0.3)
Added Component: Designator=P1(HDR1X20)
Added Component: Designator=P2(HDR1X9)
Added Component: Designator=P3(HDR1X6)
Added Component: Designator=P4(HDR1X2)
Added Component: Designator=Q1(BCY-W3/E4)
Added Component: Designator=Q2(BCY-W3/E4)
Added Component: Designator=R1(AXIAL-0.4)
Added Component: Designator=R2(AXIAL-0.4)
Added Component: Designator=R3(AXIAL-0.4)
Added Component: Designator=R4(AXIAL-0.4)
Added Component: Designator=R5(AXIAL-0.4)
Added Component: Designator=R6(AXIAL-0.4)
Added Component: Designator=R7(AXIAL-0.4)
Added Component: Designator=S1(DPDT-6)
Added Component: Designator=S2(点动按键)
Added Component: Designator=U1(DIP8)
Added Component: Designator=U2(DIP16)
Added Component: Designator=U3(AT89S52)
Added Component: Designator=XT1(圆晶振)
Added Pin To Net: NetName=ALE Pin=U3-30
Added Net: Name=ALE
Added Pin To Net: NetName=FL Pin=U1-3
Added Pin To Net: NetName=FL Pin=U2-12
Added Net: Name=FL
Added Pin To Net: NetName=GND Pin=C3-2
Added Pin To Net: NetName=GND Pin=C4-2
Added Pin To Net: NetName=GND Pin=C5-1
Added Pin To Net: NetName=GND Pin=C6-1
Added Pin To Net: NetName=GND Pin=C7-2
Added Pin To Net: NetName=GND Pin=C9-1
Added Pin To Net: NetName=GND Pin=C10-1
Added Pin To Net: NetName=GND Pin=DS1-2
Added Pin To Net: NetName=GND Pin=J1-2
Added Pin To Net: NetName=GND Pin=J1-2A
Added Pin To Net: NetName=GND Pin=J1-2B
Added Pin To Net: NetName=GND Pin=J1-3
Added Pin To Net: NetName=GND Pin=J1-3A
Added Pin To Net: NetName=GND Pin=J1-3B
Added Pin To Net: NetName=GND Pin=P1-1
Added Pin To Net: NetName=GND Pin=P3-6
Added Pin To Net: NetName=GND Pin=Q2-1
Added Pin To Net: NetName=GND Pin=R4-1
Added Pin To Net: NetName=GND Pin=R7-1
Added Pin To Net: NetName=GND Pin=U1-1
Added Pin To Net: NetName=GND Pin=U2-6
Added Pin To Net: NetName=GND Pin=U2-7
Added Pin To Net: NetName=GND Pin=U2-8
Added Pin To Net: NetName=GND Pin=U3-20
Added Net: Name=GND
Added Pin To Net: NetName=NetC1_1 Pin=C1-1
Added Pin To Net: NetName=NetC1_1 Pin=C2-2
Added Pin To Net: NetName=NetC1_1 Pin=C6-2
Added Pin To Net: NetName=NetC1_1 Pin=Q1-1
Added Pin To Net: NetName=NetC1_1 Pin=R4-2
Added Net: Name=NetC1_1
Added Pin To Net: NetName=NetC1_2 Pin=C1-2
Added Pin To Net: NetName=NetC1_2 Pin=R2-2
Added Net: Name=NetC1_2
Added Pin To Net: NetName=NetC2_1 Pin=C2-1
Added Pin To Net: NetName=NetC2_1 Pin=Q2-2
Added Pin To Net: NetName=NetC2_1 Pin=R3-2
Added Net: Name=NetC2_1
Added Pin To Net: NetName=NetC3_1 Pin=C3-1
Added Pin To Net: NetName=NetC3_1 Pin=U1-5
Added Net: Name=NetC3_1
Added Pin To Net: NetName=NetC4_1 Pin=C4-1
Added Pin To Net: NetName=NetC4_1 Pin=C5-2
Added Pin To Net: NetName=NetC4_1 Pin=Q1-2
Added Pin To Net: NetName=NetC4_1 Pin=R2-1
Added Net: Name=NetC4_1
Added Pin To Net: NetName=NetDS1_1 Pin=DS1-1
Added Pin To Net: NetName=NetDS1_1 Pin=R5-2
Added Net: Name=NetDS1_1
Added Pin To Net: NetName=NetDS2_1 Pin=DS2-1
Added Pin To Net: NetName=NetDS2_1 Pin=R6-1
Added Net: Name=NetDS2_1
Added Pin To Net: NetName=NetJ1_1 Pin=J1-1
Added Pin To Net: NetName=NetJ1_1 Pin=J1-1A
Added Pin To Net: NetName=NetJ1_1 Pin=J1-1B
Added Pin To Net: NetName=NetJ1_1 Pin=S1-5
Added Net: Name=NetJ1_1
Added Pin To Net: NetName=NetLX1_2 Pin=LX1-2
Added Pin To Net: NetName=NetLX1_2 Pin=Q1-3
Added Net: Name=NetLX1_2
Added Pin To Net: NetName=NetQ2_3 Pin=Q2-3
Added Pin To Net: NetName=NetQ2_3 Pin=R1-1
Added Pin To Net: NetName=NetQ2_3 Pin=R3-1
Added Pin To Net: NetName=NetQ2_3 Pin=U1-2
Added Pin To Net: NetName=NetQ2_3 Pin=U1-6
Added Net: Name=NetQ2_3
Added Pin To Net: NetName=P00 Pin=P1-4
Added Pin To Net: NetName=P00 Pin=P2-2
Added Pin To Net: NetName=P00 Pin=U3-39
Added Net: Name=P00
Added Pin To Net: NetName=P01 Pin=P1-5
Added Pin To Net: NetName=P01 Pin=P2-3
Added Pin To Net: NetName=P01 Pin=U3-38
Added Net: Name=P01
Added Pin To Net: NetName=P02 Pin=P1-6
Added Pin To Net: NetName=P02 Pin=P2-4
Added Pin To Net: NetName=P02 Pin=U3-37
Added Net: Name=P02
Added Pin To Net: NetName=P03 Pin=P2-5
Added Pin To Net: NetName=P03 Pin=U3-36
Added Net: Name=P03
Added Pin To Net: NetName=P04 Pin=P2-6
Added Pin To Net: NetName=P04 Pin=U3-35
Added Net: Name=P04
Added Pin To Net: NetName=P05 Pin=P2-7
Added Pin To Net: NetName=P05 Pin=U3-34
Added Net: Name=P05
Added Pin To Net: NetName=P06 Pin=P2-8
Added Pin To Net: NetName=P06 Pin=U3-33
Added Net: Name=P06
Added Pin To Net: NetName=P07 Pin=P2-9
Added Pin To Net: NetName=P07 Pin=U3-32
Added Net: Name=P07
Added Pin To Net: NetName=P10 Pin=DS2-2
Added Pin To Net: NetName=P10 Pin=U3-1
Added Net: Name=P10
Added Pin To Net: NetName=P11 Pin=U3-2
Added Net: Name=P11
Added Pin To Net: NetName=P12 Pin=U3-3
Added Net: Name=P12
Added Pin To Net: NetName=P13 Pin=U3-4
Added Net: Name=P13
Added Pin To Net: NetName=P14 Pin=U3-5
Added Net: Name=P14
Added Pin To Net: NetName=P15 Pin=P3-2
Added Pin To Net: NetName=P15 Pin=U3-6
Added Net: Name=P15
Added Pin To Net: NetName=P16 Pin=P3-3
Added Pin To Net: NetName=P16 Pin=U3-7
Added Net: Name=P16
Added Pin To Net: NetName=P17 Pin=P3-4
Added Pin To Net: NetName=P17 Pin=U3-8
Added Net: Name=P17
Added Pin To Net: NetName=P20 Pin=U2-10
Added Pin To Net: NetName=P20 Pin=U3-21
Added Net: Name=P20
Added Pin To Net: NetName=P21 Pin=U2-9
Added Pin To Net: NetName=P21 Pin=U3-22
Added Net: Name=P21
Added Pin To Net: NetName=P22 Pin=U3-23
Added Net: Name=P22
Added Pin To Net: NetName=P23 Pin=U3-24
Added Net: Name=P23
Added Pin To Net: NetName=P24 Pin=U3-25
Added Net: Name=P24
Added Pin To Net: NetName=P25 Pin=U3-26
Added Net: Name=P25
Added Pin To Net: NetName=P26 Pin=U3-27
Added Net: Name=P26
Added Pin To Net: NetName=P27 Pin=U3-28
Added Net: Name=P27
Added Pin To Net: NetName=P30 Pin=P4-2
Added Pin To Net: NetName=P30 Pin=U3-10
Added Net: Name=P30
Added Pin To Net: NetName=P31 Pin=P4-1
Added Pin To Net: NetName=P31 Pin=U3-11
Added Net: Name=P31
Added Pin To Net: NetName=P33 Pin=U3-13
Added Net: Name=P33
Added Pin To Net: NetName=P34 Pin=U3-14
Added Net: Name=P34
Added Pin To Net: NetName=P35 Pin=U2-13
Added Net: Name=P35
Added Pin To Net: NetName=PSEN Pin=U3-29
Added Net: Name=PSEN
Added Pin To Net: NetName=RST Pin=C8-2
Added Pin To Net: NetName=RST Pin=P3-5
Added Pin To Net: NetName=RST Pin=R7-2
Added Pin To Net: NetName=RST Pin=S2-2
Added Pin To Net: NetName=RST Pin=U3-9
Added Net: Name=RST
Added Pin To Net: NetName=VCC Pin=C7-1
Added Pin To Net: NetName=VCC Pin=C8-1
Added Pin To Net: NetName=VCC Pin=LX1-1
Added Pin To Net: NetName=VCC Pin=P1-2
Added Pin To Net: NetName=VCC Pin=P2-1
Added Pin To Net: NetName=VCC Pin=P3-1
Added Pin To Net: NetName=VCC Pin=R1-2
Added Pin To Net: NetName=VCC Pin=R5-1
Added Pin To Net: NetName=VCC Pin=R6-2
Added Pin To Net: NetName=VCC Pin=S1-6
Added Pin To Net: NetName=VCC Pin=S2-1
Added Pin To Net: NetName=VCC Pin=U1-4
Added Pin To Net: NetName=VCC Pin=U1-8
Added Pin To Net: NetName=VCC Pin=U2-16
Added Pin To Net: NetName=VCC Pin=U3-31
Added Pin To Net: NetName=VCC Pin=U3-40
Added Net: Name=VCC
Added Pin To Net: NetName=XT1 Pin=C10-2
Added Pin To Net: NetName=XT1 Pin=U3-19
Added Pin To Net: NetName=XT1 Pin=XT1-1
Added Net: Name=XT1
Added Pin To Net: NetName=XT2 Pin=C9-2
Added Pin To Net: NetName=XT2 Pin=U3-18
Added Pin To Net: NetName=XT2 Pin=XT1-2
Added Net: Name=XT2
Added Class: Name=L电感测试仪
Added Room: Name=L电感测试仪
