Change Component Designator: Old Designator=C0 New Designator=C7
Change Component Designator: Old Designator=C4 New Designator=C8
Change Component Designator: Old Designator=C5 New Designator=C1
Change Component Designator: Old Designator=C5 New Designator=C2
Change Component Designator: Old Designator=C5 New Designator=C3
Change Component Designator: Old Designator=C5 New Designator=C6
Change Component Designator: Old Designator=C5 New Designator=C9
Change Component Designator: Old Designator=C6 New Designator=C10
Change Component Designator: Old Designator=LX New Designator=LX1
Change Component Designator: Old Designator=P1 New Designator=P3
Change Component Designator: Old Designator=P2 New Designator=P1
Change Component Designator: Old Designator=P3 New Designator=P4
Change Component Designator: Old Designator=P10 New Designator=P2
Change Component Designator: Old Designator=R1 New Designator=R5
Change Component Designator: Old Designator=R2 New Designator=R1
Change Component Designator: Old Designator=R3 New Designator=R2
Change Component Designator: Old Designator=R4 New Designator=R3
Change Component Designator: Old Designator=R5 New Designator=R4
Change Component Designator: Old Designator=R7 New Designator=R6
Change Component Designator: Old Designator=R8 New Designator=R7
Change Component Designator: Old Designator=S00 New Designator=S1
Change Component Designator: Old Designator=S5 New Designator=S2
Change Component Designator: Old Designator=U4 New Designator=U3
