Removed Pin From Net: NetName=FL Pin=U3-15
Change Component Designator: OldDesignator=C1 NewDesignator=C3
Change Component Designator: OldDesignator=C2 NewDesignator=C4
Change Component Designator: OldDesignator=C3 NewDesignator=C6
Change Component Designator: OldDesignator=C4 NewDesignator=C7
Change Component Designator: OldDesignator=C5 NewDesignator=C8
Change Component Designator: OldDesignator=C6 NewDesignator=C10
Change Component Designator: OldDesignator=C7 NewDesignator=C11
Change Component Designator: OldDesignator=C8 NewDesignator=C12
Change Component Designator: OldDesignator=C9 NewDesignator=C13
Change Component Designator: OldDesignator=C10 NewDesignator=C14
Change Component Designator: OldDesignator=R2 NewDesignator=R5
Change Component Designator: OldDesignator=R3 NewDesignator=R6
Change Component Designator: OldDesignator=R4 NewDesignator=R9
Change Component Designator: OldDesignator=R5 NewDesignator=R10
Change Component Designator: OldDesignator=R6 NewDesignator=R11
Change Component Designator: OldDesignator=R7 NewDesignator=R12
Change Component Designator: OldDesignator=S2 NewDesignator=S4
Change Component Designator: OldDesignator=U1 NewDesignator=U3
Change Component Designator: OldDesignator=U3 NewDesignator=U4
Added Component: Designator=C1(RAD-0.2)
Added Component: Designator=C2(RAD-0.2)
Added Component: Designator=C5(RAD-0.2)
Added Component: Designator=C9(RAD-0.2)
Added Component: Designator=R2(AXIAL-0.4)
Added Component: Designator=R3(AXIAL-0.4)
Added Component: Designator=R4(AXIAL-0.4)
Added Component: Designator=R7(AXIAL-0.4)
Added Component: Designator=R8(AXIAL-0.4)
Added Component: Designator=S1(µ„∂Ø∞¥º¸)
Added Component: Designator=S2(µ„∂Ø∞¥º¸)
Added Component: Designator=S3(µ„∂Ø∞¥º¸)
Added Component: Designator=U1(DIP8)
Added Component: Designator=U2(DIP8)
Added Component: Designator=U5(DIP16)
Added Pin To Net: NetName=GND Pin=C1-2
Added Pin To Net: NetName=GND Pin=C2-2
Added Pin To Net: NetName=GND Pin=C5-1
Added Pin To Net: NetName=GND Pin=C9-1
Added Pin To Net: NetName=VCC Pin=R2-2
Added Pin To Net: NetName=VCC Pin=R3-2
Added Pin To Net: NetName=GND Pin=S1-1
Added Pin To Net: NetName=P13 Pin=S1-2
Added Pin To Net: NetName=GND Pin=S2-1
Added Pin To Net: NetName=P14 Pin=S2-2
Added Pin To Net: NetName=GND Pin=S3-1
Added Pin To Net: NetName=P15 Pin=S3-2
Added Pin To Net: NetName=GND Pin=U1-1
Added Pin To Net: NetName=VCC Pin=U1-4
Added Pin To Net: NetName=VCC Pin=U1-8
Added Pin To Net: NetName=GND Pin=U2-1
Added Pin To Net: NetName=VCC Pin=U2-4
Added Pin To Net: NetName=VCC Pin=U2-8
Added Pin To Net: NetName=GND Pin=U5-6
Added Pin To Net: NetName=GND Pin=U5-7
Added Pin To Net: NetName=GND Pin=U5-8
Added Pin To Net: NetName=P20 Pin=U5-9
Added Pin To Net: NetName=P21 Pin=U5-10
Added Pin To Net: NetName=FL Pin=U5-12
Added Pin To Net: NetName=VCC Pin=U5-16
Change Net Name : Old Net Name=NetC1_1 New Net Name=NetC3_1
Change Net Name : Old Net Name=NetC1_2 New Net Name=NetC3_2
Change Net Name : Old Net Name=NetC2_1 New Net Name=NetC4_1
Change Net Name : Old Net Name=NetC3_1 New Net Name=NetC6_1
Change Net Name : Old Net Name=NetC4_1 New Net Name=NetC7_1
Added Pin To Net: NetName=FC Pin=U1-3
Added Pin To Net: NetName=FC Pin=U5-15
Added Net: Name=FC
Added Pin To Net: NetName=FR Pin=U2-3
Added Pin To Net: NetName=FR Pin=U5-14
Added Net: Name=FR
Added Pin To Net: NetName=NetC1_1 Pin=C1-1
Added Pin To Net: NetName=NetC1_1 Pin=U1-5
Added Net: Name=NetC1_1
Added Pin To Net: NetName=NetC2_1 Pin=C2-1
Added Pin To Net: NetName=NetC2_1 Pin=U2-5
Added Net: Name=NetC2_1
Added Pin To Net: NetName=NetC5_2 Pin=C5-2
Added Pin To Net: NetName=NetC5_2 Pin=R4-1
Added Pin To Net: NetName=NetC5_2 Pin=U1-2
Added Pin To Net: NetName=NetC5_2 Pin=U1-6
Added Net: Name=NetC5_2
Added Pin To Net: NetName=NetC9_2 Pin=C9-2
Added Pin To Net: NetName=NetC9_2 Pin=R8-2
Added Pin To Net: NetName=NetC9_2 Pin=U2-2
Added Pin To Net: NetName=NetC9_2 Pin=U2-6
Added Net: Name=NetC9_2
Added Pin To Net: NetName=NetR2_1 Pin=R2-1
Added Pin To Net: NetName=NetR2_1 Pin=R4-2
Added Pin To Net: NetName=NetR2_1 Pin=U1-7
Added Net: Name=NetR2_1
Added Pin To Net: NetName=NetR3_1 Pin=R3-1
Added Pin To Net: NetName=NetR3_1 Pin=R7-2
Added Pin To Net: NetName=NetR3_1 Pin=U2-7
Added Net: Name=NetR3_1
Added Pin To Net: NetName=NetR7_1 Pin=R7-1
Added Pin To Net: NetName=NetR7_1 Pin=R8-1
Added Net: Name=NetR7_1
Added Pin To Net: NetName=P35 Pin=U5-13
Added Net: Name=P35
Change Class Name : Old Net Name=LµÁ∏–≤‚ ‘“« New Net Name=RLC≤‚ ‘“«
Added Member To Class: ClassName=RLC≤‚ ‘“« Member=Component C11 Cap Pol1
Added Member To Class: ClassName=RLC≤‚ ‘“« Member=Component C12 Cap Pol1
Added Member To Class: ClassName=RLC≤‚ ‘“« Member=Component C13 Cap
Added Member To Class: ClassName=RLC≤‚ ‘“« Member=Component C14 Cap
Added Member To Class: ClassName=RLC≤‚ ‘“« Member=Component R8 Res2
Added Member To Class: ClassName=RLC≤‚ ‘“« Member=Component R9 Res2
Added Member To Class: ClassName=RLC≤‚ ‘“« Member=Component R10 Res2
Added Member To Class: ClassName=RLC≤‚ ‘“« Member=Component R11 Res2
Added Member To Class: ClassName=RLC≤‚ ‘“« Member=Component R12 Res2
Added Member To Class: ClassName=RLC≤‚ ‘“« Member=Component S1 SW-PB
Added Member To Class: ClassName=RLC≤‚ ‘“« Member=Component S3 SW-PB
Added Member To Class: ClassName=RLC≤‚ ‘“« Member=Component S4 SW-PB
Added Member To Class: ClassName=RLC≤‚ ‘“« Member=Component U2 NE555N
Added Member To Class: ClassName=RLC≤‚ ‘“« Member=Component U4 STC89C52
Added Member To Class: ClassName=RLC≤‚ ‘“« Member=Component U5 M74HC4052B1R
Added Room: Name=RLC≤‚ ‘“«
