C51 COMPILER V9.60.0.0   USART                                                             02/04/2022 13:40:52 PAGE 1   


C51 COMPILER V9.60.0.0, COMPILATION OF MODULE USART
OBJECT MODULE PLACED IN .\Objects\USART.obj
COMPILER INVOKED BY: C:\Keil_v5\C51\BIN\C51.EXE USART.c OPTIMIZE(8,SPEED) BROWSE INCDIR(..\STC15USART _PWM) DEBUG OBJECT
                    -EXTEND PRINT(.\Listings\USART.lst) TABS(2) OBJECT(.\Objects\USART.obj)

line level    source

   1          /*----------------------------------------------------------   
   2           * 项目名称:
   3          
   4               串口通信驱动程序
   5          
   6           * 功能描述:
   7          
   8               1、串口初始化  
   9             2、查询法接收一个字节 
  10             3、串口发送一个字节
  11             4、串口发送一个字符串 
  12             5、串口中断方式接收一个字符
  13          
  14           
  15          
  16           * 配置说明:
  17               MCU:             STC15W408AS
  18               开发板:          STC15W408AS开发板
  19               晶振:          内部时钟：11.0592MHz
  20               扩展模块:      -
  21               软件:            Keil.C51.V9.01
  22          
  23           * 备注:
  24               - 将开发板的串口与电脑串口连接
  25           * 注意：STC15W408AS只有定时器0和定时器2，没有定时器1，所以只能使用定时器2作为波特率发生器
  26          ----------------------------------------------------------*/   
  27          
  28          #include "USART.h"
  29          
  30          //#define   BaudRate1   9600L
  31          //#define Timer1_Reload (65536UL -(MAIN_Fosc / 4 / BaudRate1))    //Timer 1 重装值， 对应300KHZ
  32          unsigned char *pchar;       //定义一个全局指针
  33          bit busy;
  34          //----------------------------------------------------------   
  35          //  函数名称：void IniSerialPort(void)   
  36          //  函数功能：串口初始化   
  37          //----------------------------------------------------------   
  38          void InitSerialPort(void)
  39          { 
  40   1          SCON = 0x50;      //8位数据，可变波特率
  41   1          AUXR |= 0x01;     
  42   1          AUXR |= 0x04;     //定时器时钟为Fosc，1T模式
  43   1          T2L = 0x5F;   //设置定时2初始值9600bps@外部晶振16MHz
  44   1          T2H = 0xFE;   //设置定时初始值
  45   1          AUXR |= 0x10;     //启动定时器  
  46   1      
  47   1      //  T2L= (65536 - (FOSC/4/BAUD)); //设置波特率重装值
  48   1      //  T2H = (65536 - (FOSC/4/BAUD))>>8;
  49   1        ES = 1; //使能串口中断
  50   1        ET0 = 0;    //禁止定时器1中断
  51   1        
  52   1            REN=1;            //串口为工作方式1，允许接收数据
  53   1            SM0=0;          //SM0 SM1串口工作方式选择，01：8位异步收发，波特率由定时器决定
  54   1            SM1=1;
C51 COMPILER V9.60.0.0   USART                                                             02/04/2022 13:40:52 PAGE 2   

  55   1      }
  56          //----------------------------------------------------------   
  57          //  函数名称：unsigned char ReceiveByte(void)
  58          //  函数功能：查询法接收一个字节   
  59          //----------------------------------------------------------   
  60          unsigned char ReceiveByte(void)
  61          {
  62   1           unsigned char rbyte;
  63   1           while(!RI);          //查询接收标志位，是否有数据到达缓冲区
  64   1           RI=0;              //清零接收标志位
  65   1           rbyte=SBUF;          //从缓冲区读取数据
  66   1           return rbyte;
  67   1      }
  68          //----------------------------------------------------------   
  69          //  函数名称：putchar(unsigned char c)
  70          //  函数功能：串口发送一个字节
  71          //----------------------------------------------------------   
  72          
  73           char putchar(unsigned char c)
  74          {
  75   1             SBUF = c;          //发送数据
  76   1           while(!TI);          //等待发送完成
  77   1           TI=0;              //清零发送标志位;
  78   1        return c;
  79   1      }
  80          //----------------------------------------------------------   
  81          //  函数名称：void SendString(unsigned char *pstr)
  82          //  函数功能：串口发送一个字符串
  83          //----------------------------------------------------------   
  84          //void SendString(unsigned char *pstr)
  85          //{
  86          //     while(*pstr!='\0')       //字符串是否发完
  87          //     {
  88          //         SendByte(*pstr);     //发送字符串数据
  89          //         pstr++;          //指向下一个字符
  90          //     } 
  91          //}
  92          //----------------------------------------------------------   
  93          //  函数名称：void SerialPortInte(void)
  94          //  函数功能：串口中断方式接收一个字符
  95          //----------------------------------------------------------   
  96          void SerialPortInte(void) interrupt 4 using 1
  97          { 
  98   1        if(RI)
  99   1        {
 100   2           RI=0;                //清零接收标志位
 101   2           *pchar=SBUF;         //读取缓冲区的数据
 102   2        }
 103   1        if(TI)
 104   1        {
 105   2          TI=0;//清除TI位
 106   2          busy = 0;//清忙标志
 107   2      
 108   2        }
 109   1      }
 110          /**********************************THE END**********************************/ 
 111          
 112           
 113          


MODULE INFORMATION:   STATIC OVERLAYABLE
C51 COMPILER V9.60.0.0   USART                                                             02/04/2022 13:40:52 PAGE 3   

   CODE SIZE        =     88    ----
   CONSTANT SIZE    =   ----    ----
   XDATA SIZE       =   ----    ----
   PDATA SIZE       =   ----    ----
   DATA SIZE        =      3    ----
   IDATA SIZE       =   ----    ----
   BIT SIZE         =      1    ----
END OF MODULE INFORMATION.


C51 COMPILATION COMPLETE.  0 WARNING(S),  0 ERROR(S)
