C51 COMPILER V9.60.0.0   MAIN                                                              12/25/2021 17:32:06 PAGE 1   


C51 COMPILER V9.60.0.0, COMPILATION OF MODULE MAIN
OBJECT MODULE PLACED IN main.OBJ
COMPILER INVOKED BY: C:\Keil_v5\C51\BIN\C51.EXE main.c OPTIMIZE(8,SPEED) BROWSE DEBUG OBJECTEXTEND TABS(2)

line level    source

   1          /*******************************************************
   2          ULN2003驱动5V减速步进电机程序
   3          Target:STC89C52RC-40C
   4          Crystal:12MHz
   5          
   6          Platform:51&avr单片机最小系统板+ULN2003步进电机驱动套件
   7          
   8          *******************************************************
   9          接线方式:
  10          IN1 ---- P10
  11          IN2 ---- P11
  12          IN3 ---- P12
  13          IN4 ---- P13
  14          +   ---- +5V
  15          -   ---- GND
  16          *********************/
  17          #include<reg52.h>
  18          #define uchar unsigned char
  19          #define uint  unsigned int
  20          #define MotorData P1                    //步进电机控制接口定义
  21          uchar phasecw[4] ={0x03,0x06,0x0c,0x09};//正转 电机导通相序 D-C-B-A
  22          uchar phaseccw[4]={0x03,0x09,0x0c,0x06};//反转 电机导通相序 A-B-C-D
  23          
  24          uchar key1_down,key2_down,key3_down,key1_flag,key2_flag,key3_flag;//变量定义
  25          sbit key1 = P3^0;//按键定义
  26          sbit key2 = P3^1;
  27          
  28          //ms延时函数
  29          void Delay_xms(uint t)
  30          {
  31   1         uchar k;
  32   1         while(t--)
  33   1         {
  34   2          for(k=0; k<125; k++)
  35   2          { }
  36   2      }
  37   1         }
  38          //顺时针转动
  39          void MotorCW(void)
  40          {
  41   1       uchar i;
  42   1       for(i=0;i<4;i++)
  43   1        {
  44   2         MotorData=phasecw[i];
  45   2         Delay_xms(200);//转速调节
  46   2        }
  47   1      }
  48          //逆时针转动
  49          void MotorCCW(void)
  50          {
  51   1       uchar i;
  52   1       for(i=0;i<4;i++)
  53   1        {
  54   2         MotorData=phaseccw[i];
  55   2         Delay_xms(200);//转速调节
C51 COMPILER V9.60.0.0   MAIN                                                              12/25/2021 17:32:06 PAGE 2   

  56   2        }
  57   1      }
  58          
  59          
  60            //开启外部中断    
  61          void Init_P( )
  62          {      
  63   1            EA=1; //开全局中断      
  64   1            EX0=1; //开外部中断0      
  65   1            IT0=1; //外部中断0边沿触发     
  66   1            IT1=0; //外部中断1电平触发     
  67   1      }  
  68                //外部中断0处理 
  69          void interint0() interrupt 0 //using **     
  70          {     
  71   1          key1_flag = 0;
  72   1          key2_flag = 0;
  73   1          key3_flag = 1;
  74   1        
  75   1            
  76   1      } 
  77          void key_scan()
  78          {
  79   1        /************按键1*************/
  80   1        if(key1 == 0)
  81   1        {
  82   2          Delay_xms(100);
  83   2          if(key1 == 0)key1_down = 1; 
  84   2        }
  85   1        if(key1_down == 1 && key1 == 1)
  86   1        {
  87   2          key1_flag = 1;
  88   2          key2_flag = 0;
  89   2          key3_flag = 0;
  90   2          key1_down = 0;  
  91   2        }
  92   1        /************按键2*************/
  93   1        if(key2 == 0)
  94   1        {
  95   2          Delay_xms(100);
  96   2          if(key2 == 0)key2_down = 1; 
  97   2        }
  98   1        if(key2_down == 1 && key2 == 1)
  99   1        {
 100   2          key1_flag = 0;
 101   2          key2_flag = 1;
 102   2          key3_flag = 0;
 103   2          key2_down = 0;  
 104   2        }
 105   1        }
 106          
 107          /************************主程序****************************/
 108          main()
 109          { 
 110   1        Init_P( );
 111   1          while(1)
 112   1          {  
 113   2              key_scan();
 114   2        if(key1_flag == 1)MotorCW();       //电机正转
 115   2        if(key2_flag == 1)MotorCCW();   //电机反转
 116   2        if(key3_flag == 1) P1 = 0x0f;     //电机停止
 117   2        }
C51 COMPILER V9.60.0.0   MAIN                                                              12/25/2021 17:32:06 PAGE 3   

 118   1      }


MODULE INFORMATION:   STATIC OVERLAYABLE
   CODE SIZE        =    200    ----
   CONSTANT SIZE    =   ----    ----
   XDATA SIZE       =   ----    ----
   PDATA SIZE       =   ----    ----
   DATA SIZE        =     14    ----
   IDATA SIZE       =   ----    ----
   BIT SIZE         =   ----    ----
END OF MODULE INFORMATION.


C51 COMPILATION COMPLETE.  0 WARNING(S),  0 ERROR(S)
