C51 COMPILER V9.60.0.0   DA____                                                            04/04/2022 16:12:59 PAGE 1   


C51 COMPILER V9.60.0.0, COMPILATION OF MODULE DA____
OBJECT MODULE PLACED IN DA转换.OBJ
COMPILER INVOKED BY: C:\Keil_v5\C51\BIN\C51.EXE DA转换.c OPTIMIZE(8,SPEED) BROWSE DEBUG OBJECTEXTEND TABS(2)

line level    source

   1          /*-------------------------------
   2          --------------------------------*/
   3          #include <reg52.h> 
   4          #include "wave.h" 
   5          #include "keyscan.h"
   6          #include "PCF8591.h"
   7          #include "delay.h"
   8          
   9          #define uchar unsigned char
  10          #define uint unsigned int
  11          
  12          uchar  code sin_tab[] =        //正弦波输出表
  13          {
  14               0x80,0x83,0x86,0x89,0x8D,0x90,0x93,0x96,0x99,0x9C,0x9F,0xA2,0xA5,0xA8,0xAB,0xAE,
  15               0xB1,0xB4,0xB7,0xBA,0xBC,0xBF,0xC2,0xC5,0xC7,0xCA,0xCC,0xCF,0xD1,0xD4,0xD6,0xD8,
  16               0xDA,0xDD,0xDF,0xE1,0xE3,0xE5,0xE7,0xE9,0xEA,0xEC,0xEE,0xEF,0xF1,0xF2,0xF4,0xF5,
  17               0xF6,0xF7,0xF8,0xF9,0xFA,0xFB,0xFC,0xFD,0xFD,0xFE,0xFF,0xFF,0xFF,0xFF,0xFF,0xFF,
  18               0xFF,0xFF,0xFF,0xFF,0xFF,0xFF,0xFE,0xFD,0xFD,0xFC,0xFB,0xFA,0xF9,0xF8,0xF7,0xF6,
  19               0xF5,0xF4,0xF2,0xF1,0xEF,0xEE,0xEC,0xEA,0xE9,0xE7,0xE5,0xE3,0xE1,0xDF,0xDD,0xDA,
  20               0xD8,0xD6,0xD4,0xD1,0xCF,0xCC,0xCA,0xC7,0xC5,0xC2,0xBF,0xBC,0xBA,0xB7,0xB4,0xB1,
  21               0xAE,0xAB,0xA8,0xA5,0xA2,0x9F,0x9C,0x99,0x96,0x93,0x90,0x8D,0x89,0x86,0x83,0x80,
  22               0x80,0x7C,0x79,0x76,0x72,0x6F,0x6C,0x69,0x66,0x63,0x60,0x5D,0x5A,0x57,0x55,0x51,
  23               0x4E,0x4C,0x48,0x45,0x43,0x40,0x3D,0x3A,0x38,0x35,0x33,0x30,0x2E,0x2B,0x29,0x27,
  24               0x25,0x22,0x20,0x1E,0x1C,0x1A,0x18,0x16,0x15,0x13,0x11,0x10,0x0E,0x0D,0x0B,0x0A,
  25               0x09,0x08,0x07,0x06,0x05,0x04,0x03,0x02,0x02,0x01,0x00,0x00,0x00,0x00,0x00,0x00,
  26               0x00,0x00,0x00,0x00,0x00,0x00,0x01,0x02,0x02,0x03,0x04,0x05,0x06,0x07,0x08,0x09,
  27               0x0A,0x0B,0x0D,0x0E,0x10,0x11,0x13,0x15,0x16,0x18,0x1A,0x1C,0x1E,0x20,0x22,0x25,
  28               0x27,0x29,0x2B,0x2E,0x30,0x33,0x35,0x38,0x3A,0x3D,0x40,0x43,0x45,0x48,0x4C,0x4E,
  29               0x51,0x55,0x57,0x5A,0x5D,0x60,0x63,0x66,0x69,0x6C,0x6F,0x72,0x76,0x79,0x7C,0x7E
  30          };
  31          
  32          extern uchar flag,time1;
  33          
  34           void sin(void)  //正弦波
  35           {
  36   1        uint i;
  37   1        for(i=0; i<256; i++)
  38   1        {
  39   2          write_add(0x40,sin_tab[i]);   //data byte
  40   2        //check_ACK();                  //检查应答位
  41   2        delay_1ms(time1);
  42   2       }
  43   1       }
  44          
  45          void main()  
  46          {  
  47   1          uchar wave_select=0;
  48   1          init();  
  49   1          while(1)  
  50   1          {  
  51   2            keyscan();
  52   2          if(Key5==0)
  53   2          {
  54   3            wave_select++;
  55   3            while(!Key5);
C51 COMPILER V9.60.0.0   DA____                                                            04/04/2022 16:12:59 PAGE 2   

  56   3            if(wave_select==4)
  57   3            {wave_select=1;}
  58   3          } 
  59   2              if(wave_select==1)
  60   2            triangular();
  61   2          if(wave_select==2)
  62   2           square();
  63   2          if(wave_select==3)
  64   2             sin();   
  65   2        }
  66   1      
  67   1      }
  68          
  69          
  70                
  71              
  72          
  73            


MODULE INFORMATION:   STATIC OVERLAYABLE
   CODE SIZE        =    103    ----
   CONSTANT SIZE    =    256    ----
   XDATA SIZE       =   ----    ----
   PDATA SIZE       =   ----    ----
   DATA SIZE        =   ----       3
   IDATA SIZE       =   ----    ----
   BIT SIZE         =   ----    ----
END OF MODULE INFORMATION.


C51 COMPILATION COMPLETE.  0 WARNING(S),  0 ERROR(S)
