C51 COMPILER V9.60.0.0   KEYSCAN                                                           04/04/2022 16:12:59 PAGE 1   


C51 COMPILER V9.60.0.0, COMPILATION OF MODULE KEYSCAN
OBJECT MODULE PLACED IN keyscan.OBJ
COMPILER INVOKED BY: C:\Keil_v5\C51\BIN\C51.EXE keyscan.c OPTIMIZE(8,SPEED) BROWSE DEBUG OBJECTEXTEND TABS(2)

line level    source

   1            
   2          #include "keyscan.h"
   3          #include "PCF8591.h"
   4          #include "delay.h"
   5          extern uchar time1;
   6          extern uchar range; 
   7           
   8           void keyscan(void)
   9           {
  10   1         if(Key1==0)
  11   1        {
  12   2          time1+=5;
  13   2          while(!Key1);
  14   2        }
  15   1        if(Key2==0)
  16   1        {
  17   2          time1-=5;
  18   2          while(!Key2);
  19   2        }
  20   1        if(Key3==0)
  21   1        {
  22   2          range+=5;
  23   2          while(!Key3);
  24   2        }
  25   1        if(Key4==0)
  26   1        {
  27   2          range-=5;
  28   2          while(!Key4);
  29   2        }
  30   1      
  31   1       }


MODULE INFORMATION:   STATIC OVERLAYABLE
   CODE SIZE        =     49    ----
   CONSTANT SIZE    =   ----    ----
   XDATA SIZE       =   ----    ----
   PDATA SIZE       =   ----    ----
   DATA SIZE        =   ----    ----
   IDATA SIZE       =   ----    ----
   BIT SIZE         =   ----    ----
END OF MODULE INFORMATION.


C51 COMPILATION COMPLETE.  0 WARNING(S),  0 ERROR(S)
