C51 COMPILER V9.60.0.0   HARDWARE                                                          04/24/2022 19:20:45 PAGE 1   


C51 COMPILER V9.60.0.0, COMPILATION OF MODULE HARDWARE
OBJECT MODULE PLACED IN .\Objects\hardware.obj
COMPILER INVOKED BY: C:\Keil_v5\C51\BIN\C51.EXE hardware.c OPTIMIZE(8,SPEED) BROWSE DEBUG OBJECTEXTEND PRINT(.\Listings\
                    -hardware.lst) TABS(2) OBJECT(.\Objects\hardware.obj)

line level    source

   1          #include "hardware.h"
   2          #include "software.h"
   3          //共阴数码管段码
   4          uchar code block[] = {  //定义无符号字符型类型数组来储存段码
   5              0x3F,  //"0"
   6              0x06,  //"1"
   7              0x5B,  //"2"
   8              0x4F,  //"3"
   9              0x66,  //"4"
  10              0x6D,  //"5"
  11              0x7D,  //"6"
  12              0x07,  //"7"
  13              0x7F,  //"8"
  14              0x6F  //"9"
  15          };
  16          void SEGDisplay()    //数码管扫描函数
  17          {
  18   1        uchar i;  //定义i变量
  19   1        for(i=0;i<2;i++)
  20   1        {
  21   2          switch(i) 
  22   2          {                            
  23   3             case(0):      //位选，第一个数码管 
  24   3              LSA=0;
  25   3              LSB=1;
  26   3              LSC=1;
  27   3                  P0 = block[num2/10];  //十位数拆分
  28   3               break;
  29   3            case(1):          //位选，第一个数码管
  30   3              LSA=1;
  31   3              LSB=1;
  32   3              LSC=1;
  33   3                P0 = block[num2%10];  //个位数拆分
  34   3               break;
  35   3          }
  36   2          delayms(5);   //延时一会（视觉残留）
  37   2          P0=0x00;      //消影
  38   2        }
  39   1      }


MODULE INFORMATION:   STATIC OVERLAYABLE
   CODE SIZE        =     95    ----
   CONSTANT SIZE    =     10    ----
   XDATA SIZE       =   ----    ----
   PDATA SIZE       =   ----    ----
   DATA SIZE        =   ----       1
   IDATA SIZE       =   ----    ----
   BIT SIZE         =   ----    ----
END OF MODULE INFORMATION.


C51 COMPILATION COMPLETE.  0 WARNING(S),  0 ERROR(S)
