C51 COMPILER V9.60.0.0   MAIN                                                              04/24/2022 19:20:45 PAGE 1   


C51 COMPILER V9.60.0.0, COMPILATION OF MODULE MAIN
OBJECT MODULE PLACED IN .\Objects\main.obj
COMPILER INVOKED BY: C:\Keil_v5\C51\BIN\C51.EXE main.c OPTIMIZE(8,SPEED) BROWSE DEBUG OBJECTEXTEND PRINT(.\Listings\main
                    -.lst) TABS(2) OBJECT(.\Objects\main.obj)

line level    source

   1          #include "hardware.h"  //此头文件已包含了<reg51.h>头文件
   2          
   3          void main()
   4          {
   5   1        TMOD = 0X11;       //设置定时器1和定时器0为工作方式1,16位定时器/计数器
   6   1        /****
   7   1        0X11>0001 0001
   8   1        0X11 设置的全部内容为：设置定时器/计数器的启动停止只由寄存器TRX（X=0或1）控制 >>> TRX为定时器X运行控制位
   9   1                               设置定时器/计数器为定时器模式
  10   1                               设置定时器0和定时器1为工作方式1,16位定时器/计数器
  11   1        *****/
  12   1        TH0 = (65536-45872)/256; //装初值，11.0592M晶振，定时50ms，计数个数 N = 45872（在计数时需要预先填装初始计
             -数个数）
  13   1        TL0 = (65536-45872)%256; //...
  14   1        TH1 = (65536-45872)/256; //...
  15   1        TL1 = (65536-45872)%256; //同上
  16   1        /*****
  17   1        THX、TLX为高八位和低八位寄存器。用来储存计数次数
  18   1        X=0或1
  19   1        计数个数 N = 中断时间 / 机器周期
  20   1        机器周期 = 12 * （1/时钟频率）
  21   1        例 ；时钟频率为11.0592MHz
  22   1             机器周期 = 12 * （1/110592） = 1.09 us （约）
  23   1             计数个数 N = 50 * 1000 / 1.09 = 45872 （约）<需要换算单位 * 1000>  1秒=1000毫秒(ms)
  24   1          1秒=1,000,000 微秒(μs)
  25   1        1毫秒=1000微秒     
  26   1        ******/
  27   1        EA = 1; //全局中断允许位 | 打开总中断（相当于中断的总开关，打开之后其他中断发生时才能有效）
  28   1        ET0 = 1;//定时器/计数器0中断允许位 | 打开
  29   1        ET1 = 1;//定时器/计数器1中断允许位 | 打开
  30   1        TR0 = 1;//定时器0运行控制位 | 允许定时器0运行
  31   1        TR1 = 1;//定时器1运行控制位 | 允许定时器1运行
  32   1        while(1)  //主循环 不断对数码管服务函数扫描
  33   1        {
  34   2           SEGDisplay();//数码管服务函数(不断对数码管进行扫描)
  35   2        }
  36   1      }


MODULE INFORMATION:   STATIC OVERLAYABLE
   CODE SIZE        =     30    ----
   CONSTANT SIZE    =   ----    ----
   XDATA SIZE       =   ----    ----
   PDATA SIZE       =   ----    ----
   DATA SIZE        =   ----    ----
   IDATA SIZE       =   ----    ----
   BIT SIZE         =   ----    ----
END OF MODULE INFORMATION.


C51 COMPILATION COMPLETE.  0 WARNING(S),  0 ERROR(S)
