C51 COMPILER V9.60.0.0   PWM_DRIVER_DC_MOTOR                                               06/07/2022 22:54:59 PAGE 1   


C51 COMPILER V9.60.0.0, COMPILATION OF MODULE PWM_DRIVER_DC_MOTOR
OBJECT MODULE PLACED IN .\Objects\PWM_Driver_DC_Motor.obj
COMPILER INVOKED BY: C:\Keil_v5\C51\BIN\C51.EXE PWM_Driver_DC_Motor.c OPTIMIZE(8,SPEED) BROWSE DEBUG OBJECTEXTEND PRINT(
                    -.\Listings\PWM_Driver_DC_Motor.lst) TABS(2) OBJECT(.\Objects\PWM_Driver_DC_Motor.obj)

line level    source

   1          /********************************
   2          直流电机H桥驱动PWM 单向控制
   3          ********************************/
   4          #include <REGX52.H>
   5          #include <intrins.H>
   6          
   7          // Define P3 pins
   8          sbit Inc =P3^4; 
   9          sbit Dec  = P3^5;
  10          sbit Dir =  P3^6 ;
  11          sbit PWM  = P3^7;
  12          
  13          // Define new types
  14          typedef unsigned char   uchar;
  15          typedef unsigned int    uint;
  16          
  17          void delay(uint);
  18          
  19          void main(void)
  20           { 
  21   1         int speed;
  22   1         // Select initial direction and speed.
  23   1         Dir = 1;
  24   1         if (Dir)
  25   1            speed = 400;
  26   1         else
  27   1            speed = 100;
  28   1         while(1)
  29   1          { 
  30   2            if(!Inc)
  31   2            // Increase speed   
  32   2               speed = speed > 0 ? speed - 1 : 0;
  33   2            if(!Dec)
  34   2            // Decrease speed
  35   2               speed = speed < 500 ? speed + 1 : 500;
  36   2            
  37   2            // Drive a PWM signal out. 
  38   2            PWM=1;
  39   2            delay(speed);
  40   2            PWM=0;
  41   2            delay(500-speed);
  42   2          }
  43   1       }
  44          
  45          void delay(uint j)
  46           { for(; j>0; j--)
  47   1          { 
  48   2            _nop_();
  49   2          }
  50   1       }


MODULE INFORMATION:   STATIC OVERLAYABLE
   CODE SIZE        =    135    ----
C51 COMPILER V9.60.0.0   PWM_DRIVER_DC_MOTOR                                               06/07/2022 22:54:59 PAGE 2   

   CONSTANT SIZE    =   ----    ----
   XDATA SIZE       =   ----    ----
   PDATA SIZE       =   ----    ----
   DATA SIZE        =   ----       2
   IDATA SIZE       =   ----    ----
   BIT SIZE         =   ----    ----
END OF MODULE INFORMATION.


C51 COMPILATION COMPLETE.  0 WARNING(S),  0 ERROR(S)
