C51 COMPILER V9.60.0.0   UART                                                              01/03/2022 22:33:30 PAGE 1   


C51 COMPILER V9.60.0.0, COMPILATION OF MODULE UART
OBJECT MODULE PLACED IN uart.OBJ
COMPILER INVOKED BY: C:\Keil_v5\C51\BIN\C51.EXE uart.c OPTIMIZE(8,SPEED) BROWSE DEBUG OBJECTEXTEND TABS(2)

line level    source

   1          #include <reg52.h>
   2          extern unsigned char TX_buf[10];
   3          void uart_init(void)
   4          {
   5   1        TMOD=0x20;//设置定时器1为工作方式2
   6   1        TH1=0xfd;//装初值
   7   1        TL1=0xfd;
   8   1        TR1=1; //启动定时器
   9   1        TI=1;
  10   1        //REN=1; //允许接收
  11   1        SM0=0; //设置工作方式 1
  12   1        SM1=1;
  13   1        EA=1;   //开串口中断
  14   1        ES=1;  
  15   1          //IP = 0x10;   //设置串口为高优先级
  16   1      }
  17          void uart_test(unsigned char length)
  18          {
  19   1      
  20   1          unsigned char i;
  21   1            for(i=0;i<length;i++)
  22   1          {
  23   2              ES=0;
  24   2                  SBUF = TX_buf[i];//将接受的数据发出去
  25   2              while(!TI); 
  26   2              TI=0;       
  27   2          } 
  28   1          ES=1;   
  29   1      }       


MODULE INFORMATION:   STATIC OVERLAYABLE
   CODE SIZE        =     49    ----
   CONSTANT SIZE    =   ----    ----
   XDATA SIZE       =   ----    ----
   PDATA SIZE       =   ----    ----
   DATA SIZE        =   ----    ----
   IDATA SIZE       =   ----    ----
   BIT SIZE         =   ----    ----
END OF MODULE INFORMATION.


C51 COMPILATION COMPLETE.  0 WARNING(S),  0 ERROR(S)
