C51 COMPILER V9.59.0.0   USART1                                                            11/06/2021 22:16:22 PAGE 1   


C51 COMPILER V9.59.0.0, COMPILATION OF MODULE USART1
OBJECT MODULE PLACED IN .\build\Target 1\USART1.o
COMPILER INVOKED BY: C:\Keil_v5\C51\BIN\C51.exe .\USART1.C PRINT(.\build\Target 1\USART1.lst) OMF2 TABS(4) CODE NOCOND S
                    -YMBOLS OPTIMIZE(8,SPEED) SMALL ROM(LARGE) INCDIR(C:\Keil_v5\C51\INC\Atmel;C:\Keil_v5\C51\INC) DEFINE(__UVISION_VERSION=5
                    -26) OBJECT(.\build\Target 1\USART1.o)

line level    source

   1          
   2          /*------------------------------------------------------------------*/
   3          /* --- STC MCU International Limited -------------------------------*/
   4          /* --- STC 1T Series MCU RC Demo -----------------------------------*/
   5          /* --- Mobile: (86)13922805190 -------------------------------------*/
   6          /* --- Fax: 86-0513-55012956,55012947,55012969 ---------------------*/
   7          /* --- Tel: 86-0513-55012928,55012929,55012966 ---------------------*/
   8          /* --- Web: www.GXWMCU.com -----------------------------------------*/
   9          /* --- QQ:  800003751 ----------------------------------------------*/
  10          /* If you want to use the program or the program referenced in the  */
  11          /* article, please specify in which data and procedures from STC    */
  12          /*------------------------------------------------------------------*/
  13          
  14          
  15          #include "USART1.h"
  16          
  17          
  18          COMx_Define COM1;
  19          u8  idata TX1_Buffer[COM_TX1_Lenth];    //发送缓冲
  20          u8  idata RX1_Buffer[COM_RX1_Lenth];    //接收缓冲
  21          
  22          u8 USART_Configuration(u8 UARTx, COMx_InitDefine *COMx)
  23          {
  24   1          u8  i;
  25   1          u32 j;
  26   1          
  27   1          if(UARTx == USART1)
  28   1          {
  29   2              COM1.id = 1;
  30   2              COM1.TX_read    = 0;
  31   2              COM1.TX_write   = 0;
  32   2              COM1.B_TX_busy  = 0;
  33   2              COM1.RX_Cnt     = 0;
  34   2              COM1.RX_TimeOut = 0;
  35   2              COM1.B_RX_OK    = 0;
  36   2              for(i=0; i<COM_TX1_Lenth; i++)  TX1_Buffer[i] = 0;
  37   2              for(i=0; i<COM_RX1_Lenth; i++)  RX1_Buffer[i] = 0;
  38   2      
  39   2              if(COMx->UART_Mode > UART_9bit_BRTx)    return 1;   //模式错误
  40   2              if(COMx->UART_Polity == PolityHigh)     PS = 1; //高优先级中断
  41   2              else                                    PS = 0; //低优先级中断
  42   2              SCON = (SCON & 0x3f) | COMx->UART_Mode;
  43   2              if((COMx->UART_Mode == UART_9bit_BRTx) ||(COMx->UART_Mode == UART_8bit_BRTx))   //可变波特率
  44   2              {
  45   3                  j = (MAIN_Fosc / 4) / COMx->UART_BaudRate;  //按1T计算
  46   3                  if(j >= 65536UL)    return 2;   //错误
  47   3                  j = 65536UL - j;
  48   3                  if(COMx->UART_BRT_Use == BRT_Timer1)
  49   3                  {
  50   4                      TR1 = 0;
  51   4                      AUXR &= ~0x01;      //S1 BRT Use Timer1;
  52   4                      TMOD &= ~(1<<6);    //Timer1 set As Timer
  53   4                      TMOD &= ~0x30;      //Timer1_16bitAutoReload;
C51 COMPILER V9.59.0.0   USART1                                                            11/06/2021 22:16:22 PAGE 2   

  54   4                      AUXR |=  (1<<6);    //Timer1 set as 1T mode
  55   4                      TH1 = (u8)(j>>8);
  56   4                      TL1 = (u8)j;
  57   4                      ET1 = 0;    //禁止中断
  58   4                      TMOD &= ~0x40;  //定时
  59   4                      INT_CLKO &= ~0x02;  //不输出时钟
  60   4                      TR1  = 1;
  61   4                  }
  62   3                  else if(COMx->UART_BRT_Use == BRT_Timer2)
  63   3                  {
  64   4                      AUXR &= ~(1<<4);    //Timer stop
  65   4                      AUXR |= 0x01;       //S1 BRT Use Timer2;
  66   4                      AUXR &= ~(1<<3);    //Timer2 set As Timer
  67   4                      AUXR |=  (1<<2);    //Timer2 set as 1T mode
  68   4                      TH2 = (u8)(j>>8);
  69   4                      TL2 = (u8)j;
  70   4                      IE2  &= ~(1<<2);    //禁止中断
  71   4                      AUXR &= ~(1<<3);    //定时
  72   4                      AUXR |=  (1<<4);    //Timer run enable
  73   4                  }
  74   3                  else return 2;  //错误
  75   3              }
  76   2              else if(COMx->UART_Mode == UART_ShiftRight)
  77   2              {
  78   3                  if(COMx->BaudRateDouble == ENABLE)  AUXR |=  (1<<5);    //固定波特率SysClk/2
  79   3                  else                                AUXR &= ~(1<<5);    //固定波特率SysClk/12
  80   3              }
  81   2              else if(COMx->UART_Mode == UART_9bit)   //固定波特率SysClk*2^SMOD/64
  82   2              {
  83   3                  if(COMx->BaudRateDouble == ENABLE)  PCON |=  (1<<7);    //固定波特率SysClk/32
  84   3                  else                                PCON &= ~(1<<7);    //固定波特率SysClk/64
  85   3              }
  86   2              if(COMx->UART_Interrupt == ENABLE)  ES = 1; //允许中断
  87   2              else                                ES = 0; //禁止中断
  88   2              if(COMx->UART_RxEnable == ENABLE)   REN = 1;    //允许接收
  89   2              else                                REN = 0;    //禁止接收
  90   2              P_SW1 = (P_SW1 & 0x3f) | (COMx->UART_P_SW & 0xc0);  //切换IO
  91   2              if(COMx->UART_RXD_TXD_Short == ENABLE)  PCON2 |=  (1<<4);   //内部短路RXD与TXD, 做中继, ENABLE,DISABLE
  92   2              else                                    PCON2 &= ~(1<<4);
  93   2              return  0;
  94   2          }
  95   1          return 3;   //其它错误
  96   1      }
  97          
  98          
  99          /*************** 装载串口发送缓冲 *******************************/
 100          
 101          void TX1_write2buff(u8 dat) //写入发送缓冲，指针+1
 102          {
 103   1          TX1_Buffer[COM1.TX_write] = dat;    //装发送缓冲
 104   1          if(++COM1.TX_write >= COM_TX1_Lenth)    COM1.TX_write = 0;
 105   1      
 106   1          if(COM1.B_TX_busy == 0)     //空闲
 107   1          {  
 108   2              COM1.B_TX_busy = 1;     //标志忙
 109   2              TI = 1;                 //触发发送中断
 110   2          }
 111   1      }
 112          
 113          void PrintString1(u8 *puts)
 114          {
 115   1          for (; *puts != 0;  puts++)  TX1_write2buff(*puts);     //遇到停止符0结束
C51 COMPILER V9.59.0.0   USART1                                                            11/06/2021 22:16:22 PAGE 3   

 116   1      }
 117          
 118          
 119          
 120          /********************* UART1中断函数************************/
 121          void UART1_int (void) interrupt UART1_VECTOR
 122          {
 123   1          if(RI)
 124   1          {
 125   2              RI = 0;
 126   2              if(COM1.B_RX_OK == 0)
 127   2              {
 128   3                  if(COM1.RX_Cnt >= COM_RX1_Lenth)    COM1.RX_Cnt = 0;
 129   3                  RX1_Buffer[COM1.RX_Cnt++] = SBUF;
 130   3                  COM1.RX_TimeOut = TimeOutSet1;
 131   3              }
 132   2          }
 133   1      
 134   1          if(TI)
 135   1          {
 136   2              TI = 0;
 137   2              if(COM1.TX_read != COM1.TX_write)
 138   2              {
 139   3                  SBUF = TX1_Buffer[COM1.TX_read];
 140   3                  if(++COM1.TX_read >= COM_TX1_Lenth)     COM1.TX_read = 0;
 141   3              }
 142   2              else    COM1.B_TX_busy = 0;
 143   2          }
 144   1      }
 145          
 146          
 147          /*************************************************
 148           *函数名称:char putchar(char c)                            
 149           *功    能:映射printf                                    
 150           *参    数:char c                                      
 151           *返 回 值:char                                      
 152           *************************************************/
 153          char putchar(char c)
 154          {
 155   1          TX1_write2buff((u8)c);//把自己实现的串口打印一字节数据的函数替换到这里
 156   1          return c;
 157   1      }
 158          
 159          
C51 COMPILER V9.59.0.0   USART1                                                            11/06/2021 22:16:22 PAGE 4   

ASSEMBLY LISTING OF GENERATED OBJECT CODE


             ; FUNCTION _USART_Configuration (BEGIN)
                                           ; SOURCE LINE # 22
0000 8B00        R     MOV     COMx,R3
0002 8A00        R     MOV     COMx+01H,R2
0004 8900        R     MOV     COMx+02H,R1
;---- Variable 'UARTx' assigned to Register 'R7' ----
                                           ; SOURCE LINE # 23
                                           ; SOURCE LINE # 27
0006 EF                MOV     A,R7
0007 6401              XRL     A,#01H
0009 6003              JZ      $ + 5H
000B 020000      R     LJMP    ?C0001
                                           ; SOURCE LINE # 28
                                           ; SOURCE LINE # 29
000E 750001      R     MOV     COM1,#01H
                                           ; SOURCE LINE # 30
0011 F500        R     MOV     COM1+01H,A
                                           ; SOURCE LINE # 31
0013 F500        R     MOV     COM1+02H,A
                                           ; SOURCE LINE # 32
0015 F500        R     MOV     COM1+03H,A
                                           ; SOURCE LINE # 33
0017 F500        R     MOV     COM1+04H,A
                                           ; SOURCE LINE # 34
0019 F500        R     MOV     COM1+05H,A
                                           ; SOURCE LINE # 35
001B F500        R     MOV     COM1+06H,A
                                           ; SOURCE LINE # 36
;---- Variable 'i' assigned to Register 'R7' ----
001D FF                MOV     R7,A
001E         ?C0002:
001E EF                MOV     A,R7
001F C3                CLR     C
0020 9428              SUBB    A,#028H
0022 7480              MOV     A,#080H
0024 9480              SUBB    A,#080H
0026 5009              JNC     ?C0003
0028 7400        R     MOV     A,#LOW TX1_Buffer
002A 2F                ADD     A,R7
002B F8                MOV     R0,A
002C E4                CLR     A
002D F6                MOV     @R0,A
002E 0F                INC     R7
002F 80ED              SJMP    ?C0002
0031         ?C0003:
                                           ; SOURCE LINE # 37
0031 E4                CLR     A
0032 FF                MOV     R7,A
0033         ?C0005:
0033 EF                MOV     A,R7
0034 C3                CLR     C
0035 9428              SUBB    A,#028H
0037 7480              MOV     A,#080H
0039 9480              SUBB    A,#080H
003B 5009              JNC     ?C0006
003D 7400        R     MOV     A,#LOW RX1_Buffer
003F 2F                ADD     A,R7
0040 F8                MOV     R0,A
0041 E4                CLR     A
C51 COMPILER V9.59.0.0   USART1                                                            11/06/2021 22:16:22 PAGE 5   

0042 F6                MOV     @R0,A
0043 0F                INC     R7
0044 80ED              SJMP    ?C0005
0046         ?C0006:
                                           ; SOURCE LINE # 39
0046 AB00        R     MOV     R3,COMx
0048 AA00        R     MOV     R2,COMx+01H
004A A900        R     MOV     R1,COMx+02H
004C 120000      E     LCALL   ?C?CLDPTR
004F FD                MOV     R5,A
0050 7C00              MOV     R4,#00H
0052 D3                SETB    C
0053 94C0              SUBB    A,#0C0H
0055 7480              MOV     A,#080H
0057 9480              SUBB    A,#080H
0059 4003              JC      ?C0008
005B 7F01              MOV     R7,#01H
005D 22                RET     
005E         ?C0008:
                                           ; SOURCE LINE # 40
005E 90000A            MOV     DPTR,#0AH
0061 120000      E     LCALL   ?C?CLDOPTR
0064 6401              XRL     A,#01H
0066 7004              JNZ     ?C0010
0068 D2BC              SETB    PS
006A 8002              SJMP    ?C0011
006C         ?C0010:
                                           ; SOURCE LINE # 41
006C C2BC              CLR     PS
006E         ?C0011:
                                           ; SOURCE LINE # 42
006E 120000      E     LCALL   ?C?CLDPTR
0071 FF                MOV     R7,A
0072 E598              MOV     A,SCON
0074 543F              ANL     A,#03FH
0076 4F                ORL     A,R7
0077 F598              MOV     SCON,A
                                           ; SOURCE LINE # 43
0079 ED                MOV     A,R5
007A 64C0              XRL     A,#0C0H
007C 4C                ORL     A,R4
007D 6008              JZ      ?C0013
007F EF                MOV     A,R7
0080 6440              XRL     A,#040H
0082 6003              JZ      $ + 5H
0084 020000      R     LJMP    ?C0012
0087         ?C0013:
                                           ; SOURCE LINE # 44
                                           ; SOURCE LINE # 45
0087 900002            MOV     DPTR,#02H
008A 120000      E     LCALL   ?C?LLDOPTR0
008D 7F00              MOV     R7,#00H
008F 7E60              MOV     R6,#060H
0091 7D54              MOV     R5,#054H
0093 7C00              MOV     R4,#00H
0095 120000      E     LCALL   ?C?ULDIV
0098 8F00        R     MOV     j+03H,R7
009A 8E00        R     MOV     j+02H,R6
009C 8D00        R     MOV     j+01H,R5
009E 8C00        R     MOV     j,R4
                                           ; SOURCE LINE # 46
00A0 E4                CLR     A
C51 COMPILER V9.59.0.0   USART1                                                            11/06/2021 22:16:22 PAGE 6   

00A1 FF                MOV     R7,A
00A2 FE                MOV     R6,A
00A3 7D01              MOV     R5,#01H
00A5 FC                MOV     R4,A
00A6 AB00        R     MOV     R3,j+03H
00A8 AA00        R     MOV     R2,j+02H
00AA A900        R     MOV     R1,j+01H
00AC A800        R     MOV     R0,j
00AE C3                CLR     C
00AF 120000      E     LCALL   ?C?ULCMP
00B2 4003              JC      ?C0014
00B4 7F02              MOV     R7,#02H
00B6 22                RET     
00B7         ?C0014:
                                           ; SOURCE LINE # 47
00B7 C3                CLR     C
00B8 E4                CLR     A
00B9 9500        R     SUBB    A,j+03H
00BB F500        R     MOV     j+03H,A
00BD E4                CLR     A
00BE 9500        R     SUBB    A,j+02H
00C0 F500        R     MOV     j+02H,A
00C2 7401              MOV     A,#01H
00C4 9500        R     SUBB    A,j+01H
00C6 F500        R     MOV     j+01H,A
00C8 E4                CLR     A
00C9 9500        R     SUBB    A,j
00CB F500        R     MOV     j,A
                                           ; SOURCE LINE # 48
00CD AB00        R     MOV     R3,COMx
00CF AA00        R     MOV     R2,COMx+01H
00D1 A900        R     MOV     R1,COMx+02H
00D3 900001            MOV     DPTR,#01H
00D6 120000      E     LCALL   ?C?CLDOPTR
00D9 FB                MOV     R3,A
00DA 7A00              MOV     R2,#00H
00DC 6401              XRL     A,#01H
00DE 702C              JNZ     ?C0015
                                           ; SOURCE LINE # 49
                                           ; SOURCE LINE # 50
00E0 C28E              CLR     TR1
                                           ; SOURCE LINE # 51
00E2 538EFE            ANL     AUXR,#0FEH
                                           ; SOURCE LINE # 52
00E5 5389BF            ANL     TMOD,#0BFH
                                           ; SOURCE LINE # 53
00E8 5389CF            ANL     TMOD,#0CFH
                                           ; SOURCE LINE # 54
00EB 438E40            ORL     AUXR,#040H
                                           ; SOURCE LINE # 55
00EE AF00        R     MOV     R7,j+03H
00F0 AE00        R     MOV     R6,j+02H
00F2 AD00        R     MOV     R5,j+01H
00F4 AC00        R     MOV     R4,j
00F6 7808              MOV     R0,#08H
00F8 120000      E     LCALL   ?C?ULSHR
00FB 8F8D              MOV     TH1,R7
                                           ; SOURCE LINE # 56
00FD 85008B      R     MOV     TL1,j+03H
                                           ; SOURCE LINE # 57
0100 C2AB              CLR     ET1
                                           ; SOURCE LINE # 58
C51 COMPILER V9.59.0.0   USART1                                                            11/06/2021 22:16:22 PAGE 7   

0102 5389BF            ANL     TMOD,#0BFH
                                           ; SOURCE LINE # 59
0105 538FFD            ANL     INT_CLKO,#0FDH
                                           ; SOURCE LINE # 60
0108 D28E              SETB    TR1
                                           ; SOURCE LINE # 61
010A 806C              SJMP    ?C0019
010C         ?C0015:
                                           ; SOURCE LINE # 62
010C EB                MOV     A,R3
010D 6402              XRL     A,#02H
010F 4A                ORL     A,R2
0110 7029              JNZ     ?C0017
                                           ; SOURCE LINE # 63
                                           ; SOURCE LINE # 64
0112 538EEF            ANL     AUXR,#0EFH
                                           ; SOURCE LINE # 65
0115 438E01            ORL     AUXR,#01H
                                           ; SOURCE LINE # 66
0118 538EF7            ANL     AUXR,#0F7H
                                           ; SOURCE LINE # 67
011B 438E04            ORL     AUXR,#04H
                                           ; SOURCE LINE # 68
011E AF00        R     MOV     R7,j+03H
0120 AE00        R     MOV     R6,j+02H
0122 AD00        R     MOV     R5,j+01H
0124 AC00        R     MOV     R4,j
0126 7808              MOV     R0,#08H
0128 120000      E     LCALL   ?C?ULSHR
012B 8FD6              MOV     TH2,R7
                                           ; SOURCE LINE # 69
012D 8500D7      R     MOV     TL2,j+03H
                                           ; SOURCE LINE # 70
0130 53AFFB            ANL     IE2,#0FBH
                                           ; SOURCE LINE # 71
0133 538EF7            ANL     AUXR,#0F7H
                                           ; SOURCE LINE # 72
0136 438E10            ORL     AUXR,#010H
                                           ; SOURCE LINE # 73
0139 803D              SJMP    ?C0019
013B         ?C0017:
                                           ; SOURCE LINE # 74
013B 7F02              MOV     R7,#02H
013D 22                RET     
                                           ; SOURCE LINE # 75
013E         ?C0012:
                                           ; SOURCE LINE # 76
013E AB00        R     MOV     R3,COMx
0140 AA00        R     MOV     R2,COMx+01H
0142 A900        R     MOV     R1,COMx+02H
0144 120000      E     LCALL   ?C?CLDPTR
0147 FF                MOV     R7,A
0148 7E00              MOV     R6,#00H
014A 7014              JNZ     ?C0020
                                           ; SOURCE LINE # 77
                                           ; SOURCE LINE # 78
014C 900008            MOV     DPTR,#08H
014F 120000      E     LCALL   ?C?CLDOPTR
0152 6401              XRL     A,#01H
0154 7005              JNZ     ?C0021
0156 438E20            ORL     AUXR,#020H
0159 801D              SJMP    ?C0019
C51 COMPILER V9.59.0.0   USART1                                                            11/06/2021 22:16:22 PAGE 8   

015B         ?C0021:
                                           ; SOURCE LINE # 79
015B 538EDF            ANL     AUXR,#0DFH
                                           ; SOURCE LINE # 80
015E 8018              SJMP    ?C0019
0160         ?C0020:
                                           ; SOURCE LINE # 81
0160 EF                MOV     A,R7
0161 6480              XRL     A,#080H
0163 4E                ORL     A,R6
0164 7012              JNZ     ?C0019
                                           ; SOURCE LINE # 82
                                           ; SOURCE LINE # 83
0166 900008            MOV     DPTR,#08H
0169 120000      E     LCALL   ?C?CLDOPTR
016C 6401              XRL     A,#01H
016E 7005              JNZ     ?C0025
0170 438780            ORL     PCON,#080H
0173 8003              SJMP    ?C0019
0175         ?C0025:
                                           ; SOURCE LINE # 84
0175 53877F            ANL     PCON,#07FH
                                           ; SOURCE LINE # 85
0178         ?C0019:
                                           ; SOURCE LINE # 86
0178 AB00        R     MOV     R3,COMx
017A AA00        R     MOV     R2,COMx+01H
017C A900        R     MOV     R1,COMx+02H
017E 900009            MOV     DPTR,#09H
0181 120000      E     LCALL   ?C?CLDOPTR
0184 6401              XRL     A,#01H
0186 7004              JNZ     ?C0027
0188 D2AC              SETB    ES
018A 8002              SJMP    ?C0028
018C         ?C0027:
                                           ; SOURCE LINE # 87
018C C2AC              CLR     ES
018E         ?C0028:
                                           ; SOURCE LINE # 88
018E 900007            MOV     DPTR,#07H
0191 120000      E     LCALL   ?C?CLDOPTR
0194 6401              XRL     A,#01H
0196 7004              JNZ     ?C0029
0198 D29C              SETB    REN
019A 8002              SJMP    ?C0030
019C         ?C0029:
                                           ; SOURCE LINE # 89
019C C29C              CLR     REN
019E         ?C0030:
                                           ; SOURCE LINE # 90
019E 90000B            MOV     DPTR,#0BH
01A1 120000      E     LCALL   ?C?CLDOPTR
01A4 54C0              ANL     A,#0C0H
01A6 FF                MOV     R7,A
01A7 E5A2              MOV     A,P_SW1
01A9 543F              ANL     A,#03FH
01AB 4F                ORL     A,R7
01AC F5A2              MOV     P_SW1,A
                                           ; SOURCE LINE # 91
01AE 90000C            MOV     DPTR,#0CH
01B1 120000      E     LCALL   ?C?CLDOPTR
01B4 6401              XRL     A,#01H
C51 COMPILER V9.59.0.0   USART1                                                            11/06/2021 22:16:22 PAGE 9   

01B6 7005              JNZ     ?C0031
01B8 439710            ORL     PCON2,#010H
01BB 8003              SJMP    ?C0032
01BD         ?C0031:
                                           ; SOURCE LINE # 92
01BD 5397EF            ANL     PCON2,#0EFH
01C0         ?C0032:
                                           ; SOURCE LINE # 93
01C0 7F00              MOV     R7,#00H
01C2 22                RET     
                                           ; SOURCE LINE # 94
01C3         ?C0001:
                                           ; SOURCE LINE # 95
01C3 7F03              MOV     R7,#03H
                                           ; SOURCE LINE # 96
01C5         ?C0009:
01C5 22                RET     
             ; FUNCTION _USART_Configuration (END)

             ; FUNCTION _TX1_write2buff (BEGIN)
                                           ; SOURCE LINE # 101
;---- Variable 'dat' assigned to Register 'R7' ----
                                           ; SOURCE LINE # 102
                                           ; SOURCE LINE # 103
0000 7400        R     MOV     A,#LOW TX1_Buffer
0002 2500        R     ADD     A,COM1+02H
0004 F8                MOV     R0,A
0005 A607              MOV     @R0,AR7
                                           ; SOURCE LINE # 104
0007 0500        R     INC     COM1+02H
0009 C3                CLR     C
000A E500        R     MOV     A,COM1+02H
000C 9428              SUBB    A,#028H
000E 7480              MOV     A,#080H
0010 9480              SUBB    A,#080H
0012 4003              JC      ?C0033
0014 E4                CLR     A
0015 F500        R     MOV     COM1+02H,A
0017         ?C0033:
                                           ; SOURCE LINE # 106
0017 E500        R     MOV     A,COM1+03H
0019 7005              JNZ     ?C0035
                                           ; SOURCE LINE # 107
                                           ; SOURCE LINE # 108
001B 750001      R     MOV     COM1+03H,#01H
                                           ; SOURCE LINE # 109
001E D299              SETB    TI
                                           ; SOURCE LINE # 110
                                           ; SOURCE LINE # 111
0020         ?C0035:
0020 22                RET     
             ; FUNCTION _TX1_write2buff (END)

             ; FUNCTION _PrintString1 (BEGIN)
                                           ; SOURCE LINE # 113
;---- Variable 'puts' assigned to Register 'R1/R2/R3' ----
                                           ; SOURCE LINE # 114
                                           ; SOURCE LINE # 115
0000         ?C0036:
0000 120000      E     LCALL   ?C?CLDPTR
0003 FF                MOV     R7,A
0004 600C              JZ      ?C0039
C51 COMPILER V9.59.0.0   USART1                                                            11/06/2021 22:16:22 PAGE 10  

0006 120000      R     LCALL   _TX1_write2buff
0009 7401              MOV     A,#01H
000B 29                ADD     A,R1
000C F9                MOV     R1,A
000D E4                CLR     A
000E 3A                ADDC    A,R2
000F FA                MOV     R2,A
0010 80EE              SJMP    ?C0036
                                           ; SOURCE LINE # 116
0012         ?C0039:
0012 22                RET     
             ; FUNCTION _PrintString1 (END)

             ; FUNCTION UART1_int (BEGIN)
0000 C0E0              PUSH    ACC
0002 C0D0              PUSH    PSW
0004 75D000            MOV     PSW,#00H
0007 C000              PUSH    AR0
0009 C007              PUSH    AR7
                                           ; SOURCE LINE # 121
                                           ; SOURCE LINE # 123
000B 309821            JNB     RI,?C0040
                                           ; SOURCE LINE # 124
                                           ; SOURCE LINE # 125
000E C298              CLR     RI
                                           ; SOURCE LINE # 126
0010 E500        R     MOV     A,COM1+06H
0012 701B              JNZ     ?C0040
                                           ; SOURCE LINE # 127
                                           ; SOURCE LINE # 128
0014 C3                CLR     C
0015 E500        R     MOV     A,COM1+04H
0017 9428              SUBB    A,#028H
0019 7480              MOV     A,#080H
001B 9480              SUBB    A,#080H
001D 4003              JC      ?C0042
001F 750000      R     MOV     COM1+04H,#00H
0022         ?C0042:
                                           ; SOURCE LINE # 129
0022 AF00        R     MOV     R7,COM1+04H
0024 0500        R     INC     COM1+04H
0026 7400        R     MOV     A,#LOW RX1_Buffer
0028 2F                ADD     A,R7
0029 F8                MOV     R0,A
002A A699              MOV     @R0,SBUF
                                           ; SOURCE LINE # 130
002C 750005      R     MOV     COM1+05H,#05H
                                           ; SOURCE LINE # 131
                                           ; SOURCE LINE # 132
002F         ?C0040:
                                           ; SOURCE LINE # 134
002F 309925            JNB     TI,?C0047
                                           ; SOURCE LINE # 135
                                           ; SOURCE LINE # 136
0032 C299              CLR     TI
                                           ; SOURCE LINE # 137
0034 E500        R     MOV     A,COM1+01H
0036 6500        R     XRL     A,COM1+02H
0038 601A              JZ      ?C0044
                                           ; SOURCE LINE # 138
                                           ; SOURCE LINE # 139
003A 7400        R     MOV     A,#LOW TX1_Buffer
C51 COMPILER V9.59.0.0   USART1                                                            11/06/2021 22:16:22 PAGE 11  

003C 2500        R     ADD     A,COM1+01H
003E F8                MOV     R0,A
003F E6                MOV     A,@R0
0040 F599              MOV     SBUF,A
                                           ; SOURCE LINE # 140
0042 0500        R     INC     COM1+01H
0044 C3                CLR     C
0045 E500        R     MOV     A,COM1+01H
0047 9428              SUBB    A,#028H
0049 7480              MOV     A,#080H
004B 9480              SUBB    A,#080H
004D 4008              JC      ?C0047
004F 750000      R     MOV     COM1+01H,#00H
                                           ; SOURCE LINE # 141
0052 8003              SJMP    ?C0047
0054         ?C0044:
                                           ; SOURCE LINE # 142
0054 750000      R     MOV     COM1+03H,#00H
                                           ; SOURCE LINE # 143
                                           ; SOURCE LINE # 144
0057         ?C0047:
0057 D007              POP     AR7
0059 D000              POP     AR0
005B D0D0              POP     PSW
005D D0E0              POP     ACC
005F 32                RETI    
             ; FUNCTION UART1_int (END)

             ; FUNCTION _putchar (BEGIN)
                                           ; SOURCE LINE # 153
;---- Variable 'c' assigned to Register 'R6' ----
0000 AE07              MOV     R6,AR7
                                           ; SOURCE LINE # 154
                                           ; SOURCE LINE # 155
0002 020000      R     LJMP    _TX1_write2buff
             ; FUNCTION _putchar (END)

C51 COMPILER V9.59.0.0   USART1                                                            11/06/2021 22:16:22 PAGE 12  

NAME                                    CLASS   MSPACE  TYPE    OFFSET  SIZE
====                                    =====   ======  ====    ======  ====


CCF2 . . . . . . . . . . . . . . . . .  ABSBIT   -----  BIT      00DAH  1
ACC7 . . . . . . . . . . . . . . . . .  ABSBIT   -----  BIT      00E7H  1
P0M1 . . . . . . . . . . . . . . . . .  SFR      DATA   U_CHAR   0093H  1
P1M0 . . . . . . . . . . . . . . . . .  SFR      DATA   U_CHAR   0092H  1
P2M0 . . . . . . . . . . . . . . . . .  SFR      DATA   U_CHAR   0096H  1
P1M1 . . . . . . . . . . . . . . . . .  SFR      DATA   U_CHAR   0091H  1
P0 . . . . . . . . . . . . . . . . . .  SFR      DATA   U_CHAR   0080H  1
P3M0 . . . . . . . . . . . . . . . . .  SFR      DATA   U_CHAR   00B2H  1
P2M1 . . . . . . . . . . . . . . . . .  SFR      DATA   U_CHAR   0095H  1
P1 . . . . . . . . . . . . . . . . . .  SFR      DATA   U_CHAR   0090H  1
P4M0 . . . . . . . . . . . . . . . . .  SFR      DATA   U_CHAR   00B4H  1
P3M1 . . . . . . . . . . . . . . . . .  SFR      DATA   U_CHAR   00B1H  1
P2 . . . . . . . . . . . . . . . . . .  SFR      DATA   U_CHAR   00A0H  1
P5M0 . . . . . . . . . . . . . . . . .  SFR      DATA   U_CHAR   00CAH  1
P4M1 . . . . . . . . . . . . . . . . .  SFR      DATA   U_CHAR   00B3H  1
P3 . . . . . . . . . . . . . . . . . .  SFR      DATA   U_CHAR   00B0H  1
WKTCH. . . . . . . . . . . . . . . . .  SFR      DATA   U_CHAR   00ABH  1
T0 . . . . . . . . . . . . . . . . . .  ABSBIT   -----  BIT      00B4H  1
AC . . . . . . . . . . . . . . . . . .  ABSBIT   -----  BIT      00D6H  1
P6M0 . . . . . . . . . . . . . . . . .  SFR      DATA   U_CHAR   00CCH  1
P5M1 . . . . . . . . . . . . . . . . .  SFR      DATA   U_CHAR   00C9H  1
P4 . . . . . . . . . . . . . . . . . .  SFR      DATA   U_CHAR   00C0H  1
CLKOUT0. . . . . . . . . . . . . . . .  ABSBIT   -----  BIT      00B5H  1
T1 . . . . . . . . . . . . . . . . . .  ABSBIT   -----  BIT      00B5H  1
P7M0 . . . . . . . . . . . . . . . . .  SFR      DATA   U_CHAR   00E2H  1
P6M1 . . . . . . . . . . . . . . . . .  SFR      DATA   U_CHAR   00CBH  1
P5 . . . . . . . . . . . . . . . . . .  SFR      DATA   U_CHAR   00C8H  1
ISP_TRIG . . . . . . . . . . . . . . .  SFR      DATA   U_CHAR   00C6H  1
EA . . . . . . . . . . . . . . . . . .  ABSBIT   -----  BIT      00AFH  1
CLKOUT1. . . . . . . . . . . . . . . .  ABSBIT   -----  BIT      00B4H  1
P6 . . . . . . . . . . . . . . . . . .  SFR      DATA   U_CHAR   00E8H  1
P7M1 . . . . . . . . . . . . . . . . .  SFR      DATA   U_CHAR   00E1H  1
SPI_MISO . . . . . . . . . . . . . . .  ABSBIT   -----  BIT      0094H  1
SPI_MOSI . . . . . . . . . . . . . . .  ABSBIT   -----  BIT      0093H  1
CCP0 . . . . . . . . . . . . . . . . .  ABSBIT   -----  BIT      0091H  1
P7 . . . . . . . . . . . . . . . . . .  SFR      DATA   U_CHAR   00F8H  1
WKTCL. . . . . . . . . . . . . . . . .  SFR      DATA   U_CHAR   00AAH  1
COMx_Define. . . . . . . . . . . . . .  TYPEDEF  -----  STRUCT   -----  7
  id . . . . . . . . . . . . . . . . .  MEMBER   -----  U_CHAR   0000H  1
  TX_read. . . . . . . . . . . . . . .  MEMBER   -----  U_CHAR   0001H  1
  TX_write . . . . . . . . . . . . . .  MEMBER   -----  U_CHAR   0002H  1
  B_TX_busy. . . . . . . . . . . . . .  MEMBER   -----  U_CHAR   0003H  1
  RX_Cnt . . . . . . . . . . . . . . .  MEMBER   -----  U_CHAR   0004H  1
  RX_TimeOut . . . . . . . . . . . . .  MEMBER   -----  U_CHAR   0005H  1
  B_RX_OK. . . . . . . . . . . . . . .  MEMBER   -----  U_CHAR   0006H  1
CCP1 . . . . . . . . . . . . . . . . .  ABSBIT   -----  BIT      0090H  1
SPCTL. . . . . . . . . . . . . . . . .  SFR      DATA   U_CHAR   00CEH  1
CF . . . . . . . . . . . . . . . . . .  ABSBIT   -----  BIT      00DFH  1
CCP2 . . . . . . . . . . . . . . . . .  ABSBIT   -----  BIT      00B7H  1
CH . . . . . . . . . . . . . . . . . .  SFR      DATA   U_CHAR   00F9H  1
P_SW1. . . . . . . . . . . . . . . . .  SFR      DATA   U_CHAR   00A2H  1
P_SW2. . . . . . . . . . . . . . . . .  SFR      DATA   U_CHAR   00BAH  1
EADC . . . . . . . . . . . . . . . . .  ABSBIT   -----  BIT      00ADH  1
IE . . . . . . . . . . . . . . . . . .  SFR      DATA   U_CHAR   00A8H  1
CL . . . . . . . . . . . . . . . . . .  SFR      DATA   U_CHAR   00E9H  1
IAP_CMD. . . . . . . . . . . . . . . .  SFR      DATA   U_CHAR   00C5H  1
COM1 . . . . . . . . . . . . . . . . .  PUBLIC   DATA   STRUCT   0000H  7
C51 COMPILER V9.59.0.0   USART1                                                            11/06/2021 22:16:22 PAGE 13  

NAME                                    CLASS   MSPACE  TYPE    OFFSET  SIZE
====                                    =====   ======  ====    ======  ====


CCAP0H . . . . . . . . . . . . . . . .  SFR      DATA   U_CHAR   00FAH  1
CCAP1H . . . . . . . . . . . . . . . .  SFR      DATA   U_CHAR   00FBH  1
CCAP2H . . . . . . . . . . . . . . . .  SFR      DATA   U_CHAR   00FCH  1
ADC_RES. . . . . . . . . . . . . . . .  SFR      DATA   U_CHAR   00BDH  1
IPH2 . . . . . . . . . . . . . . . . .  SFR      DATA   U_CHAR   00B6H  1
CR . . . . . . . . . . . . . . . . . .  ABSBIT   -----  BIT      00DEH  1
CCAP0L . . . . . . . . . . . . . . . .  SFR      DATA   U_CHAR   00EAH  1
RD . . . . . . . . . . . . . . . . . .  ABSBIT   -----  BIT      00B7H  1
CCAP1L . . . . . . . . . . . . . . . .  SFR      DATA   U_CHAR   00EBH  1
CCAPM0 . . . . . . . . . . . . . . . .  SFR      DATA   U_CHAR   00DAH  1
CCAP2L . . . . . . . . . . . . . . . .  SFR      DATA   U_CHAR   00ECH  1
CCAPM1 . . . . . . . . . . . . . . . .  SFR      DATA   U_CHAR   00DBH  1
ES . . . . . . . . . . . . . . . . . .  ABSBIT   -----  BIT      00ACH  1
CCAPM2 . . . . . . . . . . . . . . . .  SFR      DATA   U_CHAR   00DCH  1
PADC . . . . . . . . . . . . . . . . .  ABSBIT   -----  BIT      00BDH  1
IP . . . . . . . . . . . . . . . . . .  SFR      DATA   U_CHAR   00B8H  1
RX1_Buffer . . . . . . . . . . . . . .  PUBLIC   IDATA  ARRAY    0000H  40
RI . . . . . . . . . . . . . . . . . .  ABSBIT   -----  BIT      0098H  1
UART1_int. . . . . . . . . . . . . . .  PUBLIC   CODE   PROC     0000H  -----
TX1_Buffer . . . . . . . . . . . . . .  PUBLIC   IDATA  ARRAY    0028H  40
INT0 . . . . . . . . . . . . . . . . .  ABSBIT   -----  BIT      00B2H  1
CY . . . . . . . . . . . . . . . . . .  ABSBIT   -----  BIT      00D7H  1
TI . . . . . . . . . . . . . . . . . .  ABSBIT   -----  BIT      0099H  1
INT1 . . . . . . . . . . . . . . . . .  ABSBIT   -----  BIT      00B3H  1
COMx_InitDefine. . . . . . . . . . . .  TYPEDEF  -----  STRUCT   -----  13
  UART_Mode. . . . . . . . . . . . . .  MEMBER   -----  U_CHAR   0000H  1
  UART_BRT_Use . . . . . . . . . . . .  MEMBER   -----  U_CHAR   0001H  1
  UART_BaudRate. . . . . . . . . . . .  MEMBER   -----  U_LONG   0002H  4
  Morecommunicate. . . . . . . . . . .  MEMBER   -----  U_CHAR   0006H  1
  UART_RxEnable. . . . . . . . . . . .  MEMBER   -----  U_CHAR   0007H  1
  BaudRateDouble . . . . . . . . . . .  MEMBER   -----  U_CHAR   0008H  1
  UART_Interrupt . . . . . . . . . . .  MEMBER   -----  U_CHAR   0009H  1
  UART_Polity. . . . . . . . . . . . .  MEMBER   -----  U_CHAR   000AH  1
  UART_P_SW. . . . . . . . . . . . . .  MEMBER   -----  U_CHAR   000BH  1
  UART_RXD_TXD_Short . . . . . . . . .  MEMBER   -----  U_CHAR   000CH  1
CLK_DIV. . . . . . . . . . . . . . . .  SFR      DATA   U_CHAR   0097H  1
IAP_ADDRH. . . . . . . . . . . . . . .  SFR      DATA   U_CHAR   00C3H  1
RXD2 . . . . . . . . . . . . . . . . .  ABSBIT   -----  BIT      0090H  1
ISP_CMD. . . . . . . . . . . . . . . .  SFR      DATA   U_CHAR   00C5H  1
PS . . . . . . . . . . . . . . . . . .  ABSBIT   -----  BIT      00BCH  1
TXD2 . . . . . . . . . . . . . . . . .  ABSBIT   -----  BIT      0091H  1
SP . . . . . . . . . . . . . . . . . .  SFR      DATA   U_CHAR   0081H  1
CMOD . . . . . . . . . . . . . . . . .  SFR      DATA   U_CHAR   00D9H  1
CCON . . . . . . . . . . . . . . . . .  SFR      DATA   U_CHAR   00D8H  1
IAP_ADDRL. . . . . . . . . . . . . . .  SFR      DATA   U_CHAR   00C4H  1
PPCA . . . . . . . . . . . . . . . . .  ABSBIT   -----  BIT      00BFH  1
OV . . . . . . . . . . . . . . . . . .  ABSBIT   -----  BIT      00D2H  1
CMPCR1 . . . . . . . . . . . . . . . .  SFR      DATA   U_CHAR   00E6H  1
WR . . . . . . . . . . . . . . . . . .  ABSBIT   -----  BIT      00B6H  1
CMPCR2 . . . . . . . . . . . . . . . .  SFR      DATA   U_CHAR   00E7H  1
ELVD . . . . . . . . . . . . . . . . .  ABSBIT   -----  BIT      00AEH  1
u8 . . . . . . . . . . . . . . . . . .  TYPEDEF  -----  U_CHAR   -----  1
P00. . . . . . . . . . . . . . . . . .  ABSBIT   -----  BIT      0080H  1
P10. . . . . . . . . . . . . . . . . .  ABSBIT   -----  BIT      0090H  1
P01. . . . . . . . . . . . . . . . . .  ABSBIT   -----  BIT      0081H  1
ADC_CONTR. . . . . . . . . . . . . . .  SFR      DATA   U_CHAR   00BCH  1
SBUF . . . . . . . . . . . . . . . . .  SFR      DATA   U_CHAR   0099H  1
C51 COMPILER V9.59.0.0   USART1                                                            11/06/2021 22:16:22 PAGE 14  

NAME                                    CLASS   MSPACE  TYPE    OFFSET  SIZE
====                                    =====   ======  ====    ======  ====


PCON . . . . . . . . . . . . . . . . .  SFR      DATA   U_CHAR   0087H  1
P20. . . . . . . . . . . . . . . . . .  ABSBIT   -----  BIT      00A0H  1
P11. . . . . . . . . . . . . . . . . .  ABSBIT   -----  BIT      0091H  1
P02. . . . . . . . . . . . . . . . . .  ABSBIT   -----  BIT      0082H  1
ISP_ADDRH. . . . . . . . . . . . . . .  SFR      DATA   U_CHAR   00C3H  1
P30. . . . . . . . . . . . . . . . . .  ABSBIT   -----  BIT      00B0H  1
P21. . . . . . . . . . . . . . . . . .  ABSBIT   -----  BIT      00A1H  1
P12. . . . . . . . . . . . . . . . . .  ABSBIT   -----  BIT      0092H  1
P03. . . . . . . . . . . . . . . . . .  ABSBIT   -----  BIT      0083H  1
P40. . . . . . . . . . . . . . . . . .  ABSBIT   -----  BIT      00C0H  1
P31. . . . . . . . . . . . . . . . . .  ABSBIT   -----  BIT      00B1H  1
P22. . . . . . . . . . . . . . . . . .  ABSBIT   -----  BIT      00A2H  1
P13. . . . . . . . . . . . . . . . . .  ABSBIT   -----  BIT      0093H  1
P04. . . . . . . . . . . . . . . . . .  ABSBIT   -----  BIT      0084H  1
SCON . . . . . . . . . . . . . . . . .  SFR      DATA   U_CHAR   0098H  1
WAKE_CLKO. . . . . . . . . . . . . . .  SFR      DATA   U_CHAR   008FH  1
P50. . . . . . . . . . . . . . . . . .  ABSBIT   -----  BIT      00C8H  1
P41. . . . . . . . . . . . . . . . . .  ABSBIT   -----  BIT      00C1H  1
P32. . . . . . . . . . . . . . . . . .  ABSBIT   -----  BIT      00B2H  1
P23. . . . . . . . . . . . . . . . . .  ABSBIT   -----  BIT      00A3H  1
P14. . . . . . . . . . . . . . . . . .  ABSBIT   -----  BIT      0094H  1
P05. . . . . . . . . . . . . . . . . .  ABSBIT   -----  BIT      0085H  1
TMOD . . . . . . . . . . . . . . . . .  SFR      DATA   U_CHAR   0089H  1
TCON . . . . . . . . . . . . . . . . .  SFR      DATA   U_CHAR   0088H  1
P51. . . . . . . . . . . . . . . . . .  ABSBIT   -----  BIT      00C9H  1
P42. . . . . . . . . . . . . . . . . .  ABSBIT   -----  BIT      00C2H  1
P33. . . . . . . . . . . . . . . . . .  ABSBIT   -----  BIT      00B3H  1
P24. . . . . . . . . . . . . . . . . .  ABSBIT   -----  BIT      00A4H  1
P15. . . . . . . . . . . . . . . . . .  ABSBIT   -----  BIT      0095H  1
P06. . . . . . . . . . . . . . . . . .  ABSBIT   -----  BIT      0086H  1
ISP_ADDRL. . . . . . . . . . . . . . .  SFR      DATA   U_CHAR   00C4H  1
PLVD . . . . . . . . . . . . . . . . .  ABSBIT   -----  BIT      00BEH  1
P52. . . . . . . . . . . . . . . . . .  ABSBIT   -----  BIT      00CAH  1
P43. . . . . . . . . . . . . . . . . .  ABSBIT   -----  BIT      00C3H  1
P34. . . . . . . . . . . . . . . . . .  ABSBIT   -----  BIT      00B4H  1
P25. . . . . . . . . . . . . . . . . .  ABSBIT   -----  BIT      00A5H  1
P16. . . . . . . . . . . . . . . . . .  ABSBIT   -----  BIT      0096H  1
P07. . . . . . . . . . . . . . . . . .  ABSBIT   -----  BIT      0087H  1
P53. . . . . . . . . . . . . . . . . .  ABSBIT   -----  BIT      00CBH  1
P44. . . . . . . . . . . . . . . . . .  ABSBIT   -----  BIT      00C4H  1
P35. . . . . . . . . . . . . . . . . .  ABSBIT   -----  BIT      00B5H  1
P26. . . . . . . . . . . . . . . . . .  ABSBIT   -----  BIT      00A6H  1
P17. . . . . . . . . . . . . . . . . .  ABSBIT   -----  BIT      0097H  1
P54. . . . . . . . . . . . . . . . . .  ABSBIT   -----  BIT      00CCH  1
P45. . . . . . . . . . . . . . . . . .  ABSBIT   -----  BIT      00C5H  1
P36. . . . . . . . . . . . . . . . . .  ABSBIT   -----  BIT      00B6H  1
P27. . . . . . . . . . . . . . . . . .  ABSBIT   -----  BIT      00A7H  1
P55. . . . . . . . . . . . . . . . . .  ABSBIT   -----  BIT      00CDH  1
P46. . . . . . . . . . . . . . . . . .  ABSBIT   -----  BIT      00C6H  1
P37. . . . . . . . . . . . . . . . . .  ABSBIT   -----  BIT      00B7H  1
P56. . . . . . . . . . . . . . . . . .  ABSBIT   -----  BIT      00CEH  1
P47. . . . . . . . . . . . . . . . . .  ABSBIT   -----  BIT      00C7H  1
P57. . . . . . . . . . . . . . . . . .  ABSBIT   -----  BIT      00CFH  1
_PrintString1. . . . . . . . . . . . .  PUBLIC   CODE   PROC     0000H  -----
  puts . . . . . . . . . . . . . . . .  * REG *  DATA   PTR      0001H  3
IE0. . . . . . . . . . . . . . . . . .  ABSBIT   -----  BIT      0089H  1
BUS_SPEED. . . . . . . . . . . . . . .  SFR      DATA   U_CHAR   00A1H  1
C51 COMPILER V9.59.0.0   USART1                                                            11/06/2021 22:16:22 PAGE 15  

NAME                                    CLASS   MSPACE  TYPE    OFFSET  SIZE
====                                    =====   ======  ====    ======  ====


IE1. . . . . . . . . . . . . . . . . .  ABSBIT   -----  BIT      008BH  1
IE2. . . . . . . . . . . . . . . . . .  SFR      DATA   U_CHAR   00AFH  1
B. . . . . . . . . . . . . . . . . . .  SFR      DATA   U_CHAR   00F0H  1
AUXR . . . . . . . . . . . . . . . . .  SFR      DATA   U_CHAR   008EH  1
IAP_CONTR. . . . . . . . . . . . . . .  SFR      DATA   U_CHAR   00C7H  1
_TX1_write2buff. . . . . . . . . . . .  PUBLIC   CODE   PROC     0000H  -----
  dat. . . . . . . . . . . . . . . . .  * REG *  DATA   U_CHAR   0007H  1
ACC. . . . . . . . . . . . . . . . . .  SFR      DATA   U_CHAR   00E0H  1
ET0. . . . . . . . . . . . . . . . . .  ABSBIT   -----  BIT      00A9H  1
ET1. . . . . . . . . . . . . . . . . .  ABSBIT   -----  BIT      00ABH  1
TF0. . . . . . . . . . . . . . . . . .  ABSBIT   -----  BIT      008DH  1
TF1. . . . . . . . . . . . . . . . . .  ABSBIT   -----  BIT      008FH  1
IP2. . . . . . . . . . . . . . . . . .  SFR      DATA   U_CHAR   00B5H  1
RL_TH0 . . . . . . . . . . . . . . . .  SFR      DATA   U_CHAR   008CH  1
RB8. . . . . . . . . . . . . . . . . .  ABSBIT   -----  BIT      009AH  1
RL_TH1 . . . . . . . . . . . . . . . .  SFR      DATA   U_CHAR   008DH  1
TH0. . . . . . . . . . . . . . . . . .  SFR      DATA   U_CHAR   008CH  1
EX0. . . . . . . . . . . . . . . . . .  ABSBIT   -----  BIT      00A8H  1
IT0. . . . . . . . . . . . . . . . . .  ABSBIT   -----  BIT      0088H  1
RL_T2H . . . . . . . . . . . . . . . .  SFR      DATA   U_CHAR   00D6H  1
TH1. . . . . . . . . . . . . . . . . .  SFR      DATA   U_CHAR   008DH  1
EX1. . . . . . . . . . . . . . . . . .  ABSBIT   -----  BIT      00AAH  1
TB8. . . . . . . . . . . . . . . . . .  ABSBIT   -----  BIT      009BH  1
IT1. . . . . . . . . . . . . . . . . .  ABSBIT   -----  BIT      008AH  1
RL_T3H . . . . . . . . . . . . . . . .  SFR      DATA   U_CHAR   00D4H  1
TH2. . . . . . . . . . . . . . . . . .  SFR      DATA   U_CHAR   00D6H  1
T2H. . . . . . . . . . . . . . . . . .  SFR      DATA   U_CHAR   00D6H  1
P. . . . . . . . . . . . . . . . . . .  ABSBIT   -----  BIT      00D0H  1
RL_T4H . . . . . . . . . . . . . . . .  SFR      DATA   U_CHAR   00D2H  1
TH3. . . . . . . . . . . . . . . . . .  SFR      DATA   U_CHAR   00D4H  1
T3H. . . . . . . . . . . . . . . . . .  SFR      DATA   U_CHAR   00D4H  1
RL_TL0 . . . . . . . . . . . . . . . .  SFR      DATA   U_CHAR   008AH  1
SM0. . . . . . . . . . . . . . . . . .  ABSBIT   -----  BIT      009FH  1
TH4. . . . . . . . . . . . . . . . . .  SFR      DATA   U_CHAR   00D2H  1
T4H. . . . . . . . . . . . . . . . . .  SFR      DATA   U_CHAR   00D2H  1
RL_TL1 . . . . . . . . . . . . . . . .  SFR      DATA   U_CHAR   008BH  1
TL0. . . . . . . . . . . . . . . . . .  SFR      DATA   U_CHAR   008AH  1
SM1. . . . . . . . . . . . . . . . . .  ABSBIT   -----  BIT      009EH  1
RL_T2L . . . . . . . . . . . . . . . .  SFR      DATA   U_CHAR   00D7H  1
TL1. . . . . . . . . . . . . . . . . .  SFR      DATA   U_CHAR   008BH  1
SM2. . . . . . . . . . . . . . . . . .  ABSBIT   -----  BIT      009DH  1
RL_T3L . . . . . . . . . . . . . . . .  SFR      DATA   U_CHAR   00D5H  1
TL2. . . . . . . . . . . . . . . . . .  SFR      DATA   U_CHAR   00D7H  1
T2L. . . . . . . . . . . . . . . . . .  SFR      DATA   U_CHAR   00D7H  1
_USART_Configuration . . . . . . . . .  PUBLIC   CODE   PROC     0000H  -----
  UARTx. . . . . . . . . . . . . . . .  * REG *  DATA   U_CHAR   0007H  1
  COMx . . . . . . . . . . . . . . . .  AUTO     DATA   PTR      0000H  3
  i. . . . . . . . . . . . . . . . . .  * REG *  DATA   U_CHAR   0007H  1
  j. . . . . . . . . . . . . . . . . .  AUTO     DATA   U_LONG   0003H  4
RL_T4L . . . . . . . . . . . . . . . .  SFR      DATA   U_CHAR   00D3H  1
TL3. . . . . . . . . . . . . . . . . .  SFR      DATA   U_CHAR   00D5H  1
T3L. . . . . . . . . . . . . . . . . .  SFR      DATA   U_CHAR   00D5H  1
PT0. . . . . . . . . . . . . . . . . .  ABSBIT   -----  BIT      00B9H  1
TL4. . . . . . . . . . . . . . . . . .  SFR      DATA   U_CHAR   00D3H  1
T4L. . . . . . . . . . . . . . . . . .  SFR      DATA   U_CHAR   00D3H  1
PT1. . . . . . . . . . . . . . . . . .  ABSBIT   -----  BIT      00BBH  1
RS0. . . . . . . . . . . . . . . . . .  ABSBIT   -----  BIT      00D3H  1
C51 COMPILER V9.59.0.0   USART1                                                            11/06/2021 22:16:22 PAGE 16  

NAME                                    CLASS   MSPACE  TYPE    OFFSET  SIZE
====                                    =====   ======  ====    ======  ====


ISP_CONTR. . . . . . . . . . . . . . .  SFR      DATA   U_CHAR   00C7H  1
TR0. . . . . . . . . . . . . . . . . .  ABSBIT   -----  BIT      008CH  1
RS1. . . . . . . . . . . . . . . . . .  ABSBIT   -----  BIT      00D4H  1
IAP_DATA . . . . . . . . . . . . . . .  SFR      DATA   U_CHAR   00C2H  1
TR1. . . . . . . . . . . . . . . . . .  ABSBIT   -----  BIT      008EH  1
PX0. . . . . . . . . . . . . . . . . .  ABSBIT   -----  BIT      00B8H  1
WDT_CONTR. . . . . . . . . . . . . . .  SFR      DATA   U_CHAR   00C1H  1
PX1. . . . . . . . . . . . . . . . . .  ABSBIT   -----  BIT      00BAH  1
u32. . . . . . . . . . . . . . . . . .  TYPEDEF  -----  U_LONG   -----  4
PCA_PWM0 . . . . . . . . . . . . . . .  SFR      DATA   U_CHAR   00F2H  1
PCA_PWM1 . . . . . . . . . . . . . . .  SFR      DATA   U_CHAR   00F3H  1
u16. . . . . . . . . . . . . . . . . .  TYPEDEF  -----  U_INT    -----  2
PCA_PWM2 . . . . . . . . . . . . . . .  SFR      DATA   U_CHAR   00F4H  1
P1ASF. . . . . . . . . . . . . . . . .  SFR      DATA   U_CHAR   009DH  1
DPH. . . . . . . . . . . . . . . . . .  SFR      DATA   U_CHAR   0083H  1
T4T3M. . . . . . . . . . . . . . . . .  SFR      DATA   U_CHAR   00D1H  1
ADC_RESL . . . . . . . . . . . . . . .  SFR      DATA   U_CHAR   00BEH  1
DPL. . . . . . . . . . . . . . . . . .  SFR      DATA   U_CHAR   0082H  1
SPSTAT . . . . . . . . . . . . . . . .  SFR      DATA   U_CHAR   00CDH  1
IPH. . . . . . . . . . . . . . . . . .  SFR      DATA   U_CHAR   00B7H  1
S2BUF. . . . . . . . . . . . . . . . .  SFR      DATA   U_CHAR   009BH  1
PCON2. . . . . . . . . . . . . . . . .  SFR      DATA   U_CHAR   0097H  1
S3BUF. . . . . . . . . . . . . . . . .  SFR      DATA   U_CHAR   00ADH  1
REN. . . . . . . . . . . . . . . . . .  ABSBIT   -----  BIT      009CH  1
S4BUF. . . . . . . . . . . . . . . . .  SFR      DATA   U_CHAR   0085H  1
S2CON. . . . . . . . . . . . . . . . .  SFR      DATA   U_CHAR   009AH  1
S3CON. . . . . . . . . . . . . . . . .  SFR      DATA   U_CHAR   00ACH  1
ISP_DATA . . . . . . . . . . . . . . .  SFR      DATA   U_CHAR   00C2H  1
S4CON. . . . . . . . . . . . . . . . .  SFR      DATA   U_CHAR   0084H  1
SADEN. . . . . . . . . . . . . . . . .  SFR      DATA   U_CHAR   00B9H  1
RXD. . . . . . . . . . . . . . . . . .  ABSBIT   -----  BIT      00B0H  1
SADDR. . . . . . . . . . . . . . . . .  SFR      DATA   U_CHAR   00A9H  1
TXD. . . . . . . . . . . . . . . . . .  ABSBIT   -----  BIT      00B1H  1
B0 . . . . . . . . . . . . . . . . . .  ABSBIT   -----  BIT      00F0H  1
B1 . . . . . . . . . . . . . . . . . .  ABSBIT   -----  BIT      00F1H  1
IAP_TRIG . . . . . . . . . . . . . . .  SFR      DATA   U_CHAR   00C6H  1
AUXR1. . . . . . . . . . . . . . . . .  SFR      DATA   U_CHAR   00A2H  1
B2 . . . . . . . . . . . . . . . . . .  ABSBIT   -----  BIT      00F2H  1
SPI_SS . . . . . . . . . . . . . . . .  ABSBIT   -----  BIT      0092H  1
AUXR2. . . . . . . . . . . . . . . . .  SFR      DATA   U_CHAR   008FH  1
B3 . . . . . . . . . . . . . . . . . .  ABSBIT   -----  BIT      00F3H  1
B4 . . . . . . . . . . . . . . . . . .  ABSBIT   -----  BIT      00F4H  1
F0 . . . . . . . . . . . . . . . . . .  ABSBIT   -----  BIT      00D5H  1
B5 . . . . . . . . . . . . . . . . . .  ABSBIT   -----  BIT      00F5H  1
F1 . . . . . . . . . . . . . . . . . .  ABSBIT   -----  BIT      00D1H  1
INT_CLKO . . . . . . . . . . . . . . .  SFR      DATA   U_CHAR   008FH  1
B6 . . . . . . . . . . . . . . . . . .  ABSBIT   -----  BIT      00F6H  1
ACC0 . . . . . . . . . . . . . . . . .  ABSBIT   -----  BIT      00E0H  1
B7 . . . . . . . . . . . . . . . . . .  ABSBIT   -----  BIT      00F7H  1
ACC1 . . . . . . . . . . . . . . . . .  ABSBIT   -----  BIT      00E1H  1
ACC2 . . . . . . . . . . . . . . . . .  ABSBIT   -----  BIT      00E2H  1
ACC3 . . . . . . . . . . . . . . . . .  ABSBIT   -----  BIT      00E3H  1
PSW. . . . . . . . . . . . . . . . . .  SFR      DATA   U_CHAR   00D0H  1
_putchar . . . . . . . . . . . . . . .  PUBLIC   CODE   PROC     0000H  -----
  c. . . . . . . . . . . . . . . . . .  * REG *  DATA   CHAR     0006H  1
ACC4 . . . . . . . . . . . . . . . . .  ABSBIT   -----  BIT      00E4H  1
SPI_SCLK . . . . . . . . . . . . . . .  ABSBIT   -----  BIT      0095H  1
C51 COMPILER V9.59.0.0   USART1                                                            11/06/2021 22:16:22 PAGE 17  

NAME                                    CLASS   MSPACE  TYPE    OFFSET  SIZE
====                                    =====   ======  ====    ======  ====


CCF0 . . . . . . . . . . . . . . . . .  ABSBIT   -----  BIT      00D8H  1
ACC5 . . . . . . . . . . . . . . . . .  ABSBIT   -----  BIT      00E5H  1
CCF1 . . . . . . . . . . . . . . . . .  ABSBIT   -----  BIT      00D9H  1
ACC6 . . . . . . . . . . . . . . . . .  ABSBIT   -----  BIT      00E6H  1
SPDAT. . . . . . . . . . . . . . . . .  SFR      DATA   U_CHAR   00CFH  1
P0M0 . . . . . . . . . . . . . . . . .  SFR      DATA   U_CHAR   0094H  1


MODULE INFORMATION:   STATIC OVERLAYABLE
   CODE SIZE        =    610    ----
   CONSTANT SIZE    =   ----    ----
   XDATA SIZE       =   ----    ----
   PDATA SIZE       =   ----    ----
   DATA SIZE        =      7       7
   IDATA SIZE       =     80    ----
   BIT SIZE         =   ----    ----
   EDATA SIZE       =   ----    ----
   HDATA SIZE       =   ----    ----
   XDATA CONST SIZE =   ----    ----
   FAR CONST SIZE   =   ----    ----
END OF MODULE INFORMATION.


C51 COMPILATION COMPLETE.  0 WARNING(S),  0 ERROR(S)
