C51 COMPILER V9.60.0.0   IIC                                                               01/05/2022 13:05:04 PAGE 1   


C51 COMPILER V9.60.0.0, COMPILATION OF MODULE IIC
OBJECT MODULE PLACED IN .\Objects\IIC.obj
COMPILER INVOKED BY: C:\Keil_v5\C51\BIN\C51.EXE src\IIC.c OPTIMIZE(8,SPEED) BROWSE INCDIR(.\inc) DEBUG OBJECTEXTEND PRIN
                    -T(.\Listings\IIC.lst) TABS(2) OBJECT(.\Objects\IIC.obj)

line level    source

   1          #include <reg52.h>
   2          #include <intrins.h>
   3          #include "IIC.h"
   4          
   5          //extern unsigned char   pcftmp[7];
   6          void delay()    //略微延时  6us约>4.7us
   7          {
   8   1          _nop_();
   9   1          _nop_();
  10   1          _nop_();
  11   1          _nop_();
  12   1          _nop_();
  13   1          _nop_();
  14   1      }
  15          
  16          void iic_start()   //启动信号
  17          {
  18   1      
  19   1          SDA=1;
  20   1          SCL=1;
  21   1          delay();
  22   1          SDA=0;
  23   1          delay();
  24   1          SCL=0;
  25   1      
  26   1      }
  27          
  28          void iic_stop()  //停止信号
  29          {
  30   1          SDA=0;
  31   1          SCL=1;
  32   1          delay();
  33   1          SDA=1;
  34   1          delay();
  35   1          SCL=0;
  36   1      }
  37          
  38          void iic_ack()   //应答信号
  39          {
  40   1          unsigned char i=0;
  41   1          SCL=1;
  42   1          delay();
  43   1          while((SDA==1)&&(i<255))
  44   1              i++;
  45   1          SCL=0;
  46   1          delay();
  47   1      }
  48          
  49          void iic_send_byte(unsigned char bat)  //发送数据
  50          {
  51   1          unsigned char i,temp;
  52   1          temp = bat;
  53   1          for(i=0; i<=7; i++)
  54   1          {
C51 COMPILER V9.60.0.0   IIC                                                               01/05/2022 13:05:04 PAGE 2   

  55   2              temp=temp<<1;
  56   2              SCL=0;
  57   2              SDA=CY;
  58   2              delay();
  59   2              SCL=1;
  60   2              delay();
  61   2          }
  62   1          SCL=0;
  63   1          delay();
  64   1          SDA=1;
  65   1          delay();
  66   1      }
  67          
  68          unsigned char iic_rev()  //接受数据
  69          {
  70   1          unsigned char temp,i;
  71   1          SCL=0;
  72   1          delay();
  73   1          SDA=1;
  74   1          for(i=0; i<=7; i++)
  75   1          {
  76   2              SCL=1;
  77   2              delay();
  78   2              temp=(temp<<1)|SDA;
  79   2              SCL=0;
  80   2              delay();
  81   2          }
  82   1          delay();
  83   1          return temp;
  84   1      }
  85          
  86          void iic_send_add_byte(unsigned char add,unsigned char bat) //向某个地址发送某数据
  87          {
  88   1          iic_start();
  89   1          iic_send_byte(0xa2);
  90   1          iic_ack();
  91   1          iic_send_byte(add);
  92   1          iic_ack();
  93   1          iic_send_byte(bat);
  94   1          iic_ack();
  95   1          iic_stop();
  96   1      }
  97          
  98          unsigned char iic_rec_add_byte(unsigned char add) //从某个地址读出数据
  99          {
 100   1          unsigned char temp;
 101   1          iic_start();
 102   1          iic_send_byte(0xa2);
 103   1          iic_ack();
 104   1          iic_send_byte(add);
 105   1          iic_ack();
 106   1          iic_start();
 107   1          iic_send_byte(0xa3);
 108   1          iic_ack();
 109   1          temp=iic_rev();
 110   1          iic_stop();
 111   1          return temp;
 112   1      }
 113          /********************************************
 114          内部函数.输入数据
 115          出口:B
 116          ********************************************/
C51 COMPILER V9.60.0.0   IIC                                                               01/05/2022 13:05:04 PAGE 3   

 117          unsigned char Readbyte()
 118          {
 119   1          unsigned char i,bytedata=0;
 120   1          SDA=1;
 121   1          _nop_();
 122   1          for(i=0; i<8; i++)
 123   1          {
 124   2              SCL=1;
 125   2              delay();
 126   2              bytedata<<=1;
 127   2              if(SDA==1)bytedata=bytedata|0x01;
 128   2              delay();
 129   2              SCL=0;
 130   2              delay();
 131   2          }
 132   1          return (bytedata);
 133   1      }
 134          
 135          void ReadData1(unsigned char address,unsigned char count,unsigned char * buff) /*多字节*/
 136          {
 137   1          unsigned char i;
 138   1          iic_start();
 139   1          iic_send_byte(0xa2); /*写命令*/
 140   1          iic_ack();
 141   1          iic_send_byte(address); /*写地址*/
 142   1          iic_ack();
 143   1          iic_start();
 144   1          iic_send_byte(0xa3); /*读命令*/
 145   1          iic_ack();
 146   1          for(i=0; i<count; i++)
 147   1          {
 148   2              buff[i]=Readbyte();
 149   2              if(i<count-1)
 150   2                  WriteACK(0);
 151   2          }
 152   1          WriteACK(1);
 153   1          iic_stop();
 154   1      }
 155          /********************************************
 156          输入数据<-pcf8563
 157          ********************************************/
 158          /*
 159          unsigned char ReadData(unsigned char address) //单字节
 160          {
 161            unsigned char rdata;
 162                   iic_start();
 163              iic_send_byte(0xa2); //写命令
 164               iic_send_byte(address); //写地址
 165               iic_ack();
 166                   iic_start();
 167               iic_send_byte(0xa3); //读命令
 168               iic_ack();
 169                rdata=Readbyte();
 170                WriteACK(1);
 171               iic_stop();
 172                return(rdata);
 173          }
 174          */
 175          /********************************************
 176          内部函数，输出ACK ,每个字节传输完成，输出ack=0,结束读书据，ack=1;
 177          ********************************************/
 178          void WriteACK( unsigned char ack)
C51 COMPILER V9.60.0.0   IIC                                                               01/05/2022 13:05:04 PAGE 4   

 179          {
 180   1          SDA=ack;
 181   1          delay();
 182   1          SCL=1;
 183   1          delay();
 184   1          SCL=0;
 185   1      }
 186          /********************************************
 187          内部函数，等待ACK
 188          ********************************************/
 189          /*
 190          void WaitACK()
 191          {
 192              unsigned char errtime=20;
 193                SDA=1;
 194                delay();  //读ACK
 195                SCL=1;
 196                delay();
 197                while(SDA)
 198                {
 199                  errtime--;
 200                      if(!errtime)
 201                     iic_stop();
 202                }
 203                SCL=0;
 204                delay();
 205          }
 206          */
 207          
 208          /*
 209          void  ReadRTC(void)
 210          {
 211                   iic_start();
 212            iic_send_byte(0xa2); //写命令
 213                    iic_ack();
 214                 iic_send_byte(0x02);
 215                    iic_ack();
 216                   iic_start();
 217                 iic_send_byte(0xa3); //读命令
 218                    iic_ack();
 219                  pcftmp[6] =Readbyte();
 220          //        second = ((tmp[6] >> 4) & 0x07) * 10 + (tmp[6] & 0x0f);//秒
 221                    iic_ack();
 222                pcftmp[5] =Readbyte();
 223          //        minute = ((tmp[5] >> 4) & 0x07) * 10 + (tmp[5] & 0x0f);
 224                    iic_ack();
 225                  pcftmp[4]   =Readbyte();
 226          //        hour   = ((tmp[4] >> 4) & 0x03) * 10 + (tmp[4] & 0x0f);
 227                    iic_ack();
 228                  pcftmp[3]   =Readbyte();
 229          //        week   = tmp[3];
 230                    iic_ack();
 231                 pcftmp[2]   =Readbyte();
 232          //        date   = ((tmp[2] >> 4) & 0x03) * 10 + (tmp[2] & 0x0f);
 233                    iic_ack();
 234              pcftmp[1]   =Readbyte();
 235          //        month   = ((tmp[1] >> 4) & 0x03) * 10 + (tmp[1] & 0x0f);
 236                    iic_ack();
 237                  pcftmp[0]   =Readbyte();
 238          //        year   = ((tmp[0] >> 4) & 0x03) * 10 + (tmp[0] & 0x0f);
 239                    WriteACK(1);
 240                   iic_stop();
C51 COMPILER V9.60.0.0   IIC                                                               01/05/2022 13:05:04 PAGE 5   

 241          
 242          }
 243          */


MODULE INFORMATION:   STATIC OVERLAYABLE
   CODE SIZE        =    351    ----
   CONSTANT SIZE    =   ----    ----
   XDATA SIZE       =   ----    ----
   PDATA SIZE       =   ----    ----
   DATA SIZE        =   ----       5
   IDATA SIZE       =   ----    ----
   BIT SIZE         =   ----    ----
END OF MODULE INFORMATION.


C51 COMPILATION COMPLETE.  0 WARNING(S),  0 ERROR(S)
