C51 COMPILER V9.60.0.0   LCD1602                                                           01/05/2022 13:05:04 PAGE 1   


C51 COMPILER V9.60.0.0, COMPILATION OF MODULE LCD1602
OBJECT MODULE PLACED IN .\Objects\LCD1602.obj
COMPILER INVOKED BY: C:\Keil_v5\C51\BIN\C51.EXE src\LCD1602.c OPTIMIZE(8,SPEED) BROWSE INCDIR(.\inc) DEBUG OBJECTEXTEND 
                    -PRINT(.\Listings\LCD1602.lst) TABS(2) OBJECT(.\Objects\LCD1602.obj)

line level    source

   1          
   2          #include "LCD1602.h"
   3          
   4          void Delay1us(unsigned int a)
   5          {
   6   1          unsigned int b,c;
   7   1          for(c=a; c>0; c--)
   8   1              for(b=110; b>0; b--);
   9   1      }
  10          
  11          void LCD1602_WriteCom(unsigned char com)          //写入命令
  12          {
  13   1          LCD1602_E=0;
  14   1          LCD1602_RS=0;
  15   1          LCD1602_RW=0;
  16   1          LCD1602_DATAPINS = com;        //由于4位的接线是接到P0口的高四位，所以传送高四位不用改
  17   1          Delay1us(10);
  18   1          LCD1602_E=1;
  19   1          Delay1us(10);
  20   1          LCD1602_E=0;
  21   1          Delay1us(10);
  22   1          LCD1602_DATAPINS=com<<4;
  23   1          Delay1us(10);
  24   1          LCD1602_E=1;
  25   1          Delay1us(10);
  26   1          LCD1602_E=0;
  27   1      }
  28          
  29          void LCD1602_WriteData(unsigned char dat)                        //写入数据
  30          {
  31   1          LCD1602_E=0;
  32   1          LCD1602_RS=1;
  33   1          LCD1602_RW=0;
  34   1          LCD1602_DATAPINS=dat;        //由于4位的接线是接到P0口的高四位，所以传送高四位不用改
  35   1          Delay1us(10);
  36   1          LCD1602_E=1;
  37   1          Delay1us(10);
  38   1          LCD1602_E=0;
  39   1          LCD1602_DATAPINS=dat<<4;
  40   1          Delay1us(10);
  41   1          LCD1602_E=1;
  42   1          Delay1us(10);
  43   1          LCD1602_E=0;
  44   1      }
  45          //x自动行，y指定位置，s写入字符串函数
  46          void  LCD_Write_String(unsigned char x,unsigned char y,unsigned char *s)
  47          {
  48   1          if (y == 0)
  49   1          {
  50   2              LCD1602_WriteCom(0x80 + x);     //表示第一行
  51   2          }
  52   1          else
  53   1          {
  54   2              LCD1602_WriteCom(0xC0 + x);      //表示第二行
C51 COMPILER V9.60.0.0   LCD1602                                                           01/05/2022 13:05:04 PAGE 2   

  55   2          }
  56   1          while(*s)
  57   1          {
  58   2              LCD1602_WriteData(*s);
  59   2              s ++;
  60   2          }
  61   1      
  62   1      }
  63          void LCD1602_Init()                                                  //LCD初始化子程序
  64          {
  65   1          LCD1602_WriteCom(0x32);         //将8位总线转为4位总线
  66   1          LCD1602_WriteCom(0x28);         //在四位线下的初始化
  67   1          LCD1602_WriteCom(0x0c);  //开显示不显示光标
  68   1          LCD1602_WriteCom(0x06);  //写一个指针加1
  69   1          LCD1602_WriteCom(0x01);  //清屏
  70   1          LCD1602_WriteCom(0x80);  //设置数据指针起点
  71   1      }
  72          


MODULE INFORMATION:   STATIC OVERLAYABLE
   CODE SIZE        =    178    ----
   CONSTANT SIZE    =   ----    ----
   XDATA SIZE       =   ----    ----
   PDATA SIZE       =   ----    ----
   DATA SIZE        =   ----       4
   IDATA SIZE       =   ----    ----
   BIT SIZE         =   ----    ----
END OF MODULE INFORMATION.


C51 COMPILATION COMPLETE.  0 WARNING(S),  0 ERROR(S)
