C51 COMPILER V9.60.0.0   WAVE2                                                             12/26/2021 15:39:51 PAGE 1   


C51 COMPILER V9.60.0.0, COMPILATION OF MODULE WAVE2
OBJECT MODULE PLACED IN .\Objects\wave2.obj
COMPILER INVOKED BY: C:\Keil_v5\C51\BIN\C51.EXE wave2.c OPTIMIZE(8,SPEED) BROWSE DEBUG OBJECTEXTEND PRINT(.\Listings\wav
                    -e2.lst) TABS(2) OBJECT(.\Objects\wave2.obj)

line level    source

   1          #include <reg51.h>
   2          #include <intrins.h>
   3          #include<ABSACC.H>         
   4          #define uchar unsigned char
   5          #define  data_OUT  XBYTE[0x7FFF]
   6          char code dat[]={
   7               0x80,0x83,0x86,0x89,0x8D,0x90,0x93,0x96,0x99,0x9C,0x9F,0xA2,0xA5,0xA8,0xAB,0xAE,
   8               0xB1,0xB4,0xB7,0xBA,0xBC,0xBF,0xC2,0xC5,0xC7,0xCA,0xCC,0xCF,0xD1,0xD4,0xD6,0xD8,
   9               0xDA,0xDD,0xDF,0xE1,0xE3,0xE5,0xE7,0xE9,0xEA,0xEC,0xEE,0xEF,0xF1,0xF2,0xF4,0xF5,
  10               0xF6,0xF7,0xF8,0xF9,0xFA,0xFB,0xFC,0xFD,0xFD,0xFE,0xFF,0xFF,0xFF,0xFF,0xFF,0xFF,
  11               0xFF,0xFF,0xFF,0xFF,0xFF,0xFF,0xFE,0xFD,0xFD,0xFC,0xFB,0xFA,0xF9,0xF8,0xF7,0xF6,
  12               0xF5,0xF4,0xF2,0xF1,0xEF,0xEE,0xEC,0xEA,0xE9,0xE7,0xE5,0xE3,0xE1,0xDF,0xDD,0xDA,
  13               0xD8,0xD6,0xD4,0xD1,0xCF,0xCC,0xCA,0xC7,0xC5,0xC2,0xBF,0xBC,0xBA,0xB7,0xB4,0xB1,
  14               0xAE,0xAB,0xA8,0xA5,0xA2,0x9F,0x9C,0x99,0x96,0x93,0x90,0x8D,0x89,0x86,0x83,0x80,
  15               0x80,0x7C,0x79,0x76,0x72,0x6F,0x6C,0x69,0x66,0x63,0x60,0x5D,0x5A,0x57,0x55,0x51,
  16               0x4E,0x4C,0x48,0x45,0x43,0x40,0x3D,0x3A,0x38,0x35,0x33,0x30,0x2E,0x2B,0x29,0x27,
  17               0x25,0x22,0x20,0x1E,0x1C,0x1A,0x18,0x16,0x15,0x13,0x11,0x10,0x0E,0x0D,0x0B,0x0A,
  18               0x09,0x08,0x07,0x06,0x05,0x04,0x03,0x02,0x02,0x01,0x00,0x00,0x00,0x00,0x00,0x00,
  19               0x00,0x00,0x00,0x00,0x00,0x00,0x01,0x02,0x02,0x03,0x04,0x05,0x06,0x07,0x08,0x09,
  20               0x0A,0x0B,0x0D,0x0E,0x10,0x11,0x13,0x15,0x16,0x18,0x1A,0x1C,0x1E,0x20,0x22,0x25,
  21               0x27,0x29,0x2B,0x2E,0x30,0x33,0x35,0x38,0x3A,0x3D,0x40,0x43,0x45,0x48,0x4C,0x4E,
  22               0x51,0x55,0x57,0x5A,0x5D,0x60,0x63,0x66,0x69,0x6C,0x6F,0x72,0x76,0x79,0x7C,0x7E
  23          };
  24          bit flag=0;
  25            void delay(unsigned  int N)  
  26            {
  27   1        int i;
  28   1        for(i=0;i<N;i++);
  29   1        }
  30          
  31          void conversion_once_0832(unsigned char out_data)
  32                     {
  33   1                 data_OUT=out_data; //输出数据
  34   1                 delay(10);         //延时等待转换
  35   1                  }
  36          uchar  keyscan()
  37          {
  38   1      uchar key;
  39   1      if(P1!=0xff)
  40   1        {
  41   2         delay(61);
  42   2         key=P1;
  43   2         if(key!=0xff)
  44   2          flag=~flag;
  45   2         
  46   2        }
  47   1       return(key);
  48   1      }
  49          
  50          void triangle()
  51          {
  52   1        uchar k;
  53   1        for(k=0;k<255;k++)
  54   1          conversion_once_0832(k);
C51 COMPILER V9.60.0.0   WAVE2                                                             12/26/2021 15:39:51 PAGE 2   

  55   1        for(;k>0;k--)
  56   1           conversion_once_0832(k);
  57   1      }
  58          void square()
  59          {
  60   1      conversion_once_0832(0xff);
  61   1      delay(1000);
  62   1      conversion_once_0832(0x00);
  63   1      delay(1000);
  64   1      
  65   1      }
  66          void juchibo()
  67          {
  68   1        uchar j;
  69   1        for(j=0;j<255;j++)
  70   1         conversion_once_0832(j);
  71   1      }
  72          void sin()
  73          {
  74   1      uchar i;
  75   1      for(i=0;i<255;i++)
  76   1         {
  77   2          conversion_once_0832(dat[i]);
  78   2         }
  79   1      }
  80          void main()
  81          {
  82   1      uchar temp;
  83   1      while(1)
  84   1        {
  85   2         temp=keyscan();
  86   2         switch(temp)
  87   2           {
  88   3                 case 0xfe: do{
  89   4                                          triangle();
  90   4                                              }while(keyscan()&&(flag==1));break;
  91   3                 case 0xfd: do{
  92   4                                          square();
  93   4                                              }while(keyscan()&&(flag==1));break;
  94   3                 case 0xfb: do{
  95   4                                          juchibo();
  96   4                                              }while(keyscan()&&(flag==1));break;
  97   3             case 0xf7: do{
  98   4                                          sin();
  99   4                                              }while(keyscan()&&(flag==1));break;
 100   3                 default: break;
 101   3               }
 102   2        }
 103   1      
 104   1      }


MODULE INFORMATION:   STATIC OVERLAYABLE
   CODE SIZE        =    238    ----
   CONSTANT SIZE    =    256    ----
   XDATA SIZE       =   ----    ----
   PDATA SIZE       =   ----    ----
   DATA SIZE        =   ----    ----
   IDATA SIZE       =   ----    ----
   BIT SIZE         =      1    ----
END OF MODULE INFORMATION.


C51 COMPILATION COMPLETE.  0 WARNING(S),  0 ERROR(S)
