C51 COMPILER V9.60.0.0   WAVE                                                              12/26/2021 15:05:41 PAGE 1   


C51 COMPILER V9.60.0.0, COMPILATION OF MODULE WAVE
OBJECT MODULE PLACED IN .\Objects\wave.obj
COMPILER INVOKED BY: C:\Keil_v5\C51\BIN\C51.EXE wave.c OPTIMIZE(8,SPEED) BROWSE DEBUG OBJECTEXTEND PRINT(.\Listings\wave
                    -.lst) TABS(2) OBJECT(.\Objects\wave.obj)

line level    source

   1          #include "reg52.h"
   2          #include <math.h>
   3          #define ADC_PORT P2 //如图，ADC0832连接端口
   4          //5种波
   5          #define W_SINE 0
   6          #define W_SQU 1
   7          #define W_TRI 2
   8          #define W_TRA 3
   9          #define W_SAW 4
  10          #define PI 3.1415926f //圆周率
  11          
  12          //简化类型符写法
  13          typedef unsigned char u8;
  14          typedef unsigned int u16;
  15          typedef unsigned long u32;
  16          
  17          sbit ADC_CS_WR=P3^0; //如图，ADC0832使能口
  18          //5个LED，接P0口
  19          sbit LED0=P0^0;
  20          sbit LED1=P0^1;
  21          sbit LED2=P0^2;
  22          sbit LED3=P0^3;
  23          sbit LED4=P0^4;
  24          //5个按键
  25          sbit KEY0=P1^0;
  26          sbit KEY1=P1^1;
  27          sbit KEY2=P1^2;
  28          sbit KEY3=P1^3;
  29          sbit KEY4=P1^4;
  30          //全局变量
  31          u8 volatile mode;//模式：正弦波……
  32          u16 freq;//频率
  33          u8 time;//计次参数
  34          u8 AM;//调幅
  35          
  36          
  37          void Timer0Init(void);
  38          void scanKey(void);
  39          void sys_init(void);
  40          
  41          void sine_wave(u8 location);//正弦波
  42          void squ_wave(u8 location);//方……
  43          void tri_wave(u8 location);//三……
  44          void tra_wave(u8 location);//梯……
  45          void saw_wave(u8 location);//锯……
  46          
  47          void Timer0Init(void)   //100微秒@12.000MHz
  48          {
  49   1        TMOD &= 0xF0;   //设置定时器模式
  50   1        TMOD |= 0x02;   //设置定时器模式
  51   1        TL0 = 0x9C;   //设置定时初值
  52   1        TH0 = 0x9C;   //设置定时重载值
  53   1        TF0 = 0;    //清除TF0标志
  54   1        TR0 = 1;    //定时器0开始计时
C51 COMPILER V9.60.0.0   WAVE                                                              12/26/2021 15:05:41 PAGE 2   

  55   1        EA = 1;         //开总中断
  56   1        ET0 = 1;        //开定时器0中断
  57   1      }
  58          
  59          void scanKey(void)//按键扫描
  60          {
  61   1        if(KEY0==0)
  62   1        {
  63   2          mode=0;
  64   2          P0=0xFF;//灭所有灯
  65   2          LED0=0;
  66   2        }
  67   1        
  68   1        if(KEY1==0)
  69   1        {
  70   2          mode=1;
  71   2          P0=0xFF;//灭所有灯
  72   2          LED1=0;
  73   2        }
  74   1        
  75   1        if(KEY2==0)
  76   1        {
  77   2          mode=2;
  78   2          P0=0xFF;//灭所有灯
  79   2          LED2=0;
  80   2        }
  81   1        
  82   1        if(KEY3==0)
  83   1        {
  84   2          mode=3;
  85   2          P0=0xFF;//灭所有灯
  86   2          LED3=0;
  87   2        }
  88   1        
  89   1        if(KEY4==0)
  90   1        {
  91   2          mode=4;
  92   2          P0=0xFF;//灭所有灯
  93   2          LED4=0;
  94   2        }
  95   1      }
  96          
  97          void sys_init(void)//系统初始化
  98          {
  99   1        time=0;
 100   1        ADC_CS_WR=0;
 101   1        ADC_PORT=0;
 102   1        mode=0;//默认输出正弦波
 103   1        freq=100;//默认频率100Hz
 104   1        AM=255;//最大幅度
 105   1      }
 106          void sine_wave(u8 location)//输出正弦波
 107          {
 108   1        double x=(double)location/50*PI;//把0-100放缩到0-2派(pai，没有那个符号，好难受(snt))
 109   1        u8 y=(sin(x)*(AM/2)+(AM/2));//算出y，并放缩到0-254（因为ADC范围0-AM，感觉这个芯片好落后）
 110   1        ADC_PORT=y;
 111   1      }
 112          
 113          void squ_wave(u8 location)//方……
 114          {
 115   1        if(location<50)
 116   1          ADC_PORT=AM;
C51 COMPILER V9.60.0.0   WAVE                                                              12/26/2021 15:05:41 PAGE 3   

 117   1        else
 118   1          ADC_PORT=0x00;
 119   1      }
 120          
 121          void tri_wave(u8 location)//三……
 122          {
 123   1        //为了简化，在单周期输出V字形
 124   1        u8 y;
 125   1        if(location<50)
 126   1          y=(50-location)*AM/50;
 127   1        else
 128   1          y=(location-50)*AM/50;
 129   1        ADC_PORT=y;
 130   1      }
 131          void tra_wave(u8 location)//梯……
 132          {
 133   1        u8 y;
 134   1        if(location<25)
 135   1          y=0xFF;
 136   1        else if(location<50)
 137   1          y=(50-location)*AM/25;
 138   1        else if(location<75)
 139   1          y=0;
 140   1        else
 141   1          y=(location-75)*AM/25;
 142   1        ADC_PORT=y;
 143   1      }
 144          void saw_wave(u8 location)//锯……
 145          {
 146   1        ADC_PORT=location*AM/100;
 147   1        //用（100-location）也以变成反向锯齿
 148   1      }
 149          
 150          void Timer0Work() interrupt 1 //中断服务函数
 151          {
 152   1        switch(mode)
 153   1        {
 154   2          case W_SINE:sine_wave((u8)(time*freq/100)%100);break;//计算出波的位置
 155   2          case W_SQU:squ_wave((u8)((time*freq/100)%100));break;
 156   2          case W_TRI:tri_wave((u8)((time*freq/100)%100));break;
 157   2          case W_TRA:tra_wave((u8)((time*freq/100)%100));break;
 158   2          case W_SAW:saw_wave((u8)((time*freq/100)%100));break;
 159   2        }
 160   1        time++;
 161   1        if(time>=100)//计数100次
 162   1          time=0;
 163   1      }
 164          
 165          int main(void)
 166          {
 167   1        sys_init();
 168   1        Timer0Init();
 169   1        while(1)
 170   1        {
 171   2          scanKey();
 172   2        }
 173   1      }
 174          


MODULE INFORMATION:   STATIC OVERLAYABLE
   CODE SIZE        =    615    ----
C51 COMPILER V9.60.0.0   WAVE                                                              12/26/2021 15:05:41 PAGE 4   

   CONSTANT SIZE    =   ----    ----
   XDATA SIZE       =   ----    ----
   PDATA SIZE       =   ----    ----
   DATA SIZE        =      5    ----
   IDATA SIZE       =   ----    ----
   BIT SIZE         =   ----    ----
END OF MODULE INFORMATION.


C51 COMPILATION COMPLETE.  0 WARNING(S),  0 ERROR(S)
