C51 COMPILER V9.60.0.0   MAIN                                                              05/03/2022 11:50:54 PAGE 1   


C51 COMPILER V9.60.0.0, COMPILATION OF MODULE MAIN
OBJECT MODULE PLACED IN .\Objects\main.obj
COMPILER INVOKED BY: C:\Keil_v5\C51\BIN\C51.EXE main.c OPTIMIZE(8,SPEED) BROWSE DEBUG OBJECTEXTEND PRINT(.\Listings\main
                    -.lst) TABS(2) OBJECT(.\Objects\main.obj)

line level    source

   1          #include<reg51.h>
   2          sfr AUXR = 0x8E;
   3          unsigned int a0=0;
   4          unsigned int a1=0;
   5          //sbit led1=P3^3;
   6          sbit led2=P3^4;
   7          sbit led1=P3^5;
   8          bit HL;
   9                             
  10          void pulseIn0();
  11          void pulseIn1();
  12           
  13           
  14          void Timer0Init(void)
  15          {
  16   1        AUXR &= 0x7F;
  17   1        TMOD &= 0xF0;
  18   1        TL0 = 0x00;
  19   1        TH0 = 0x00;
  20   1        TF0 = 0;
  21   1        TR0 = 0;
  22   1      }
  23           
  24           
  25          void main()
  26          {   
  27   1        EA   = 1;
  28   1        //INT0 = 1;
  29   1        EX0  = 0; 
  30   1        IT0  = 0;  
  31   1        EX1  = 0; 
  32   1        IT1  = 0;
  33   1        Timer0Init();
  34   1        while(1){  
  35   2          pulseIn1();
  36   2          if(a0>980&&a0<1020)led2=0;  else led2=1;
  37   2          pulseIn0();
  38   2          if(a1>1480&&a1<1520)led1=0; else led1=1;
  39   2        }
  40   1      }
  41           
  42           
  43          void INT_0 (void) interrupt 0  using 2
  44          {
  45   1         HL = INT0;
  46   1         if(HL==1)TR0 = 1;
  47   1         if(HL==0){
  48   2           TR0 = 0;
  49   2           a0   = TH0;
  50   2           a0   = a0*256+TL0;
  51   2           TL0 = 0x00;
  52   2           TH0 = 0x00; 
  53   2           EX0  = 0; 
  54   2         }
C51 COMPILER V9.60.0.0   MAIN                                                              05/03/2022 11:50:54 PAGE 2   

  55   1      }
  56          void INT_1 (void) interrupt 2  using 2
  57          {
  58   1         HL = INT1;
  59   1         if(HL==1)TR0 = 1;
  60   1         if(HL==0){
  61   2           TR0 = 0;
  62   2           a1   = TH0;
  63   2           a1  = a1*256+TL0;
  64   2           TL0 = 0x00;
  65   2           TH0 = 0x00; 
  66   2           EX1  = 0; 
  67   2         }
  68   1      }
  69          void pulseIn0(){
  70   1        while(INT0==1);
  71   1        EX0  = 1; 
  72   1      }
  73          void pulseIn1(){
  74   1        while(INT1==1);
  75   1        EX1  = 1; 
  76   1      }


MODULE INFORMATION:   STATIC OVERLAYABLE
   CODE SIZE        =    215    ----
   CONSTANT SIZE    =   ----    ----
   XDATA SIZE       =   ----    ----
   PDATA SIZE       =   ----    ----
   DATA SIZE        =      4    ----
   IDATA SIZE       =   ----    ----
   BIT SIZE         =      1    ----
END OF MODULE INFORMATION.


C51 COMPILATION COMPLETE.  0 WARNING(S),  0 ERROR(S)
