C51 COMPILER V9.60.0.0   MAIN                                                              05/21/2022 23:49:57 PAGE 1   


C51 COMPILER V9.60.0.0, COMPILATION OF MODULE MAIN
OBJECT MODULE PLACED IN .\Objects\main.obj
COMPILER INVOKED BY: C:\Keil_v5\C51\BIN\C51.EXE main.c OPTIMIZE(8,SPEED) BROWSE DEBUG OBJECTEXTEND PRINT(.\Listings\main
                    -.lst) TABS(2) OBJECT(.\Objects\main.obj)

line level    source

   1          //功能：基于89C51的全自动洗衣机
   2          //备注：没有脱水时的防振功能
   3          #include <STC89C5xRC.H>
   4          /************************数据类型宏定义******************/
   5          #define uchar unsigned char
   6          #define uint unsigned int
   7          /***********************使能、禁止宏定义*****************/
   8          #define Enable(); EA=1;
   9          #define Disable(); EA=0;
  10          /********************程序选择功能标志宏定义**************/
  11          #define BIAOZHUN 0
  12          #define JINGJI 1
  13          #define DANDU 2
  14          #define PAISHUI 3
  15          /********************强弱选择功能标志宏定义**************/
  16          #define QIANGXI 0
  17          #define RUOXI 1
  18          /*******************进水、排水时间限制宏定义*************/
  19          #define T_JinShui 240 //4min*60s
  20          #define T_PaiShui 60 //1min*60s
  21          #define T_XiDi 360 //6min*60s
  22          #define T_PiaoXi_1 240 //4min*60s
  23          #define T_PiaoXi_2 120 //2min*60s
  24          #define T_TuoShui 120 //2min*60s
  25          /**********************电机控制宏定义********************/
  26          #define ZHENGZHUAN 0
  27          #define STOP 1
  28          #define FANZHUAN 2
  29          #define ZhengZhuan(); PIN_Motor_A = 0; PIN_Motor_B = 1;
  30          #define Stop(); PIN_Motor_A = 1; PIN_Motor_B = 1;
  31          #define FanZhuan(); PIN_Motor_A = 1; PIN_Motor_B = 0;
  32          /*******************暂停、继续控制宏定义*****************/
  33          #define ZanTIng(); ET0 = 0; ET1 = 0; Stop();
  34          #define JiXu(); ET0 = 1; ET1 = 1;
  35          #define flag_Ok (flag_JinShui||flag_PaiShui||flag_XiDi||flag_PiaoXi||flag_TuoShui)
  36          /*************************管脚定义***********************/
  37          sbit LED_BiaoZhun = P1^0; //标准程序显示灯
  38          sbit LED_JingJi = P1^1; //经济程序显示灯
  39          sbit LED_DanDu = P1^2; //单独程序显示灯
  40          sbit LED_PaiShui = P1^3; //排水程序显示灯
  41          sbit LED_QiangXi = P1^4; //强洗状态灯
  42          sbit LED_RuoXi = P1^5; //弱洗状态灯
  43          sbit LED_XiDi = P1^6; //洗涤状态灯
  44          sbit LED_PiaoXi = P1^7; //漂洗状态灯
  45          sbit LED_TuoShui = P2^0; //脱水状态灯
  46          sbit PIN_BaoJing = P2^1; //报警喇叭
  47          sbit PIN_JinShui = P2^2; //进水控制
  48          sbit PIN_PaiShui = P2^3; //排谁控制
  49          sbit PIN_Motor_A = P2^4; //电机脚A
  50          sbit PIN_Motor_B = P2^5; //电机脚B
  51          sbit K_SEL_ChengXu = P3^0; //选择程序键
  52          sbit K_SEL_QiangRuo = P3^1; //选择强弱键
  53          sbit p32 = P3^2; //
  54          sbit p33 = P3^3; //
C51 COMPILER V9.60.0.0   MAIN                                                              05/21/2022 23:49:57 PAGE 2   

  55          sbit SW_ShuiWei = P3^6; //水位开关
  56          sbit SW_AnQuan = P3^7; //安全开关
  57          void Programme_PaiShui(void);
  58          uchar flag_SEL_ChengXu; //默认为标准程序,
  59          bit flag_SEl_QiangRuo; //默认为强洗,1为弱洗
  60          bit flag_Run; //运行标志,1为运行
  61          bit flag_JinShui; //进水标志,1为进水
  62          bit flag_PaiShui; //排水标志,1为排水
  63          bit flag_XiDi; //置洗涤标志
  64          bit flag_PiaoXi; //置漂洗标志
  65          bit flag_TuoShui; //脱水标志
  66          bit flag_BaoJing; //报警标志
  67          uchar _50ms; //每50ms加一次的变量
  68          uint s; //秒
  69          uint T_S; //定时总时间
  70          uchar T_Motor; //电机控制时间
  71          
  72          void Delay_10ms(uint T1)
  73          {
  74   1          uint t1,t2;
  75   1          for(t1=0; t1<T1; t1++)
  76   1              for(t2=0; t2<1250; t2++); //10ms
  77   1      }
  78          
  79          void Pin_Init(void)
  80          {   
  81   1          LED_BiaoZhun = 0; //默认为标准程序,灯亮
  82   1          LED_JingJi = 1; //经济程序显示灯,灭
  83   1          LED_DanDu = 1; //单独程序显示灯,灭
  84   1          LED_PaiShui = 1; //排水程序显示灯,灭
  85   1          LED_QiangXi = 0; //默认为强洗状态,灯亮
  86   1          LED_RuoXi = 1; //弱洗状态灯,灭
  87   1          LED_XiDi = 1; //洗涤状态灯,运行后灯亮
  88   1          LED_PiaoXi = 1; //漂洗状态灯,运行后灯亮
  89   1          LED_TuoShui = 1; //脱水状态灯,运行后灯亮
  90   1          PIN_BaoJing = 1; //报警喇叭,不叫
  91   1          PIN_JinShui = 1; //进水控制,关
  92   1          PIN_PaiShui = 1; //排谁控制,关
  93   1          PIN_Motor_A = 1; //电机脚A,不走
  94   1          PIN_Motor_B = 1; //电机脚B,不走
  95   1      
  96   1      }
  97          /********************外部中断0（P32）初始化程序********************/
  98          void ExInt_Init(void)
  99          {   
 100   1          IT0 = 1;
 101   1          EX0 = 1;
 102   1          IT1 = 1;
 103   1          EX1 = 1;
 104   1      }
 105          /*******************定时器0初始化程序******************/
 106          void Timer0_Init(void) //其中没ET0是为以后控制暂停用的
 107          {   
 108   1        TMOD = TMOD | 0X01; //定时方式1
 109   1          TH0 = 0X3C; //50ms
 110   1          TL0 = 0XB0;
 111   1          TR0 = 1;
 112   1          _50ms = 0;
 113   1          s = 0;
 114   1      }
 115          /*******************定时器1初始化程序******************/
 116          void Timer1_Init(void) //其中没ET1是为以后控制暂停用的
C51 COMPILER V9.60.0.0   MAIN                                                              05/21/2022 23:49:57 PAGE 3   

 117          {   
 118   1          TMOD = TMOD | 0X10; //定时方式1
 119   1          TH1 = 0X3C; //50ms
 120   1          TL1 = 0XB0;
 121   1      }
 122          /********************电机初始化程序********************/
 123          void T_Motor_Ctl(uchar t1,uchar t2,uchar t3)
 124          {
 125   1          if(!flag_SEl_QiangRuo)//强洗
 126   1              T_Motor = t1;
 127   1          if(flag_SEl_QiangRuo)//弱洗
 128   1              T_Motor = t2;
 129   1          if(flag_TuoShui) //脱水
 130   1              T_Motor = t3;
 131   1      }
 132          /********************电机初始化程序********************/
 133          void Motor_Init(void)
 134          {   
 135   1          ZhengZhuan();
 136   1          T_Motor_Ctl(4,3,5);
 137   1      }
 138          /**********************解除报警************************/
 139          void No_BaoJing(void)
 140          {   
 141   1        flag_BaoJing= 0; //置报警标志
 142   1          PIN_BaoJing = 1; //报警喇叭
 143   1          TR1 = 0;//而进水、排水已没时间限制了
 144   1      }
 145          /*******外部中断0程序为运行、解除报警或者暂停***********/
 146          void int0(void) interrupt 0
 147          {
 148   1        static  volatile bit flag_ZanTing = 0;
 149   1          if(!p32)
 150   1          {   
 151   2            Delay_10ms(1); //延时10ms左右,去抖动
 152   2              if(!p32)
 153   2              {   
 154   3                if(!flag_Run)
 155   3                     flag_Run = 1; //置运行标志
 156   3                  else if(flag_BaoJing)
 157   3                      No_BaoJing(); //解除报警
 158   3                  else if(flag_Ok)
 159   3                  {                 
 160   4                      flag_ZanTing = ~flag_ZanTing;
 161   4                      if(flag_ZanTing)
 162   4                      {
 163   5                        //  ZanTing();
 164   5                        Stop();
 165   5                      }//必须加{}
 166   4                      else
 167   4                      {
 168   5                          JiXu();
 169   5                      } //必须加{}
 170   4                  }//end else
 171   3              }//end if(!p32) 2
 172   2          }//end if(!p32) 1
 173   1      }
 174          /**********************报警程序************************/
 175          void BaoJing(void)
 176          {   
 177   1        flag_BaoJing= 1; //置报警标志
 178   1          TR0 = 0;
C51 COMPILER V9.60.0.0   MAIN                                                              05/21/2022 23:49:57 PAGE 4   

 179   1          TR1 = 1;
 180   1      }
 181          /*******************时间到处理程序*********************/
 182          void Ok_Timer(void)
 183          {   
 184   1          s = 0;
 185   1          if(flag_JinShui || flag_PaiShui) //进水中~、排水中~
 186   1          {  
 187   2            BaoJing(); //报警程序
 188   2          }//end if(flag_JinShui || flag_PaiShui)
 189   1          else
 190   1          {  
 191   2            flag_XiDi = 0; //清洗涤标志
 192   2              flag_PiaoXi = 0; //清漂洗标志
 193   2              flag_TuoShui= 0; //清脱水标志
 194   2              Stop();
 195   2          }//end else
 196   1      }
 197          /********************电机控制程序**********************/
 198          void Motor(void)
 199          {   
 200   1        static uchar s_Motor;
 201   1          s_Motor++;
 202   1          if(s_Motor == T_Motor)
 203   1          {   
 204   2            static uchar Motors;
 205   2              s_Motor = 0;
 206   2              Motors++;
 207   2              if(Motors==3)
 208   2                  Motors = 0;
 209   2              switch(Motors)
 210   2              {
 211   3              case ZHENGZHUAN :
 212   3                  ZhengZhuan();
 213   3                  T_Motor_Ctl(4,3,5);
 214   3                  break;
 215   3      
 216   3              case STOP :
 217   3                  Stop();
 218   3                  T_Motor_Ctl(1,2,2);
 219   3                  break;
 220   3      
 221   3              case FANZHUAN :
 222   3                  FanZhuan();
 223   3                  T_Motor_Ctl(4,3,5);
 224   3                  break;
 225   3      
 226   3              default :
 227   3                  break;
 228   3              }//end switch
 229   2          }//end if
 230   1      }
 231          /*******************定时器0中断程序********************/
 232          void Timer0(void) interrupt 1
 233          {
 234   1          TR0 = 0; //停止计数
 235   1          TH0 = 0X3C; //重装定时器值
 236   1          TL0 = 0XB0;
 237   1          TR0 = 1;
 238   1          _50ms++;
 239   1          if(_50ms == 20) //1s到
 240   1          {   _50ms = 0;
C51 COMPILER V9.60.0.0   MAIN                                                              05/21/2022 23:49:57 PAGE 5   

 241   2              s++;
 242   2              if(s == T_S) //定时到
 243   2                  Ok_Timer();
 244   2              if(flag_XiDi || flag_PiaoXi || flag_TuoShui)
 245   2                 Motor(); //电机控制程序
 246   2          }//end if(_50ms == 20)
 247   1      }//end Timer0()
 248          /**********外部中断1程序为水位到或者盖开处理***********/
 249          void int1(void) interrupt 2
 250          {   
 251   1        if(!p33)
 252   1          {  
 253   2            Delay_10ms(1); //延时10ms左右,去抖动
 254   2              if(!p33)
 255   2              {
 256   3              }//end if(!p33) 2
 257   2          }//end if(!p33) 1
 258   1      }
 259          /************定时器1中断程序作为闪烁及报警**************/
 260          void Timer1(void) interrupt 3
 261          {   
 262   1        static uchar _50ms; //每50ms加一次的变量
 263   1          TR1 = 0; //停止计数
 264   1          TH1 = 0X3C; //重装定时器值
 265   1          TL1 = 0XB0;
 266   1          TR1 = 1;
 267   1          _50ms++;
 268   1          if(_50ms == 14) //0.7s到
 269   1          {   _50ms = 0;
 270   2              if(flag_XiDi) //洗涤中~
 271   2                  LED_XiDi = ~LED_XiDi; //洗涤状态灯闪烁
 272   2              if(flag_PiaoXi) //漂洗中~
 273   2                  LED_PiaoXi = ~LED_PiaoXi; //漂洗状态灯闪烁
 274   2              if(flag_TuoShui) //脱水中~
 275   2                  LED_TuoShui = ~LED_TuoShui; //脱水状态灯闪烁
 276   2              if(flag_BaoJing)
 277   2                  PIN_BaoJing = ~PIN_BaoJing; //报警
 278   2          }//end if(_50ms == 14)
 279   1      }
 280          /**********************程序选择程序********************/
 281          void SEL_ChengXU(void)
 282          {  
 283   1        if(!K_SEL_ChengXu) //程序选择键
 284   1          {   
 285   2            Delay_10ms(1); //延时10ms左右,去抖动
 286   2              if(!K_SEL_ChengXu)
 287   2              {   while(!K_SEL_ChengXu);
 288   3                  flag_SEL_ChengXu++;
 289   3                  if(
 290   3                    flag_SEL_ChengXu==4)
 291   3                      flag_SEL_ChengXu = 0;
 292   3                  switch(flag_SEL_ChengXu)
 293   3                  {
 294   4                  case BIAOZHUN :
 295   4                      LED_BiaoZhun= 0; //亮
 296   4                      LED_JingJi = 1; //灭
 297   4                      LED_DanDu = 1; //灭
 298   4                      LED_PaiShui = 1; //灭
 299   4                      break;
 300   4      
 301   4                  case JINGJI :
 302   4                      LED_BiaoZhun= 1;
C51 COMPILER V9.60.0.0   MAIN                                                              05/21/2022 23:49:57 PAGE 6   

 303   4                      LED_JingJi = 0;
 304   4                      LED_DanDu = 1;
 305   4                      LED_PaiShui = 1;
 306   4                      break;
 307   4      
 308   4                  case DANDU :
 309   4                      LED_BiaoZhun= 1;
 310   4                      LED_JingJi = 1;
 311   4                      LED_DanDu = 0;
 312   4                      LED_PaiShui = 1;
 313   4                      break;
 314   4      
 315   4                  case PAISHUI :
 316   4                      LED_BiaoZhun= 1;
 317   4                      LED_JingJi = 1;
 318   4                      LED_DanDu = 1;
 319   4                      LED_PaiShui = 0;
 320   4                     break;
 321   4      
 322   4                  default :
 323   4                      break;
 324   4                  }//end switch
 325   3              }//end if(!K_Sel_ChengXu) 2
 326   2          }//end if(!K_Sel_ChengXu) 1
 327   1      }//END
 328          /********************强弱选择程序**********************/
 329          void SEL_QiangRuo(void)
 330          {   
 331   1        if(!K_SEL_QiangRuo) //强弱选择键
 332   1          {   Delay_10ms(1); //延时10ms左右,去抖动
 333   2              if(!K_SEL_QiangRuo)
 334   2              {   
 335   3                while(!K_SEL_QiangRuo);
 336   3                  flag_SEl_QiangRuo = ~flag_SEl_QiangRuo;
 337   3                  if(!flag_SEl_QiangRuo)
 338   3                  {   
 339   4                    LED_QiangXi = 0; //强洗状态,灯亮
 340   4                      LED_RuoXi = 1; //弱洗状态灯,灭
 341   4                  }//end if(!flag_SEl_QiangRuo)
 342   3                  else
 343   3                  {   
 344   4                    LED_QiangXi = 1; //强洗状态,灯亮
 345   4                      LED_RuoXi = 0; //弱洗状态灯,灭
 346   4                  }//end else
 347   3              }//end if(!K_SEL_QiangRuo) 2
 348   2          }//end if(!K_SEL_QiangRuo) 1
 349   1      }
 350          /**********************进水程序***********************/
 351          void JinShui(void)
 352          {   
 353   1          PIN_JinShui = 0;
 354   1          flag_JinShui = 1;
 355   1          TR1 = 0;
 356   1          Timer0_Init();
 357   1          T_S = T_JinShui;
 358   1          while(SW_ShuiWei);
 359   1          PIN_JinShui = 1;
 360   1          flag_JinShui = 0;
 361   1          TR0 = 0;
 362   1          TF0 = 0;
 363   1      }
 364          /**********************排水程序***********************/
C51 COMPILER V9.60.0.0   MAIN                                                              05/21/2022 23:49:57 PAGE 7   

 365          void PaiShui(void)
 366          {   
 367   1          PIN_PaiShui = 0;
 368   1          flag_PaiShui = 1;
 369   1          TR1 = 0;
 370   1          Timer0_Init();
 371   1          T_S = T_PaiShui;
 372   1          while(!SW_ShuiWei);
 373   1          TR0 = 0;
 374   1          TF0 = 0;
 375   1          Delay_10ms(500);//延时50s,经验值5000
 376   1          PIN_PaiShui = 1;
 377   1          flag_PaiShui = 0;
 378   1      }
 379          /**********************洗涤程序***********************/
 380          void XiDi(void)
 381          {   
 382   1          flag_XiDi = 1;
 383   1          TR1 = 1;
 384   1          Timer0_Init();
 385   1          T_S = T_XiDi;
 386   1          Motor_Init();
 387   1          while(flag_XiDi);
 388   1          TR1 = 0;
 389   1          LED_XiDi = 1;
 390   1      }
 391          /**********************漂洗程序***********************/
 392          void PiaoXi(uchar t)
 393          {   
 394   1        flag_PiaoXi = 1;
 395   1          TR1 = 1;
 396   1          Timer0_Init();
 397   1          T_S = t;
 398   1          Motor_Init();
 399   1          while(flag_PiaoXi);
 400   1      }
 401          /*********************盖开保护程序********************/
 402          void BaoHu_GaiKai(void)
 403          {   
 404   1        if(SW_AnQuan) //盖开
 405   1          {  
 406   2          //  ZanTing();
 407   2              Stop();
 408   2              LED_TuoShui = 0;
 409   2          }//end if
 410   1          else
 411   1          {   
 412   2            JiXu(); //电机不用管,最多5s不转
 413   2          }//end else
 414   1      }
 415          /***********************脱水程序**********************/
 416          void TuoShui(void)
 417          {   
 418   1        flag_TuoShui = 1;
 419   1          PIN_PaiShui = 0;
 420   1          TR1 = 1;
 421   1          Timer0_Init();
 422   1          T_S = T_TuoShui;
 423   1          Motor_Init();
 424   1          while(flag_TuoShui)
 425   1          {  
 426   2            BaoHu_GaiKai();
C51 COMPILER V9.60.0.0   MAIN                                                              05/21/2022 23:49:57 PAGE 8   

 427   2          }//end while
 428   1          TR1 = 0;
 429   1          LED_TuoShui = 1; //而出水阀一直开着
 430   1      }
 431          /********************标准洗衣程序*********************/
 432          void Programme_BiaoZhun(void)
 433          {   
 434   1        LED_XiDi = 0; //洗涤状态灯
 435   1          LED_PiaoXi = 0; //漂洗状态灯
 436   1          LED_TuoShui = 0; //脱水状态灯
 437   1          JinShui();
 438   1          XiDi();
 439   1          PaiShui();
 440   1          JinShui();
 441   1          PiaoXi(T_PiaoXi_1);//4min*60s//4*60
 442   1          PaiShui();
 443   1          JinShui();
 444   1          PiaoXi(T_PiaoXi_2);//2min*60s//2*60
 445   1          Programme_PaiShui();
 446   1      }
 447          /********************经济洗衣程序*********************/
 448          void Programme_JingJi(void)
 449          {  
 450   1        TR1 = 0;
 451   1          LED_XiDi = 0; //洗涤状态灯
 452   1          LED_PiaoXi = 0; //漂洗状态灯
 453   1          LED_TuoShui = 0; //脱水状态灯
 454   1          JinShui();
 455   1          XiDi();
 456   1          PaiShui();
 457   1          JinShui();
 458   1          PiaoXi(T_PiaoXi_1);//4min*60s
 459   1          Programme_PaiShui();
 460   1      }
 461          /********************单独洗衣程序*********************/
 462          void Programme_DanDu(void)
 463          {   
 464   1        LED_XiDi = 0; //洗涤状态灯
 465   1          LED_PiaoXi = 1; //漂洗状态灯
 466   1          LED_TuoShui = 1; //脱水状态灯
 467   1          JinShui();
 468   1          XiDi();
 469   1      }
 470          /********************排水洗衣程序*********************/
 471          void Programme_PaiShui(void)
 472          {   
 473   1        LED_XiDi = 1; //洗涤状态灯
 474   1          LED_PiaoXi = 1; //漂洗状态灯
 475   1          LED_TuoShui = 0; //脱水状态灯
 476   1          PaiShui();
 477   1          TuoShui();
 478   1      }
 479          /************************主程序************************/
 480          void main()
 481          {
 482   1          Pin_Init(); //管脚初始化
 483   1          ExInt_Init(); //外中断初始化
 484   1          Timer1_Init();
 485   1          ET0 = 1;
 486   1          ET1 = 1;
 487   1          Enable(); //开总中断
 488   1          while(1)
C51 COMPILER V9.60.0.0   MAIN                                                              05/21/2022 23:49:57 PAGE 9   

 489   1          {   
 490   2            if(!flag_Run) //运行前按键才有效
 491   2              {   
 492   3                SEL_ChengXU(); //程序选择程序
 493   3                  SEL_QiangRuo(); //强弱选择程序
 494   3              }//end if(!flag_Run)
 495   2              if(flag_Run)//用else不,按启动键后,有时没反映？？？？//
 496   2              {   
 497   3                PIN_PaiShui = 1; //关排水阀
 498   3                  switch(flag_SEL_ChengXu)
 499   3                  {
 500   4                  case BIAOZHUN :
 501   4                      Programme_BiaoZhun(); //标准洗衣程序
 502   4                      break;
 503   4      
 504   4                  case JINGJI :
 505   4                      Programme_JingJi(); //经济洗衣程序
 506   4                      break;
 507   4      
 508   4                  case DANDU :
 509   4                      Programme_DanDu(); //单独洗衣程序
 510   4                      break;
 511   4      
 512   4                  case PAISHUI :
 513   4                      Programme_PaiShui(); //排水洗衣程序
 514   4                      break;
 515   4      
 516   4                  default :
 517   4                     break;
 518   4                  }//end switch
 519   3              }//end esle
 520   2              flag_Run = 0;
 521   2          }//end while
 522   1      }


MODULE INFORMATION:   STATIC OVERLAYABLE
   CODE SIZE        =    869    ----
   CONSTANT SIZE    =   ----    ----
   XDATA SIZE       =   ----    ----
   PDATA SIZE       =   ----    ----
   DATA SIZE        =     10    ----
   IDATA SIZE       =   ----    ----
   BIT SIZE         =      9    ----
END OF MODULE INFORMATION.


C51 COMPILATION COMPLETE.  0 WARNING(S),  0 ERROR(S)
