C51 COMPILER V9.60.0.0   IIC                                                               01/07/2022 21:28:03 PAGE 1   


C51 COMPILER V9.60.0.0, COMPILATION OF MODULE IIC
OBJECT MODULE PLACED IN .\Objects\IIC.obj
COMPILER INVOKED BY: C:\Keil_v5\C51\BIN\C51.EXE src\IIC.c OPTIMIZE(8,SPEED) BROWSE INCDIR(.\inc) DEBUG OBJECTEXTEND PRIN
                    -T(.\Listings\IIC.lst) TABS(2) OBJECT(.\Objects\IIC.obj)

line level    source

   1          #include <reg52.h>
   2          #include <intrins.h>
   3          #include "IIC.h"
   4          
   5          //extern unsigned char   pcftmp[7];
   6          //定义变量
   7          
   8          SYSTEMTIME PCF8563Buffer;
   9          bit Flag_Time_Refresh = 1;
  10          
  11          void delay()    //略微延时  6us约>4.7us
  12          {
  13   1          _nop_();
  14   1          _nop_();
  15   1          _nop_();
  16   1          _nop_();
  17   1          _nop_();
  18   1          _nop_();
  19   1      }
  20          
  21          void iic_start()   //启动信号
  22          {
  23   1      
  24   1          SDA=1;
  25   1        _nop_();
  26   1          SCL=1;
  27   1          delay();
  28   1          SDA=0;
  29   1          delay();
  30   1          SCL=0;
  31   1      
  32   1      }
  33          
  34          void iic_stop()  //停止信号
  35          {
  36   1          SDA=0;
  37   1          SCL=1;
  38   1          delay();
  39   1          SDA=1;
  40   1          delay();
  41   1          SCL=0;
  42   1      }
  43          
  44          void iic_ack()   //应答信号
  45          {
  46   1          unsigned char i=0;
  47   1          SCL=1;
  48   1          delay();
  49   1          while((SDA==1)&&(i<255))
  50   1              i++;
  51   1          SCL=0;
  52   1          delay();
  53   1      }
  54          
C51 COMPILER V9.60.0.0   IIC                                                               01/07/2022 21:28:03 PAGE 2   

  55          void iic_send_byte(unsigned char bat)  //发送数据
  56          {
  57   1          unsigned char i,temp;
  58   1          temp = bat;
  59   1          for(i=0; i<=7; i++)
  60   1          {
  61   2              temp=temp<<1;
  62   2              SCL=0;
  63   2              SDA=CY;
  64   2              delay();
  65   2              SCL=1;
  66   2              delay();
  67   2          }
  68   1          SCL=0;
  69   1          delay();
  70   1          SDA=1;
  71   1          delay();
  72   1      }
  73          
  74          unsigned char iic_rev()  //接受数据
  75          {
  76   1          unsigned char temp,i;
  77   1          SCL=0;
  78   1          delay();
  79   1          SDA=1;
  80   1          for(i=0; i<=7; i++)
  81   1          {
  82   2              SCL=1;
  83   2              delay();
  84   2              temp=(temp<<1)|SDA;
  85   2              SCL=0;
  86   2              delay();
  87   2          }
  88   1          delay();
  89   1          return temp;
  90   1      }
  91          
  92          void iic_send_add_byte(unsigned char add,unsigned char bat) //向某个地址发送某数据
  93          {
  94   1          iic_start();
  95   1          iic_send_byte(0xa2);
  96   1          WriteACK(0);
  97   1          iic_send_byte(add);
  98   1          WriteACK(0);
  99   1          iic_send_byte(bat);
 100   1         WriteACK(1);
 101   1      //    iic_ack();
 102   1          iic_stop();
 103   1      }
 104          
 105          unsigned char iic_rec_add_byte(unsigned char add) //从某个地址读出数据
 106          {
 107   1          unsigned char temp;
 108   1          iic_start();
 109   1          iic_send_byte(0xa2);
 110   1          iic_ack();
 111   1          iic_send_byte(add);
 112   1          iic_ack();
 113   1          iic_start();
 114   1          iic_send_byte(0xa3);
 115   1          iic_ack();
 116   1          temp=iic_rev();
C51 COMPILER V9.60.0.0   IIC                                                               01/07/2022 21:28:03 PAGE 3   

 117   1          iic_stop();
 118   1          return temp;
 119   1      }
 120          /********************************************
 121          内部函数.输入数据
 122          出口:B
 123          ********************************************/
 124          unsigned char Readbyte()
 125          {
 126   1          unsigned char i,bytedata=0;
 127   1          SDA=1;
 128   1          _nop_();
 129   1          for(i=0; i<8; i++)
 130   1          {
 131   2              SCL=1;
 132   2              delay();
 133   2              bytedata<<=1;
 134   2              if(SDA==1)bytedata=bytedata|0x01;
 135   2              delay();
 136   2              SCL=0;
 137   2              delay();
 138   2          }
 139   1          return (bytedata);
 140   1      }
 141          
 142          void ReadData1(unsigned char address,unsigned char count,unsigned char * buff) /*多字节*/
 143          {
 144   1          unsigned char i;
 145   1          iic_start();
 146   1          iic_send_byte(0xa2); /*写命令*/
 147   1          iic_ack();
 148   1          iic_send_byte(address); /*写地址*/
 149   1          iic_ack();
 150   1          iic_start();
 151   1          iic_send_byte(0xa3); /*读命令*/
 152   1          iic_ack();
 153   1          for(i=0; i<count; i++)
 154   1          {
 155   2              buff[i]=Readbyte();
 156   2              if(i<count-1)
 157   2                  WriteACK(0);
 158   2          }
 159   1          WriteACK(1);
 160   1          iic_stop();
 161   1      }
 162          /********************************************
 163          输入数据<-pcf8563
 164          ********************************************/
 165          /*
 166          unsigned char ReadData(unsigned char address) //单字节
 167          {
 168            unsigned char rdata;
 169                   iic_start();
 170              iic_send_byte(0xa2); //写命令
 171               iic_send_byte(address); //写地址
 172               iic_ack();
 173                   iic_start();
 174               iic_send_byte(0xa3); //读命令
 175               iic_ack();
 176                rdata=Readbyte();
 177                WriteACK(1);
 178               iic_stop();
C51 COMPILER V9.60.0.0   IIC                                                               01/07/2022 21:28:03 PAGE 4   

 179                return(rdata);
 180          }
 181          */
 182          /********************************************
 183          内部函数，输出ACK ,每个字节传输完成，输出ack=0,结束读书据，ack=1;
 184          ********************************************/
 185          void WriteACK( unsigned char ack)
 186          {
 187   1          SDA=ack;
 188   1          delay();
 189   1          SCL=1;
 190   1          delay();
 191   1          SCL=0;
 192   1      }
 193          /********************************************
 194          内部函数，等待ACK
 195          ********************************************/
 196          /*
 197          void WaitACK()
 198          {
 199              unsigned char errtime=20;
 200                SDA=1;
 201                delay();  //读ACK
 202                SCL=1;
 203                delay();
 204                while(SDA)
 205                {
 206                  errtime--;
 207                      if(!errtime)
 208                     iic_stop();
 209                }
 210                SCL=0;
 211                delay();
 212          }
 213          */
 214          
 215          
 216          void  ReadRTC(SYSTEMTIME *Time)
 217          {
 218   1          unsigned char ReadValue;
 219   1               iic_start();
 220   1            iic_send_byte(0xa2); //写命令
 221   1          WriteACK(0);
 222   1             iic_send_byte(0x02);//获取秒
 223   1          WriteACK(0);
 224   1               iic_start();
 225   1             iic_send_byte(0xa3); //读命令
 226   1              WriteACK(0);
 227   1                ReadValue = Readbyte();
 228   1             
 229   1          ReadValue  = ((ReadValue >> 4) & 0x07) * 10 + (ReadValue & 0x0f);//秒
 230   1        if(ReadValue != PCF8563Buffer.Second)   //跟上一次状态不同，置位刷新标志位
 231   1          Flag_Time_Refresh = 1;
 232   1          Time->Second = ReadValue;//获取秒
 233   1            WriteACK(0);
 234   1        
 235   1           ReadValue  =Readbyte();//获取分有效值
 236   1           Time->Minute = ((ReadValue >> 4) & 0x07) * 10 + (ReadValue & 0x0f);
 237   1            WriteACK(0); 
 238   1        
 239   1              ReadValue = Readbyte();//获取时有效值
 240   1              Time->Hour = ((ReadValue >> 4) & 0x03) * 10 + (ReadValue & 0x0f);
C51 COMPILER V9.60.0.0   IIC                                                               01/07/2022 21:28:03 PAGE 5   

 241   1                WriteACK(0); 
 242   1          
 243   1              ReadValue = 0x03f&Readbyte();//获取日期有效值
 244   1              Time->Day =(ReadValue/16*10)  + (ReadValue%16);//获取日期 
 245   1              WriteACK(0);
 246   1        
 247   1                ReadValue = Readbyte();//获取周
 248   1              Time->Week =0x07&ReadValue;//获取周有效值
 249   1              WriteACK(0);
 250   1              
 251   1              ReadValue  =0x1f&Readbyte();//获取月有效值
 252   1             Time->Month =(ReadValue/16*10)  + (ReadValue%16);
 253   1              WriteACK(0);      
 254   1              ReadValue  =0xff&Readbyte();//获取年
 255   1      
 256   1              Time->Year  = (ReadValue/16*10)  + (ReadValue%16);;
 257   1                WriteACK(1);
 258   1               iic_stop();
 259   1      
 260   1      }


MODULE INFORMATION:   STATIC OVERLAYABLE
   CODE SIZE        =    518    ----
   CONSTANT SIZE    =   ----    ----
   XDATA SIZE       =   ----    ----
   PDATA SIZE       =   ----    ----
   DATA SIZE        =      7       7
   IDATA SIZE       =   ----    ----
   BIT SIZE         =      1    ----
END OF MODULE INFORMATION.


C51 COMPILATION COMPLETE.  0 WARNING(S),  0 ERROR(S)
