C51 COMPILER V9.60.0.0   LCD1602                                                           01/08/2022 11:08:49 PAGE 1   


C51 COMPILER V9.60.0.0, COMPILATION OF MODULE LCD1602
OBJECT MODULE PLACED IN .\Objects\LCD1602.obj
COMPILER INVOKED BY: C:\Keil_v5\C51\BIN\C51.EXE src\LCD1602.c OPTIMIZE(8,SPEED) BROWSE INCDIR(.\inc) DEBUG OBJECTEXTEND 
                    -PRINT(.\Listings\LCD1602.lst) TABS(2) OBJECT(.\Objects\LCD1602.obj)

line level    source

   1          
   2          #include "LCD1602.h"
   3          
   4          //void Delay_ms(unsigned int a)
   5          //{
   6          //    unsigned int b,c;
   7          //    for(c=0; c<a; c++)
   8          //        for(b=0; b<123; b++);
   9          //}
  10          
  11          void LCD1602_WriteCom(unsigned char com)          //写入命令
  12          {
  13   1      
  14   1          LCD1602_RS=0;
  15   1          Delay_ms(1);
  16   1         LCD1602_E=1;
  17   1          LCD1602_DATAPINS = com;        //由于4位的接线是接到P0口的高四位，所以传送高四位不用改
  18   1          Delay_ms(1);
  19   1          LCD1602_E=0;
  20   1          
  21   1      }
  22          
  23          void LCD1602_WriteData(unsigned char dat)                        //写入数据
  24          {
  25   1      
  26   1          LCD1602_RS=1;
  27   1          Delay_ms(1);
  28   1          LCD1602_DATAPINS=dat;        
  29   1          LCD1602_E=1;
  30   1          Delay_ms(1);
  31   1          LCD1602_E=0;
  32   1      
  33   1      }
  34          //x位置，y指定行，s写入字符串函数
  35          void  LCD_Write_String(unsigned char x,unsigned char y,unsigned char *s)
  36          {
  37   1          if (y == 0)
  38   1          {
  39   2              LCD1602_WriteCom(0x80 + x);     //表示第一行
  40   2          }
  41   1          else
  42   1          {
  43   2              LCD1602_WriteCom(0xC0 + x);      //表示第二行
  44   2          }
  45   1          while(*s)
  46   1          {
  47   2              LCD1602_WriteData(*s);
  48   2              s ++;
  49   2          }
  50   1      
  51   1      }
  52          void LCD1602_Init()                                                  //LCD初始化子程序
  53          {
  54   1            LCD1602_E=0;
C51 COMPILER V9.60.0.0   LCD1602                                                           01/08/2022 11:08:49 PAGE 2   

  55   1          LCD1602_RW=0;
  56   1          LCD1602_WriteCom(0x38);         //将8位总线转为4位总线
  57   1          LCD1602_WriteCom(0x0c);  //开显示不显示光标
  58   1          LCD1602_WriteCom(0x06);  //写一个指针加1
  59   1          LCD1602_WriteCom(0x01);  //清屏
  60   1      }
  61          


MODULE INFORMATION:   STATIC OVERLAYABLE
   CODE SIZE        =    130    ----
   CONSTANT SIZE    =   ----    ----
   XDATA SIZE       =   ----    ----
   PDATA SIZE       =   ----    ----
   DATA SIZE        =   ----       6
   IDATA SIZE       =   ----    ----
   BIT SIZE         =   ----    ----
END OF MODULE INFORMATION.


C51 COMPILATION COMPLETE.  0 WARNING(S),  0 ERROR(S)
