C51 COMPILER V9.60.0.0   MAIN                                                              04/28/2022 16:01:16 PAGE 1   


C51 COMPILER V9.60.0.0, COMPILATION OF MODULE MAIN
OBJECT MODULE PLACED IN .\Objects\main.obj
COMPILER INVOKED BY: C:\Keil_v5\C51\BIN\C51.EXE main.c OPTIMIZE(8,SPEED) BROWSE DEBUG OBJECTEXTEND PRINT(.\Listings\main
                    -.lst) TABS(2) OBJECT(.\Objects\main.obj)

line level    source

   1          #include <STC89C5xRC.H>
   2          #include <intrins.h>
   3          typedef unsigned int u16;   // typedef（类型定义） 用来给无符号整型类型数据 unsigned int 定义新名字 uint
   4          typedef unsigned char u8;  //用来给无符号字符型类型数据 unsigned char 定义新名字 uchar
   5          
   6          #define KEY_MODE 0x01    // 模式按键
   7          #define KEY_PLUS 0x02     // 加
   8          #define FOSC 11059200L
   9          #define T1MS (65536-FOSC/12/1000)   //1ms timer calculation method in 12T mode
  10          
  11          sbit KeyValue=P3^7;
  12          sbit LSA=P2^2;
  13          sbit LSB=P2^3;
  14          sbit LSC=P2^4;
  15          unsigned char code smgduan[]= {
  16          //0xc0,0xf9,0xa4,0xb0,0x99,0x92,0x82,0xf8,0x80,0x90
  17            0x3f,0x06,0x5b,0x4f,0x66,0x6d,0x7d,0x07,0x7f,0x6f
  18          };
  19          //定义共阳数码管显示0~9
  20           u8 cnt_plus=0;
  21          u8 Trg,Cont,CNT;
  22          u16  Count=0;
  23          
  24          u8 DisplayData[8];
  25          u8 datnum1=0,datnum2=0,datnum3=0,datnum4=0;
  26          
  27          void delay(u16 i)
  28          {
  29   1        while(i--); 
  30   1      }
  31          void Timer0Init(void)   //20毫秒@11.0592MHz
  32          {
  33   1         TMOD = 0x01;                    //set timer0 as mode1 (16-bit)
  34   1          TL0 = T1MS;                     //initial timer0 low byte
  35   1          TH0 = T1MS >> 8;                //initial timer0 high byte
  36   1          TR0 = 0;                        //timer0 start running
  37   1          ET0 = 1;                        //enable timer0 interrupt
  38   1          EA = 1;                         //open global interrupt switch
  39   1          CNT = 0;                      //initial counter
  40   1      }
  41          
  42          void KeyRead()
  43          {
  44   1          unsigned char ReadData = KeyValue^0x01;   //异或运算，按下时为1，没有按时为0
  45   1          Trg = ReadData & (ReadData ^ Cont);   // 按键触发为1
  46   1          Cont = ReadData;                     // 长按触发为1
  47   1      }
  48          void KeyProc(void)
  49          {
  50   1        
  51   1          if (Trg & KEY_MODE) // 如果按下的是KEY_MODE，而且你常按这按键也没有用，
  52   1          {   //它是不会执行第二次的 ， 必须先松开再按下
  53   2              Count++;         // 执行+1
  54   2          
C51 COMPILER V9.60.0.0   MAIN                                                              04/28/2022 16:01:16 PAGE 2   

  55   2          if (Cont^KeyValue) // 如果“加”按键被按着不放
  56   2          {
  57   3            TR0=1;//开启定时器
  58   3               if (cnt_plus>50) // 20ms*50 = 1S 如果时间到
  59   3                  Count +=9;      // 执行+10
  60   3               cnt_plus =0;
  61   3        }else {
  62   3          TR0=0;//如果不是长按就关闭定时器
  63   3          cnt_plus=0;
  64   3          }
  65   2          if(Count>=9999) {  //超过0~9，数码管显示回到0
  66   3                        Count=9999;
  67   3                  }
  68   2      }
  69   1          }
  70          /*******************************************************************************
  71          * 函 数 名         : DigDisplay
  72          * 函数功能       : 数码管动态扫描函数，循环扫描8个数码管显示
  73          *******************************************************************************/
  74          void DigDisplay()
  75          {
  76   1        u8 i;
  77   1      
  78   1        for(i=0;i<8;i++)
  79   1        {
  80   2          switch(i)  //位选，选择点亮的数码管，
  81   2          {
  82   3            case(0):
  83   3              LSA=1;LSB=1;LSC=1; break;//显示第7位
  84   3            case(1):
  85   3              LSA=0;LSB=1;LSC=1; break;//显示第6位
  86   3            case(2):
  87   3              LSA=1;LSB=0;LSC=1; break;//显示第5位
  88   3            case(3):
  89   3              LSA=0;LSB=0;LSC=1; break;//显示第4位
  90   3            case(4):
  91   3              LSA=1;LSB=1;LSC=0; break;//显示第3位 
  92   3            case(5):
  93   3              LSA=0;LSB=1;LSC=0; break;//显示第2位 
  94   3            case(6):
  95   3              LSA=1;LSB=0;LSC=0; break;//显示第1位 
  96   3            case(7):
  97   3              LSA=0;LSB=0;LSC=0; break;//显示第0位  
  98   3          }
  99   2          P0=DisplayData[i];//发送段码
 100   2          delay(100); //间隔一段时间扫描  
 101   2          P0=0x00;//消隐
 102   2        }
 103   1      }
 104          
 105          void main() {
 106   1        
 107   1        Timer0Init();
 108   1          while(1) {
 109   2            KeyRead();
 110   2            KeyProc();
 111   2            DigDisplay(); 
 112   2            DisplayData[0]=smgduan[Count%1000%100%10];
 113   2            DisplayData[1]=smgduan[Count%1000%100/10];
 114   2            DisplayData[2]=smgduan[Count%1000/100];
 115   2            DisplayData[3]=smgduan[Count/1000];   
 116   2          }
C51 COMPILER V9.60.0.0   MAIN                                                              04/28/2022 16:01:16 PAGE 3   

 117   1      }
 118          void tm0_isr() interrupt 1
 119          {  
 120   1          TL0 = T1MS;                     //reload timer0 low byte
 121   1          TH0 = T1MS >> 8;                //reload timer0 high byte
 122   1          if (CNT++ > 20)               //1ms * 1000 -> 1s
 123   1          {
 124   2              CNT = 0;               //reset counter
 125   2            cnt_plus++;       // 计时
 126   2               
 127   2             
 128   2          }
 129   1      }


MODULE INFORMATION:   STATIC OVERLAYABLE
   CODE SIZE        =    427    ----
   CONSTANT SIZE    =     10    ----
   XDATA SIZE       =   ----    ----
   PDATA SIZE       =   ----    ----
   DATA SIZE        =     18    ----
   IDATA SIZE       =   ----    ----
   BIT SIZE         =   ----    ----
END OF MODULE INFORMATION.


C51 COMPILATION COMPLETE.  0 WARNING(S),  0 ERROR(S)
