C51 COMPILER V9.60.0.0   MAIN                                                              05/02/2022 14:09:34 PAGE 1   


C51 COMPILER V9.60.0.0, COMPILATION OF MODULE MAIN
OBJECT MODULE PLACED IN .\Objects\main.obj
COMPILER INVOKED BY: C:\Keil_v5\C51\BIN\C51.EXE main.c OPTIMIZE(8,SPEED) BROWSE DEBUG OBJECTEXTEND PRINT(.\Listings\main
                    -.lst) TABS(2) OBJECT(.\Objects\main.obj)

line level    source

   1          
   2          #include <STC89C5xRC.H>
   3          
   4          main(){
   5   1      
   6   1      while(1){
   7   2      
   8   2      unsigned int i,j,k;
   9   2      
  10   2       for(k=0;k<255;k++){
  11   3      
  12   3      for(i=0;i<75;i++)
  13   3      for(j=0;j<255;j++);
  14   3      
  15   3      P2=0x01;
  16   3       for(i=0;i<75;i++)
  17   3      for(j=0;j<255;j++);
  18   3      
  19   3      P2=0x03;
  20   3      
  21   3         for(i=0;i<75;i++)
  22   3      for(j=0;j<255;j++);
  23   3      
  24   3      P2=0x02;
  25   3      
  26   3      
  27   3        for(i=0;i<75;i++)
  28   3      for(j=0;j<255;j++);
  29   3      
  30   3      P2=0x06;
  31   3      
  32   3       for(i=0;i<75;i++)
  33   3      for(j=0;j<255;j++);
  34   3      
  35   3      P2=0x04;
  36   3       for(i=0;i<75;i++)
  37   3      for(j=0;j<255;j++);
  38   3      
  39   3      P2=0x0c;
  40   3      
  41   3         for(i=0;i<75;i++)
  42   3      for(j=0;j<255;j++);
  43   3      
  44   3      P2=0x08;
  45   3      
  46   3      
  47   3        for(i=0;i<75;i++)
  48   3      for(j=0;j<255;j++);
  49   3      
  50   3      P2=0x09;
  51   3      
  52   3       
  53   3      
  54   3       
C51 COMPILER V9.60.0.0   MAIN                                                              05/02/2022 14:09:34 PAGE 2   

  55   3      
  56   3       }
  57   2      
  58   2        }
  59   1      }


MODULE INFORMATION:   STATIC OVERLAYABLE
   CODE SIZE        =    344    ----
   CONSTANT SIZE    =   ----    ----
   XDATA SIZE       =   ----    ----
   PDATA SIZE       =   ----    ----
   DATA SIZE        =   ----       6
   IDATA SIZE       =   ----    ----
   BIT SIZE         =   ----    ----
END OF MODULE INFORMATION.


C51 COMPILATION COMPLETE.  0 WARNING(S),  0 ERROR(S)
