C51 COMPILER V9.60.0.0   LCD1602                                                           12/06/2021 16:07:16 PAGE 1   


C51 COMPILER V9.60.0.0, COMPILATION OF MODULE LCD1602
OBJECT MODULE PLACED IN .\Objects\LCD1602.obj
COMPILER INVOKED BY: C:\Keil_v5\C51\BIN\C51.EXE LCD1602.c OPTIMIZE(8,SPEED) BROWSE DEBUG OBJECTEXTEND PRINT(.\Listings\L
                    -CD1602.lst) TABS(2) OBJECT(.\Objects\LCD1602.obj)

line level    source

   1          #include <LCD1602.h>
   2          #include "reg51.h" 
   3              sbit RS = P2^6;
   4              sbit RW = P2^5;
   5              sbit EN = P2^7;
   6              
   7          void LCD_send(unsigned char i,unsigned char j,unsigned char str[],unsigned char n)
   8          {
   9   1        //输入：显示行数i,列数j，输出字符，输出字符长度n
  10   1        unsigned char x=0;
  11   1        if(i==1)
  12   1        {write_com(0x80+j);}
  13   1        else
  14   1        {write_com(0x80+0x40+j);}
  15   1          for(x=0;x<n;x++)
  16   1          {
  17   2               write_date(str[x]);
  18   2              delay(150);
  19   2          }
  20   1      }
  21              
  22          int LCD_init()//初始化函数体
  23          {
  24   1          EN = 0;
  25   1          write_com(0X38);//设置16*2显示，5*7点阵，8位数据接口
  26   1          write_com(0X0C);//设置开显示，不显示光标
  27   1          write_com(0X06);//写一个字符时，整屏右移
  28   1          write_com(0X01);//显示清零
  29   1          return 0;
  30   1      }
  31          
  32          int write_com(unsigned char com)//写命令的函数体
  33          {
  34   1          RS = 0;
  35   1          RW = 0;
  36   1          P0 = com;
  37   1          delay(5);
  38   1          EN = 1;
  39   1          delay(5);
  40   1          EN = 0;
  41   1          return 0;
  42   1      }
  43          
  44          int write_date(unsigned char data1)//写数据的函数体
  45          {
  46   1          RS = 1;
  47   1          RW = 0;
  48   1          P0 = data1;
  49   1          delay(5);
  50   1          EN = 1;
  51   1          delay(5);
  52   1          EN = 0;
  53   1          return 0;
  54   1      }
C51 COMPILER V9.60.0.0   LCD1602                                                           12/06/2021 16:07:16 PAGE 2   

  55          
  56          int delay(unsigned char xms)
  57          {
  58   1          unsigned char x,y;
  59   1          for(x=xms;x>0;x--)
  60   1              for(y=110;y>0;y--);
  61   1          return 0;
  62   1      }


MODULE INFORMATION:   STATIC OVERLAYABLE
   CODE SIZE        =    169    ----
   CONSTANT SIZE    =   ----    ----
   XDATA SIZE       =   ----    ----
   PDATA SIZE       =   ----    ----
   DATA SIZE        =   ----       7
   IDATA SIZE       =   ----    ----
   BIT SIZE         =   ----    ----
END OF MODULE INFORMATION.


C51 COMPILATION COMPLETE.  0 WARNING(S),  0 ERROR(S)
