C51 COMPILER V9.60.0.0   SIGNAL_51                                                         12/06/2021 16:07:16 PAGE 1   


C51 COMPILER V9.60.0.0, COMPILATION OF MODULE SIGNAL_51
OBJECT MODULE PLACED IN .\Objects\Signal_51.obj
COMPILER INVOKED BY: C:\Keil_v5\C51\BIN\C51.EXE Signal_51.c OPTIMIZE(8,SPEED) BROWSE DEBUG OBJECTEXTEND PRINT(.\Listings
                    -\Signal_51.lst) TABS(2) OBJECT(.\Objects\Signal_51.obj)

line level    source

   1          #include<reg51.h>
   2          #include<intrins.h>
   3          #include<LCD1602.h>
   4          #define uchar unsigned char
   5          #define uint unsigned int
   6          sbit Data=P3^6;   //定义数据线
   7          uchar rec_dat[9];   //用于显示的接收数据数组
   8          
   9          bit fg=1;
  10          
  11          //初始化函数
  12          void DHT11_delay_us(uchar n)
  13          {
  14   1          while(--n);
  15   1      }
  16          
  17          void DHT11_delay_ms(uint z)
  18          {
  19   1         uint i,j;
  20   1         for(i=z;i>0;i--)
  21   1            for(j=110;j>0;j--);
  22   1      }
  23          
  24          void DHT11_start()
  25          {
  26   1         Data=1;
  27   1         DHT11_delay_us(2);
  28   1         Data=0;
  29   1         DHT11_delay_ms(30);   //延时18ms以上
  30   1         Data=1;
  31   1         DHT11_delay_us(30);
  32   1      }
  33          
  34          uchar DHT11_rec_byte()      //接收一个字节
  35          {
  36   1         uchar i,dat=0;
  37   1        for(i=0;i<8;i++)    //从高到低依次接收8位数据
  38   1         {         
  39   2            while(!Data);   ////等待50us低电平过去
  40   2            DHT11_delay_us(8);     //延时60us，如果还为高则数据为1，否则为0
  41   2            dat<<=1;           //移位使正确接收8位数据，数据为0时直接移位
  42   2            if(Data==1)    //数据为1时，使dat加1来接收数据1
  43   2               dat+=1;
  44   2            while(Data);  //等待数据线拉低   
  45   2          }  
  46   1          return dat;
  47   1      }
  48          
  49          void DHT11_receive()      //接收40位的数据
  50          {
  51   1          uchar R_H,R_L,T_H,T_L,RH,RL,TH,TL,revise;
  52   1          DHT11_start();
  53   1          if(Data==0)
  54   1          {
C51 COMPILER V9.60.0.0   SIGNAL_51                                                         12/06/2021 16:07:16 PAGE 2   

  55   2              while(Data==0);   //等待拉高     
  56   2              DHT11_delay_us(40);  //拉高后延时80us
  57   2              R_H=DHT11_rec_byte();    //接收湿度高八位  
  58   2              R_L=DHT11_rec_byte();    //接收湿度低八位  
  59   2              T_H=DHT11_rec_byte();    //接收温度高八位  
  60   2              T_L=DHT11_rec_byte();    //接收温度低八位
  61   2              revise=DHT11_rec_byte(); //接收校正位
  62   2      
  63   2              DHT11_delay_us(25);    //结束
  64   2      
  65   2              if((R_H+R_L+T_H+T_L)==revise)      //校正
  66   2              {
  67   3                  RH=R_H;
  68   3                  RL=R_L;
  69   3                  TH=T_H;
  70   3                  TL=T_L;
  71   3              }
  72   2              /*数据处理，方便显示*/
  73   2              rec_dat[0]='0'+(RH/10);
  74   2              rec_dat[1]='0'+(RH%10);
  75   2              rec_dat[2]='R';
  76   2              rec_dat[3]='H';
  77   2              rec_dat[4]=' ';
  78   2              rec_dat[5]=' ';
  79   2              rec_dat[6]='0'+(TH/10);
  80   2              rec_dat[7]='0'+(TH%10);
  81   2              rec_dat[8]='C';
  82   2          }
  83   1      }
  84           
  85          
  86          
  87          void main()   
  88          {   
  89   1        LCD_init();
  90   1        LCD_send(1,0,"Temperature:",12);
  91   1      
  92   1        DHT11_delay_ms(100);    //DHT11上电后要等待1S以越过不稳定状态在此期间不能发送任何指令
  93   1             
  94   1        while(1)   
  95   1        {   
  96   2          DHT11_receive();
  97   2          LCD_send(2,0,rec_dat,9);
  98   2        }   
  99   1        
 100   1      }   
 101             
 102                                                 


MODULE INFORMATION:   STATIC OVERLAYABLE
   CODE SIZE        =    284    ----
   CONSTANT SIZE    =     13    ----
   XDATA SIZE       =   ----    ----
   PDATA SIZE       =   ----    ----
   DATA SIZE        =      9       6
   IDATA SIZE       =   ----    ----
   BIT SIZE         =      1    ----
END OF MODULE INFORMATION.


C51 COMPILATION COMPLETE.  0 WARNING(S),  0 ERROR(S)
