C51 COMPILER V9.60.0.0   DELAY                                                             12/17/2021 16:56:36 PAGE 1   


C51 COMPILER V9.60.0.0, COMPILATION OF MODULE DELAY
OBJECT MODULE PLACED IN delay.OBJ
COMPILER INVOKED BY: C:\Keil_v5\C51\BIN\C51.EXE delay.c OPTIMIZE(8,SPEED) BROWSE INCDIR(..\lcd12864_catpoo-master) DEBUG
                    - OBJECTEXTEND TABS(2)

line level    source

   1          
   2          
   3          #include  "delay.h"
   4          
   5          
   6          void Delay1ms()   //@12.000MHz
   7          {
   8   1        unsigned char i, j;
   9   1      
  10   1        i = 12;
  11   1        j = 169;
  12   1        do
  13   1        {
  14   2          while (--j);
  15   2        } while (--i);
  16   1      }
  17          void  delay_ms(unsigned int ms)
  18          {
  19   1         do{
  20   2         Delay1ms();
  21   2           }while(ms++);
  22   1      }


MODULE INFORMATION:   STATIC OVERLAYABLE
   CODE SIZE        =     28    ----
   CONSTANT SIZE    =   ----    ----
   XDATA SIZE       =   ----    ----
   PDATA SIZE       =   ----    ----
   DATA SIZE        =   ----    ----
   IDATA SIZE       =   ----    ----
   BIT SIZE         =   ----    ----
END OF MODULE INFORMATION.


C51 COMPILATION COMPLETE.  0 WARNING(S),  0 ERROR(S)
