C51 COMPILER V9.60.0.0   LCD12864                                                          12/17/2021 16:55:46 PAGE 1   


C51 COMPILER V9.60.0.0, COMPILATION OF MODULE LCD12864
OBJECT MODULE PLACED IN LCD12864.OBJ
COMPILER INVOKED BY: C:\Keil_v5\C51\BIN\C51.EXE LCD12864.c OPTIMIZE(8,SPEED) BROWSE INCDIR(..\lcd12864_catpoo-master) DE
                    -BUG OBJECTEXTEND TABS(2)

line level    source

   1          #include "LCD12864.h"
   2          
   3          /****************************************************************************
   4          函数功能:LCD延时程序
   5          入口参数:t
   6          出口参数:
   7          ****************************************************************************/
   8          void LCDdelay(unsigned int t)
   9          {
  10   1          unsigned int i,j;
  11   1          for(i=0; i<t; i++);
  12   1          for(j=0; j<10; j++);
  13   1      }
  14          /****************************************************************************
  15          状态检查，LCD是否忙
  16          
  17          
  18          *****************************************************************************/
  19          void CheckState()
  20          {
  21   1          unsigned char dat,DATA;//状态信息（判断是否忙）
  22   1          LCDDi=0; // 数据\指令选择，D/I（RS）="L" ，表示 DB7∽DB0 为显示指令数据
  23   1          LCDRW=1; //R/W="H" ，E="H"数据被读到DB7∽DB0
  24   1          do
  25   1          {
  26   2              DATA=0x00;
  27   2              LCDEnable=1;  //EN下降源
  28   2              LCDdelay(2);//延时
  29   2              dat=DATA;
  30   2              LCDEnable=0;
  31   2              dat=0x80 & dat; //仅当第7位为0时才可操作(判别busy信号)
  32   2          }
  33   1          while(!(dat==0x00));
  34   1      }
  35          /*****************************************************************************
  36          函数功能:写命令到LCD程序，RS(DI)=L,RW=L,EN=H，即来一个脉冲写一次
  37          入口参数:cmdcode
  38          出口参数:
  39          *****************************************************************************/
  40          void write_com(unsigned char cmdcode)
  41          {
  42   1          CheckState();//检测LCD是否忙
  43   1          LCDDi=0;
  44   1          LCDRW=0;
  45   1          P1=cmdcode;
  46   1          LCDdelay(2);
  47   1          LCDEnable=1;
  48   1          LCDdelay(2);
  49   1          LCDEnable=0;
  50   1      }
  51          /*****************************************************************************
  52          函数功能:LCD初始化程序
  53          入口参数:
  54          出口参数:
C51 COMPILER V9.60.0.0   LCD12864                                                          12/17/2021 16:55:46 PAGE 2   

  55          *****************************************************************************/
  56          void init_lcd()
  57          {
  58   1          LCDdelay(100);
  59   1          LCDMcs=1;//刚开始关闭两屏
  60   1          LCDScs=1;
  61   1          LCDdelay(100);
  62   1          write_com(LCDLCDDisp_Off);   //写初始化命令
  63   1          write_com(Page_Add+0);
  64   1          write_com(Start_Line+0);
  65   1          write_com(LCDCol_Add+0);
  66   1          write_com(LCDLCDDisp_On);
  67   1      }
  68          /*****************************************************************************
  69          函数功能:写数据到LCD程序，RS(DI)=H,RW=L,EN=H，即来一个脉冲写一次
  70          入口参数:LCDDispdata
  71          出口参数:
  72          *****************************************************************************/
  73          void write_data(unsigned char LCDDispdata)
  74          {
  75   1          CheckState();//检测LCD是否忙
  76   1          LCDDi=1;
  77   1          LCDRW=0;
  78   1          P1=LCDDispdata;
  79   1          LCDdelay(2);
  80   1          LCDEnable=1;
  81   1          LCDdelay(2);
  82   1          LCDEnable=0;
  83   1      }
  84          /*****************************************************************************
  85          函数功能:清除LCD内存程序
  86          入口参数:pag,col,hzk
  87          出口参数:
  88          *****************************************************************************/
  89          void Clr_Scr()
  90          {
  91   1          unsigned char j,k;
  92   1          LCDMcs=0; //左、右屏均开显示
  93   1          LCDScs=0;
  94   1          write_com(Page_Add+0);
  95   1          write_com(LCDCol_Add+0);
  96   1          for(k=0; k<8; k++) //控制页数0-7，共8页
  97   1          {
  98   2              write_com(Page_Add+k); //每页每页进行写
  99   2              for(j=0; j<64; j++) //每页最多可写32个中文文字或64个ASCII字符
 100   2              {
 101   3                  write_com(LCDCol_Add+j);
 102   3                  write_data(0x00);//控制列数0-63，共64列，写点内容，列地址自动加1
 103   3              }
 104   2          }
 105   1      }
 106          /*****************************************************************************
 107          函数功能:指定位置显示汉字16*16程序
 108          入口参数:column,page,hzk
 109          出口参数:
 110          *****************************************************************************/
 111          void hz_LCDDisp16(unsigned char column,unsigned char page, unsigned char code *hzk)
 112          {
 113   1          unsigned char j=0,i=0;
 114   1          for(j=0; j<2; j++)
 115   1          {
 116   2              write_com(Page_Add+page+j);
C51 COMPILER V9.60.0.0   LCD12864                                                          12/17/2021 16:55:46 PAGE 3   

 117   2              write_com(LCDCol_Add+column);
 118   2              for(i=0; i<16; i++)
 119   2                  write_data(hzk[16*j+i]);
 120   2          }
 121   1      }
 122          //左屏开显示
 123           void LeftDisplay(){
 124   1        LCDMcs=0; 
 125   1        LCDScs=1; 
 126   1       }
 127           //右屏开显示
 128           void RightDisplay(){
 129   1        LCDMcs=1; 
 130   1        LCDScs=0; 
 131   1       }


MODULE INFORMATION:   STATIC OVERLAYABLE
   CODE SIZE        =    313    ----
   CONSTANT SIZE    =   ----    ----
   XDATA SIZE       =   ----    ----
   PDATA SIZE       =   ----    ----
   DATA SIZE        =   ----       6
   IDATA SIZE       =   ----    ----
   BIT SIZE         =   ----    ----
END OF MODULE INFORMATION.


C51 COMPILATION COMPLETE.  0 WARNING(S),  0 ERROR(S)
