C51 COMPILER V9.60.0.0   MAIN                                                              12/17/2021 16:55:46 PAGE 1   


C51 COMPILER V9.60.0.0, COMPILATION OF MODULE MAIN
OBJECT MODULE PLACED IN main.OBJ
COMPILER INVOKED BY: C:\Keil_v5\C51\BIN\C51.EXE main.c OPTIMIZE(8,SPEED) BROWSE INCDIR(..\lcd12864_catpoo-master) DEBUG 
                    -OBJECTEXTEND TABS(2)

line level    source

   1          #include <reg52.h>
   2          #include "LCD12864.h"
   3          #include "font.h"
   4          #include "delay.h"
   5          
   6          void main()
   7          { char i=0,j;
   8   1        init_lcd();//初始化LCD
   9   1        Clr_Scr();//清屏
  10   1        while(1)
  11   1          {
  12   2            /****第一行显示****/
  13   2        LeftDisplay();//左屏开显示
  14   2        for(i=0;i<4;i++){
  15   3         hz_LCDDisp16(16*i,0,Hz[i]);    
  16   3        }
  17   2      
  18   2        RightDisplay();//右屏开显示
  19   2          for(i=0,j=4;i<4;i++,j++){
  20   3         hz_LCDDisp16(16*i,0,Hz[j]);    
  21   3        }   
  22   2            /****第二行显示****/
  23   2        LeftDisplay();//左屏开显示
  24   2          for(i=0;i<4;i++){
  25   3         hz_LCDDisp16(16*i,2,Hz[8+i]);    
  26   3        }
  27   2          RightDisplay();//右屏开显示
  28   2          for(i=0;i<4;i++){
  29   3         hz_LCDDisp16(16*i,2,Hz[12+i]);   
  30   3        } 
  31   2            delay_ms(1000);
  32   2            Clr_Scr();//清屏
  33   2        }
  34   1          
  35   1      }
  36          


MODULE INFORMATION:   STATIC OVERLAYABLE
   CODE SIZE        =    292    ----
   CONSTANT SIZE    =    512    ----
   XDATA SIZE       =   ----    ----
   PDATA SIZE       =   ----    ----
   DATA SIZE        =   ----       2
   IDATA SIZE       =   ----    ----
   BIT SIZE         =   ----    ----
END OF MODULE INFORMATION.


C51 COMPILATION COMPLETE.  0 WARNING(S),  0 ERROR(S)
