C51 COMPILER V9.60.0.0   MAIN                                                              04/09/2022 11:25:41 PAGE 1   


C51 COMPILER V9.60.0.0, COMPILATION OF MODULE MAIN
OBJECT MODULE PLACED IN .\Objects\main.obj
COMPILER INVOKED BY: C:\Keil_v5\C51\BIN\C51.EXE main.c OPTIMIZE(8,SPEED) BROWSE DEBUG OBJECTEXTEND PRINT(.\Listings\main
                    -.lst) TABS(2) OBJECT(.\Objects\main.obj)

line level    source

   1          #include "STC15Wxx.H"
   2          //#include "STC15Fxxxx.H"
   3          sbit Led =P1^0;
   4          void main()
   5          {
   6   1        CMPCR1 = 0xb0;//1011,0000 开启比较器中断
   7   1        CMPCR2 = 0x00;//0000 0000 比较器只延时0.1us
   8   1        EA =1;
   9   1        while(1);
  10   1      }
  11          void cmp() interrupt 21 using 1
  12          {
  13   1        CMPCR1 &= 0xbf;//清除中断标志，1011,1111
  14   1      Led = (CMPCR1 & 0x01); //将比较器结果CMPRES输出到测试口显示
  15   1      
  16   1      }


MODULE INFORMATION:   STATIC OVERLAYABLE
   CODE SIZE        =     27    ----
   CONSTANT SIZE    =   ----    ----
   XDATA SIZE       =   ----    ----
   PDATA SIZE       =   ----    ----
   DATA SIZE        =   ----    ----
   IDATA SIZE       =   ----    ----
   BIT SIZE         =   ----    ----
END OF MODULE INFORMATION.


C51 COMPILATION COMPLETE.  0 WARNING(S),  0 ERROR(S)
