C51 COMPILER V9.60.0.0   SOFTWARE                                                          04/28/2022 08:59:13 PAGE 1   


C51 COMPILER V9.60.0.0, COMPILATION OF MODULE SOFTWARE
OBJECT MODULE PLACED IN .\Objects\software.obj
COMPILER INVOKED BY: C:\Keil_v5\C51\BIN\C51.EXE software.c OPTIMIZE(8,SPEED) BROWSE DEBUG OBJECTEXTEND PRINT(.\Listings\
                    -software.lst) TABS(2) OBJECT(.\Objects\software.obj)

line level    source

   1          #include "software.h"
   2          
   3          uchar num , num1; //定义num , num1的数据类型为无符号字符型类型
   4          uchar count=0;        //初始化此变量的值
*** WARNING C231 IN LINE 4 OF software.c: 'count': redefinition
   5          
   6          void delayms(uint xms)   //简单延时
   7          {
   8   1        uint a , b;
   9   1        for(a=xms; a>0; a--)
  10   1         for(b=110; b>0; b--);
  11   1      }
  12          
  13          void Timer0_Rountine(void) interrupt 1  //中断号 定时器/计数器0中断  1为定时器/计数器0的中断号（重要）
  14          {
  15   1        TH0 = (65536-45872)/256;      //方式1需要重装初值
  16   1        TL0 = (65536-45872)%256;
  17   1        num++;      //mun变量自加1
  18   1        if(num == 10)  //判断定时时间是否等于0.5s 为真之后 LED灯的电平状态转换
  19   1        {
  20   2          num = 0;   //清零，好判断下次计时
  21   2          LED =~ LED;//电平状态取反
  22   2        }
  23   1      }
  24          
  25          void TimerI_Routine(void) interrupt 3  //中断号 定时器/计数器1中断  1为定时器/计数器0的中断号 （重要）
  26          {
  27   1        TH1 = (65536-45872)/256;  //方式1需要重装初值
  28   1        TL1 = (65536-45872)%256;
  29   1        num1++;   //mun1变量自加1
  30   1        if(num1 == 20)   //判断定时时间是否等于1s 
  31   1        {
  32   2          num1 = 0;   //清零，好判断下次计时
  33   2          count--;     //mun2变量自减1  mun2的初始值为60
  34   2          if(count== 0) //判断是否计时结束
  35   2            // count= 60; //重新赋值，以便重新计时
  36   2          EA=0;
  37   2        }
  38   1        
  39   1      }
  40            


MODULE INFORMATION:   STATIC OVERLAYABLE
   CODE SIZE        =     82    ----
   CONSTANT SIZE    =   ----    ----
   XDATA SIZE       =   ----    ----
   PDATA SIZE       =   ----    ----
   DATA SIZE        =      3    ----
   IDATA SIZE       =   ----    ----
   BIT SIZE         =   ----    ----
END OF MODULE INFORMATION.


C51 COMPILATION COMPLETE.  1 WARNING(S),  0 ERROR(S)
