C51 COMPILER V9.60.0.0   MAIN                                                              05/18/2022 16:36:01 PAGE 1   


C51 COMPILER V9.60.0.0, COMPILATION OF MODULE MAIN
OBJECT MODULE PLACED IN .\Objects\main.obj
COMPILER INVOKED BY: C:\Keil_v5\C51\BIN\C51.EXE main.c OPTIMIZE(8,SPEED) BROWSE DEBUG OBJECTEXTEND PRINT(.\Listings\main
                    -.lst) TABS(2) OBJECT(.\Objects\main.obj)

line level    source

   1           #include <reg52.h>
   2          #define uint unsigned int
   3          #define uchar unsigned char 
   4          
   5          sbit a = P2^1;              
   6          sbit b = P2^0;
   7          uchar code table[]={0xc0,0xf9,0xa4,0xb0,0x99,0x92,0x82,0xf8,0x80,0x90}; //共阳极段码0-9 
   8          
   9          uint num=5;
  10          uchar shi=0;  
  11          void delayms(uint xms)  //延时程序
  12          {   
  13   1        uint i,j;
  14   1        for(i=xms;i>0;i--)
  15   1          for(j=110;j>0;j--);
  16   1      }
  17          
  18          void display(uint num)        
  19          {
  20   1          a=1;  //共阳极数码管高电平有效
  21   1          P0=table[num%10]; //循环显示0-9
  22   1          delayms(5); //刷新
  23   1          P0=0XFF;      //消隐
  24   1          a=0;
  25   1      
  26   1          b=1;  //共阳极数码管高电平有效
  27   1          P0=table[(num/10)%10];  //循环显示0-9
  28   1          delayms(5);     //刷新
  29   1          P0=0XFF;    //消隐
  30   1          b=0;          
  31   1      }
  32          //外部中断服务程序
  33          void exint0() interrupt 0 
  34          {
  35   1          EX0=0;  //关闭外部请求中断允许位
  36   1        TL0 = 0xb0;   //设置定时初始值
  37   1        TH0 = 0x3c;   //设置定时初始值
  38   1          TR0=1;//开启定时器0中断
  39   1      
  40   1      }
  41          
  42          /* Timer0 interrupt routine */
  43          void tm0_isr() interrupt 1
  44          {
  45   1      //    EX0 = 0; //关闭INT0中断
  46   1        if(shi==20)
  47   1        {   //20*50MS定时时间为1秒
  48   2          shi=0;  
  49   2          if(!num--){
  50   3          TR0=0;
  51   3          EX0=1;  //启用外部请求中断允许位
  52   3          num =5;
  53   3        } 
  54   2        }
C51 COMPILER V9.60.0.0   MAIN                                                              05/18/2022 16:36:01 PAGE 2   

  55   1        TL0 = 0xb0;   //设置定时初始值(65536-50000)%256
  56   1        TH0 = 0x3c;   //设置定时初始值(65536-50000)/256
  57   1      
  58   1       shi++; 
  59   1        
  60   1      }
  61          
  62          void main()
  63          {
  64   1        TMOD = 0x01; /*定时器工作方式1*/
  65   1        EA=1; //中断总开关
  66   1        EX0 = 1; //使能INT0中断
  67   1        ET0=1;  //使能定时器0中断
  68   1        IT0=1;//外部中断采用下降沿触发
  69   1        INT0 = 1;//外部中断引脚置1
  70   1        TR0=0;  //定时器0允许中断位关闭
  71   1        TF0 = 0;    //清除TF0标志
  72   1        while(1)
  73   1        {                     
  74   2          display(num);//调用函数 
  75   2        }
  76   1      }
  77          
  78          


MODULE INFORMATION:   STATIC OVERLAYABLE
   CODE SIZE        =    182    ----
   CONSTANT SIZE    =     10    ----
   XDATA SIZE       =   ----    ----
   PDATA SIZE       =   ----    ----
   DATA SIZE        =      3    ----
   IDATA SIZE       =   ----    ----
   BIT SIZE         =   ----    ----
END OF MODULE INFORMATION.


C51 COMPILATION COMPLETE.  0 WARNING(S),  0 ERROR(S)
