C51 COMPILER V9.60.0.0   MAIN2                                                             05/20/2022 17:09:00 PAGE 1   


C51 COMPILER V9.60.0.0, COMPILATION OF MODULE MAIN2
OBJECT MODULE PLACED IN .\Objects\main2.obj
COMPILER INVOKED BY: C:\Keil_v5\C51\BIN\C51.EXE main2.c OPTIMIZE(8,SPEED) BROWSE DEBUG OBJECTEXTEND PRINT(.\Listings\mai
                    -n2.lst) TABS(2) OBJECT(.\Objects\main2.obj)

line level    source

   1          //#include<at89x51.h>
   2          #include <STC89C5xRC.H>
   3          
   4          sbit DAT=P1^1;
   5          sbit CLK=P1^0;
   6          
   7          unsigned char code tab[]= {0x3f,0x06,0x5b,0x4f,0x66,0x6d,0x7d,0x07,0x7f,0x6f,0x40,0xff}; // 显示0~9,-,全灭
   8          //unsigned  char code ff[]= {0xfe,0xfd,0xfb,0xf7,0xef,0xdf,0xbf,0x77}; //位选;
   9          unsigned char hour,minite,second;
  10          
  11          
  12          
  13          //开启计时
  14          void loading()
  15          {
  16   1        TMOD=0x01;    //工作方式1,65536
  17   1        TL0 = 0xb0;   //设置定时50ms初始值
  18   1        TH0 = 0x3c;   //设置定时50ms初始值
  19   1          TR0=1;//开启定时器0中断
  20   1          TR0=1;
  21   1          ET0=1;
  22   1          EA=1;
  23   1      }
  24          
  25          //以下是显示程序,共八个,因为有八个数码管;
  26          void sendbyte(unsigned char byte)
  27          {
  28   1          unsigned char num,c;
  29   1          num=tab[byte];
  30   1          for(c=0; c<8; c++)
  31   1          {
  32   2              CLK=0;
  33   2              DAT=num&0x80;
  34   2              CLK=1;
  35   2              num<<=1;
  36   2          }
  37   1          num=0xfe;
  38   1          for(c=0; c<8; c++)
  39   1          {
  40   2      
  41   2              CLK=0;
  42   2              DAT=num;
  43   2              CLK=1;
  44   2              num<<=1;
  45   2          }
  46   1      }
  47          
  48          
  49          void sendbyte_1(unsigned char byte)
  50          {
  51   1          unsigned char num,c;
  52   1          num=tab[byte];
  53   1          for(c=0; c<8; c++)
  54   1          {
C51 COMPILER V9.60.0.0   MAIN2                                                             05/20/2022 17:09:00 PAGE 2   

  55   2              CLK=0;
  56   2              DAT=num&0x80;
  57   2              CLK=1;
  58   2              num<<=1;
  59   2          }
  60   1          num=0xfd;
  61   1          for(c=0; c<8; c++)
  62   1          {
  63   2      
  64   2              CLK=0;
  65   2              DAT=num&0x80;
  66   2              CLK=1;
  67   2              num<<=1;
  68   2          }
  69   1      }
  70          
  71          void sendbyte_2(unsigned char byte)
  72          {
  73   1          unsigned char num,c;
  74   1          num=tab[byte];
  75   1          for(c=0; c<8; c++)
  76   1          {
  77   2              CLK=0;
  78   2              DAT=num&0x80;
  79   2              CLK=1;
  80   2              num<<=1;
  81   2          }
  82   1          num=0xfb;
  83   1          for(c=0; c<8; c++)
  84   1          {
  85   2      
  86   2              CLK=0;
  87   2              DAT=num&0x80;
  88   2              CLK=1;
  89   2              num<<=1;
  90   2          }
  91   1      }
  92          
  93          
  94          void sendbyte_3(unsigned char byte)
  95          {
  96   1          unsigned char num,c;
  97   1          num=tab[byte];
  98   1          for(c=0; c<8; c++)
  99   1          {
 100   2              CLK=0;
 101   2              DAT=num&0x80;
 102   2              CLK=1;
 103   2              num<<=1;
 104   2          }
 105   1          num=0xf7;
 106   1          for(c=0; c<8; c++)
 107   1          {
 108   2      
 109   2              CLK=0;
 110   2              DAT=num&0x80;
 111   2              CLK=1;
 112   2              num<<=1;
 113   2          }
 114   1      }
 115          
 116          
C51 COMPILER V9.60.0.0   MAIN2                                                             05/20/2022 17:09:00 PAGE 3   

 117          void sendbyte_4(unsigned char byte)
 118          {
 119   1          unsigned char num,c;
 120   1          num=tab[byte];
 121   1          for(c=0; c<8; c++)
 122   1          {
 123   2              CLK=0;
 124   2              DAT=num&0x80;
 125   2              CLK=1;
 126   2              num<<=1;
 127   2          }
 128   1          num=0xef;
 129   1          for(c=0; c<8; c++)
 130   1          {
 131   2      
 132   2              CLK=0;
 133   2              DAT=num&0x80;
 134   2              CLK=1;
 135   2              num<<=1;
 136   2          }
 137   1      }
 138          
 139          
 140          void sendbyte_5(unsigned char byte)
 141          {
 142   1          unsigned char num,c;
 143   1          num=tab[byte];
 144   1          for(c=0; c<8; c++)
 145   1          {
 146   2              CLK=0;
 147   2              DAT=num&0x80;
 148   2              CLK=1;
 149   2              num<<=1;
 150   2          }
 151   1          num=0xdf;
 152   1          for(c=0; c<8; c++)
 153   1          {
 154   2      
 155   2              CLK=0;
 156   2              DAT=num&0x80;
 157   2              CLK=1;
 158   2              num<<=1;
 159   2          }
 160   1      }
 161          
 162          
 163          void sendbyte_6(unsigned char byte)
 164          {
 165   1          unsigned char num,c;
 166   1          num=tab[byte];
 167   1          for(c=0; c<8; c++)    {
 168   2              CLK=0;
 169   2              DAT=num&0x80;
 170   2              CLK=1;
 171   2              num<<=1;
 172   2          }
 173   1          num=0xbf;
 174   1          for(c=0; c<8; c++)
 175   1          {
 176   2      
 177   2              CLK=0;
 178   2              DAT=num&0x80;
C51 COMPILER V9.60.0.0   MAIN2                                                             05/20/2022 17:09:00 PAGE 4   

 179   2              CLK=1;
 180   2              num<<=1;
 181   2          }
 182   1      }
 183          
 184          
 185          void sendbyte_7(unsigned char byte)
 186          {
 187   1          unsigned char num,c;
 188   1          num=tab[byte];
 189   1          for(c=0; c<8; c++)
 190   1          {
 191   2              CLK=0;
 192   2              DAT=num&0x80;
 193   2              CLK=1;
 194   2              num<<=1;
 195   2          }
 196   1          num=0x7f;
 197   1          for(c=0; c<8; c++)
 198   1          {
 199   2              CLK=0;
 200   2              DAT=num&0x80;
 201   2              CLK=1;
 202   2              num<<=1;
 203   2          }
 204   1      }
 205          
 206          
 207          //延时
 208          void delay(unsigned int xms)
 209          {
 210   1        
 211   1        unsigned int i,j;
 212   1        for(i=xms;i>0;i--)
 213   1          for(j=96;j>0;j--);
 214   1      }
 215          
 216          void main()
 217          {
 218   1      
 219   1          loading();
 220   1          while(1)
 221   1          {
 222   2             sendbyte(second%10); //秒，个位
 223   2              delay(5);
 224   2              sendbyte(11);//消隐
 225   2              sendbyte_1(second/10);  //秒，十位
 226   2              delay(5);
 227   2      //        sendbyte_1(11);
 228   2            
 229   2              sendbyte_2(10); //‘-’
 230   2              delay(5);
 231   2              sendbyte_3(minite%10);  //分，个位      
 232   2             delay(5);
 233   2      //        sendbyte_3(11); //消隐
 234   2              sendbyte_4(minite/10);  //分，十位      
 235   2             delay(5);
 236   2      //        sendbyte_4(11); //消隐    
 237   2              sendbyte_5(10); //‘-’
 238   2             delay(5);
 239   2              sendbyte_6(hour%10);  //小时，个位
 240   2             delay(5);
C51 COMPILER V9.60.0.0   MAIN2                                                             05/20/2022 17:09:00 PAGE 5   

 241   2      //       sendbyte_6(11);//消隐
 242   2              sendbyte_7(hour/10);  //小时，十位              
 243   2              delay(5);
 244   2      //        sendbyte_7(11); //消隐
 245   2      
 246   2          }
 247   1      }
 248          
 249          
 250          void time(void) interrupt 1
 251          {
 252   1         static volatile unsigned char tt=0;
 253   1          tt++;   
 254   1          TL0 = 0xb0;   //设置定时初始值(65536-50000)%256
 255   1          TH0 = 0x3c;   //设置定时初始值(65536-50000)/256
 256   1          if(tt==20)
 257   1          {
 258   2              tt=0;
 259   2              second++;
 260   2              if(second==60)
 261   2              {
 262   3                  second=0;
 263   3                  minite++;
 264   3                  if(minite==60)
 265   3                  {
 266   4                      minite=0;
 267   4                      hour++;
 268   4                      if(hour==24)  hour=0;
 269   4                  }
 270   3              }
 271   2          }
 272   1      
 273   1      }


MODULE INFORMATION:   STATIC OVERLAYABLE
   CODE SIZE        =    728    ----
   CONSTANT SIZE    =     12    ----
   XDATA SIZE       =   ----    ----
   PDATA SIZE       =   ----    ----
   DATA SIZE        =      4    ----
   IDATA SIZE       =   ----    ----
   BIT SIZE         =   ----    ----
END OF MODULE INFORMATION.


C51 COMPILATION COMPLETE.  0 WARNING(S),  0 ERROR(S)
