C51 COMPILER V9.60.0.0   DELAY                                                             12/28/2021 16:55:14 PAGE 1   


C51 COMPILER V9.60.0.0, COMPILATION OF MODULE DELAY
OBJECT MODULE PLACED IN .\Objects\delay.obj
COMPILER INVOKED BY: C:\Keil_v5\C51\BIN\C51.EXE delay.c OPTIMIZE(8,SPEED) BROWSE DEBUG OBJECTEXTEND PRINT(.\Listings\del
                    -ay.lst) TABS(2) OBJECT(.\Objects\delay.obj)

line level    source

   1          
   2          /*------------------------------------------------------------------*/
   3          /* --- STC MCU International Limited -------------------------------*/
   4          /* --- STC 1T Series MCU RC Demo -----------------------------------*/
   5          /* --- Mobile: (86)13922805190 -------------------------------------*/
   6          /* --- Fax: 86-0513-55012956,55012947,55012969 ---------------------*/
   7          /* --- Tel: 86-0513-55012928,55012929,55012966 ---------------------*/
   8          /* --- Web: www.GXWMCU.com -----------------------------------------*/
   9          /* --- QQ:  800003751 ----------------------------------------------*/
  10          /* If you want to use the program or the program referenced in the  */
  11          /* article, please specify in which data and procedures from STC    */
  12          /*------------------------------------------------------------------*/
  13          
  14          
  15          /*************  功能说明  **************
  16          
  17          本文件为STC15xxx系列的延时程序,用户几乎可以不修改这个程序.
  18          
  19          
  20          ******************************************/
  21          
  22          #include  "delay.h"
  23          
  24          
  25          
  26          //========================================================================
  27          // 函数: void  delay_ms(unsigned char ms)
  28          // 描述: 延时函数。
  29          // 参数: ms,要延时的ms数, 这里只支持1~255ms. 自动适应主时钟.
  30          // 返回: none.
  31          // 版本: VER1.0
  32          // 日期: 2013-4-1
  33          // 备注:
  34          //========================================================================
  35          
  36          
  37          
  38          void Delay25ms()    //@11.0592MHz
  39          {
  40   1          unsigned char i, j;
  41   1      
  42   1          i = 45;
  43   1          j = 208;
  44   1          do
  45   1          {
  46   2              while (--j);
  47   2          } while (--i);
  48   1      }
  49          
  50          
  51          void Delay35us()    //@11.0592MHz
  52          {
  53   1          unsigned char i;
  54   1      
C51 COMPILER V9.60.0.0   DELAY                                                             12/28/2021 16:55:14 PAGE 2   

  55   1          _nop_();
  56   1          i = 13;
  57   1          while (--i);
  58   1      }
  59          void Delay50us()    //@11.0592MHz
  60          {
  61   1          unsigned char i;
  62   1      
  63   1          _nop_();
  64   1          i = 20;
  65   1          while (--i);
  66   1      }
  67          void Delay25us()    //@11.0592MHz
  68          {
  69   1          unsigned char i;
  70   1      
  71   1          i = 9;
  72   1          while (--i);
  73   1      }
  74          
  75          void Delay10us()    //@11.0592MHz
  76          {
  77   1          unsigned char i;
  78   1      
  79   1          i = 2;
  80   1          while (--i);
  81   1      }
  82          void Delay1000ms()    //@11.0592MHz
  83          {
  84   1          unsigned char i, j, k;
  85   1      
  86   1          _nop_();
  87   1          i = 8;
  88   1          j = 1;
  89   1          k = 243;
  90   1          do
  91   1          {
  92   2              do
  93   2              {
  94   3                  while (--k);
  95   3              } while (--j);
  96   2          } while (--i);
  97   1      }
  98          


MODULE INFORMATION:   STATIC OVERLAYABLE
   CODE SIZE        =     45    ----
   CONSTANT SIZE    =   ----    ----
   XDATA SIZE       =   ----    ----
   PDATA SIZE       =   ----    ----
   DATA SIZE        =   ----    ----
   IDATA SIZE       =   ----    ----
   BIT SIZE         =   ----    ----
END OF MODULE INFORMATION.


C51 COMPILATION COMPLETE.  0 WARNING(S),  0 ERROR(S)
