C51 COMPILER V9.60.0.0   LCD1602IIC                                                        12/28/2021 16:55:13 PAGE 1   


C51 COMPILER V9.60.0.0, COMPILATION OF MODULE LCD1602IIC
OBJECT MODULE PLACED IN .\Objects\lcd1602iic.obj
COMPILER INVOKED BY: C:\Keil_v5\C51\BIN\C51.EXE lcd1602iic.c OPTIMIZE(8,SPEED) BROWSE DEBUG OBJECTEXTEND PRINT(.\Listing
                    -s\lcd1602iic.lst) TABS(2) OBJECT(.\Objects\lcd1602iic.obj)

line level    source

   1          #include "stdio.h"
   2          #include <reg52.h>
   3          #include "intrins.h"
   4          #include  "delay.h"
   5          #define uchar unsigned char
   6          #define uint unsigned int
   7            
   8          sbit SCL = P1^0;
   9          sbit SDA = P1^1;
  10          
  11          sbit Temp_data = P1^2 ;
  12          
  13          sbit led = P1^5;//DHT响应指示灯
  14          sbit led2 = P1^6;//效验数据指示灯
  15          
  16          unsigned int rec_dat[4];
  17          //#define   L1                0x80            // 第一行写入地址
  18          //#define   L2                0xc0            // 第二行写入地址
  19          char ADDR = 0x4E;    // PCF8574  T  模块的地址码
  20          //char ADDR = 0x7e;    // PCF8574   AT  模块的地址码
  21          
  22          void DHT11_start();//DHT开始信号
  23          unsigned char DHT11_rec_byte();
  24          void DHT11_receive();
  25          
  26          //***************************** 延时毫秒函数***********************************************
  27          
  28          
  29          void delay1(int y)   //
  30          {
  31   1          while(y--)
  32   1          {
  33   2              unsigned char a,b,c;
  34   2              for(c=1; c>0; c--)
  35   2                  for(b=142; b>0; b--)
  36   2                      for(a=2; a>0; a--);
  37   2          }
  38   1      }
  39          
  40          //******************************** IIC 串口开始 ********************************************
  41          
  42          
  43          void IIC_start(void)
  44          {
  45   1          SDA=1;
  46   1          _nop_();
  47   1          SCL=1;
  48   1          _nop_();
  49   1          _nop_();
  50   1          _nop_();
  51   1          _nop_();
  52   1          _nop_();
  53   1          SDA=0;
  54   1          _nop_();
C51 COMPILER V9.60.0.0   LCD1602IIC                                                        12/28/2021 16:55:13 PAGE 2   

  55   1          _nop_();
  56   1          _nop_();
  57   1          _nop_();
  58   1          _nop_();
  59   1          SCL=0;
  60   1      }
  61          //********************************** IIC 串口写1个字节 ******************************************
  62          
  63          
  64          void IIC_writeByte(char temp)
  65          {
  66   1          char i;
  67   1          for(i=0; i<8; i++)
  68   1          {
  69   2              SDA=(bit)(temp & 0x80) ;   // 根据规定1602的数据最高位必须为  1
  70   2              temp <<=1;
  71   2              _nop_();
  72   2              _nop_();
  73   2              SCL=1;
  74   2              _nop_();
  75   2              _nop_();
  76   2              _nop_();
  77   2              _nop_();
  78   2              _nop_();
  79   2              SCL=0;
  80   2          }
  81   1          _nop_();
  82   1          _nop_();
  83   1          _nop_();
  84   1          _nop_();
  85   1          SDA=1;
  86   1          _nop_();
  87   1          _nop_();
  88   1          _nop_();
  89   1          _nop_();
  90   1          SCL=1;
  91   1          _nop_();
  92   1          _nop_();
  93   1          _nop_();
  94   1          while(SDA);
  95   1          _nop_();
  96   1          SCL=0;
  97   1      }
  98          
  99          
 100          
 101          
 102          //******************************** 1602写命令 ********************************************
 103          
 104          
 105          void LCD_write_command(char comm)
 106          {
 107   1          char tmp;
 108   1          IIC_start();          // 串口开始
 109   1          IIC_writeByte(ADDR);  // 先选PCF 8574T 的地址  （应该是相当于选中的意思吧）
 110   1      
 111   1          tmp = comm & 0xF0;    // 与0xf0 应该是取第四位的意思吧
 112   1          tmp |= 0x0C;         //保留高4位为指令的高四位，低四位为   RS = 0, RW = 0, EN = 1
 113   1          IIC_writeByte(tmp);  //从串口送出
 114   1          delay1(20);
 115   1          tmp &= 0xFB;        //Make EN = 0
 116   1          IIC_writeByte(tmp);
C51 COMPILER V9.60.0.0   LCD1602IIC                                                        12/28/2021 16:55:13 PAGE 3   

 117   1      
 118   1          tmp = (comm & 0x0F) << 4 ;  //将指令的低四位 送到高位置保存
 119   1          tmp |= 0x0C;        //RS = 0, RW = 0, EN = 1
 120   1          IIC_writeByte(tmp);
 121   1          delay1(20);
 122   1          tmp &= 0xFB; // Make EN = 0
 123   1          IIC_writeByte(tmp);
 124   1      
 125   1      }
 126          //******************************** 1602写数据 ********************************************
 127          
 128          
 129          void LCD_write_data(char data1)
 130          {
 131   1          char tmp;
 132   1          IIC_start();
 133   1          IIC_writeByte(ADDR);   // 先选PCF 8574T 的地址  （应该是相当于选中的意思吧）
 134   1      
 135   1          tmp = data1 & 0xF0;
 136   1          tmp |= 0x0D; //RS = 0, RW = 0, EN = 1
 137   1          IIC_writeByte(tmp);
 138   1          delay1(20);
 139   1          tmp &= 0xFB; //Make EN = 0
 140   1          IIC_writeByte(tmp);
 141   1      
 142   1          tmp = (data1 & 0x0F) << 4 ;
 143   1          tmp |= 0x0D; //RS = 0, RW = 0, EN = 1
 144   1          IIC_writeByte(tmp);
 145   1          delay1(20);
 146   1          tmp &= 0xFB ; // Make EN = 0
 147   1          IIC_writeByte(tmp);
 148   1      }
 149          
 150          
 151          //******************************** 1602初始化 ********************************************
 152          
 153          
 154          void Init_Lcd(void)
 155          {
 156   1          LCD_write_command(0x33); //将8位总线转为4位总线
 157   1          delay1(50) ;
 158   1          LCD_write_command(0x32); //
 159   1          delay1(50) ;
 160   1          LCD_write_command(0x28); // 4位数据线，显示2行，5*7点阵字符  ！如果是0x38  则为8位数据线，显示2行，5*7
             -点阵字符
 161   1          delay1(50) ;
 162   1          LCD_write_command(0x0C); // 开显示，关闭光标，不闪烁
 163   1          delay1(50) ;
 164   1          LCD_write_command(0x06); // 设定输入方式，增量不位移
 165   1          delay1(50) ;
 166   1          LCD_write_command(0x01); // 清屏
 167   1          delay1(50) ;
 168   1      }
 169          
 170          
 171          
 172          
 173          
 174          
 175          
 176          
 177          //*************************************** 在指定位置显示字符串 *************************************
C51 COMPILER V9.60.0.0   LCD1602IIC                                                        12/28/2021 16:55:13 PAGE 4   

 178          
 179          
 180          void Write_LCD(int x, int y, char *str)
 181          {
 182   1          char addr;
 183   1          if( x < 0)
 184   1          {
 185   2              x = 0;
 186   2          }
 187   1          if(x > 15)
 188   1          {
 189   2              x = 15;
 190   2          }
 191   1          if(y<0)
 192   1          {
 193   2              y = 0;
 194   2          }
 195   1          if(y > 1)
 196   1          {
 197   2              y = 1;
 198   2          }
 199   1      
 200   1          addr = 0x80 + 0x40 * y + x;   // Move cursor  移动光标
 201   1          LCD_write_command(addr);
 202   1          while (*str)
 203   1          {
 204   2              LCD_write_data(*str++);
 205   2          }
 206   1      }
 207          
 208          
 209          //-------------------------------------------- 显示字符串的函数 ------------------------------------------
             -----------
 210          
 211          /*
 212          void LCD_write_word(unsigned char *s) //显示字符串的函数
 213          {
 214              while(*s>0)
 215              {
 216                  LCD_write_data(*s);
 217                  s++;
 218              }
 219          }
 220          */
 221          //********************************* 指定位置显示一个字符*******************************************
 222          /*
 223          void Print_Char (unsigned char line,unsigned char num,unsigned char date)
 224          {
 225                          LCD_write_command(line+num);
 226                          LCD_write_data(date);
 227          }
 228          
 229          
 230          */
 231          /*
 232          //按指定位置显示一个字符(针对1602液晶)-用在温度显示
 233          void DisplayOneChar(unsigned char X, unsigned char Y, unsigned char DData)
 234          {
 235              Y &= 0x1;
 236              X &= 0xF;                 //限制X不能大于15，Y不能大于1
 237              if (Y) X |= 0x40;        //当要显示第二行时地址码+0x40;
 238              X |= 0x80;               // 算出指令码
C51 COMPILER V9.60.0.0   LCD1602IIC                                                        12/28/2021 16:55:13 PAGE 5   

 239              LCD_write_command(X);    //这里不检测忙信号，发送地址码
 240              LCD_write_data(DData);
 241          }
 242          */
 243          
 244          //DHT11起始信号
 245          void DHT11_start()
 246          {
 247   1          Temp_data=1;
 248   1          Delay10us();
 249   1          Temp_data=0;
 250   1          Delay25ms();//这个延时不能过短,18ms以上,实际在仿真当中要想读到数据延时要在延时参数要在40以上才能出数据
 251   1          Temp_data=1;
 252   1          Delay50us();//MCU释放总线20~40us,需要在40微秒到100微秒之间
 253   1      }
 254          
 255          //接收一个字节
 256          unsigned char DHT11_rec_byte()
 257          {
 258   1          unsigned char i,dat=0;
 259   1          for(i=0; i<8; i++)
 260   1          {
 261   2              while(!Temp_data);//跳过数据前段的50us
 262   2              Delay35us();//过了数据0和数据1相同区域，再做检测
 263   2              dat <<=1;
 264   2              if(Temp_data==1)
 265   2              {   //如果读到的数据是1
 266   3                  dat +=1;
 267   3              }
 268   2              while(Temp_data);
 269   2          }
 270   1          return dat;
 271   1      }
 272          //接收温湿度数据
 273          void DHT11_receive()
 274          {
 275   1          unsigned int R_H,R_L,T_H,T_L;
 276   1          unsigned char RH,RL,TH,TL,revise;
 277   1          DHT11_start();
 278   1          if(Temp_data==0)
 279   1          {
 280   2              led=1;//检测从设备DHT拉低总线信号，作为响应信号
 281   2              while(Temp_data==0); //等待DHT响应信号，80us内来拉高总线
 282   2      
 283   2              while(Temp_data==1); //等待DHT响应信号，80us内来拉低总线
 284   2              //  led=1;
 285   2              R_H=DHT11_rec_byte();    //接收湿度高八位
 286   2              R_L=DHT11_rec_byte();    //接收湿度低八位
 287   2              T_H=DHT11_rec_byte();    //接收温度高八位
 288   2              T_L=DHT11_rec_byte();    //接收温度低八位
 289   2              revise=DHT11_rec_byte(); //接收校正位
 290   2              Delay25us();    //结束
 291   2      
 292   2              if((R_H+R_L+T_H+T_L)==revise)      //校正
 293   2              {
 294   3                  led2 = 0;
 295   3      
 296   3                  RH=R_H;
 297   3                  RL=R_L;
 298   3                  TH=T_H;
 299   3                  TL=T_L;
 300   3              }
C51 COMPILER V9.60.0.0   LCD1602IIC                                                        12/28/2021 16:55:13 PAGE 6   

 301   2              /*数据处理，方便显示*/
 302   2              rec_dat[0]=RH;
 303   2              rec_dat[1]=RL;
 304   2              rec_dat[2]=TH;
 305   2              rec_dat[3]=TL;
 306   2      
 307   2          }
 308   1      //else{ led=1;}
 309   1      
 310   1      }
 311          
 312          void main() {
 313   1        
 314   1          float tem = 0.0,hum = 0.0;
 315   1          unsigned char Tempbuf[8],Humbuf[5];
 316   1          Init_Lcd();
 317   1      
 318   1          led = 0;
 319   1          led2 = 0;
 320   1          while(1) {
 321   2              DHT11_receive();//接收DHT11数据
 322   2              Write_LCD(3, 1, "Temp:");//在第一行第一个位置显示字符串
 323   2              Write_LCD(3, 0, "Hum:");//在第一行第一个位置显示字符串
 324   2              hum = rec_dat[0] + rec_dat[1]/10.0;
 325   2              tem = rec_dat[2] + rec_dat[3]/10.0;
 326   2              sprintf(Tempbuf, "%3.1f*C",tem);
 327   2              sprintf(Humbuf, "%2.0f%%", hum);
 328   2              Write_LCD(7, 0, Humbuf);
 329   2              Write_LCD(8, 1, Tempbuf);
 330   2              Delay1000ms();
 331   2              Delay1000ms();
 332   2              led=0;
 333   2              LCD_write_command(0x01); // 清屏
 334   2          }
 335   1      }
 336          


MODULE INFORMATION:   STATIC OVERLAYABLE
   CODE SIZE        =    865    ----
   CONSTANT SIZE    =     27    ----
   XDATA SIZE       =   ----    ----
   PDATA SIZE       =   ----    ----
   DATA SIZE        =      9      42
   IDATA SIZE       =   ----    ----
   BIT SIZE         =   ----    ----
END OF MODULE INFORMATION.


C51 COMPILATION COMPLETE.  0 WARNING(S),  0 ERROR(S)
