C51 COMPILER V9.60.0.0   DELAY                                                             01/03/2022 11:28:56 PAGE 1   


C51 COMPILER V9.60.0.0, COMPILATION OF MODULE DELAY
OBJECT MODULE PLACED IN .\Objects\delay.obj
COMPILER INVOKED BY: C:\Keil_v5\C51\BIN\C51.EXE src\delay.c OPTIMIZE(8,SPEED) BROWSE INCDIR(.\inc) DEBUG OBJECTEXTEND PR
                    -INT(.\Listings\delay.lst) TABS(2) OBJECT(.\Objects\delay.obj)

line level    source

   1          #include "delay.h"
   2          
   3          
   4          
   5          //****************************************************
   6          //MSÑÓÊ±º¯Êý(12M¾§ÕñÏÂ²âÊÔ)
   7          //****************************************************
   8          void Delay_ms(unsigned int n)
   9          {
  10   1        unsigned int  i,j;
  11   1        for(i=0;i<n;i++)
  12   1          for(j=0;j<123;j++);
  13   1      }
*** WARNING C316 IN LINE 13 OF src\delay.c: unterminated conditionals


MODULE INFORMATION:   STATIC OVERLAYABLE
   CODE SIZE        =     32    ----
   CONSTANT SIZE    =   ----    ----
   XDATA SIZE       =   ----    ----
   PDATA SIZE       =   ----    ----
   DATA SIZE        =   ----    ----
   IDATA SIZE       =   ----    ----
   BIT SIZE         =   ----    ----
END OF MODULE INFORMATION.


C51 COMPILATION COMPLETE.  1 WARNING(S),  0 ERROR(S)
