C51 COMPILER V9.60.0.0   MAIN                                                              07/03/2022 15:34:09 PAGE 1   


C51 COMPILER V9.60.0.0, COMPILATION OF MODULE MAIN
OBJECT MODULE PLACED IN .\Objects\main.obj
COMPILER INVOKED BY: C:\Keil_v5\C51\BIN\C51.EXE main.c OPTIMIZE(8,SPEED) BROWSE DEBUG OBJECTEXTEND PRINT(.\Listings\main
                    -.lst) TABS(2) OBJECT(.\Objects\main.obj)

line level    source

   1          //名称：8×8LED点阵屏仿电梯数字滚动显示
   2          //说明：本例模拟了电梯显示屏上下滚动显示楼层的效果，当目标楼层大于
   3          //当前楼层时，将向上滚动显示，反之则向下滚动显示。
   4          #include <reg51.h>
   5          #include <intrins.h>
   6          #define uchar unsigned char
   7          #define uint unsigned int
   8          uchar code Table[]=
   9          {
  10            0x3C,0x42,0x42,0x42,0x42,0x42,0x42,0x3C,//0
  11            0x18,0x38,0x78,0x18,0x18,0x18,0x18,0x18,//1
  12            0x00,0x7E,0x02,0x02,0x7E,0x40,0x40,0x7E,//2
  13            0x00,0x7E,0x02,0x02,0x7E,0x02,0x02,0x7E,//3
  14            0x00,0x48,0x48,0x48,0x7E,0x08,0x08,0x08,//4
  15            0x00,0x7E,0x40,0x40,0x7E,0x02,0x02,0x7E,//5
  16            0x00,0x7C,0x40,0x40,0x7C,0x44,0x44,0x7C,//6
  17            0x00,0x7C,0x04,0x04,0x04,0x04,0x04,0x04,//7
  18            0x00,0x7C,0x44,0x44,0x7C,0x44,0x44,0x7C,//8
  19            0x00,0x7E,0x42,0x42,0x7E,0x02,0x02,0x7E,//9
  20            
  21          };
  22          uint r= 0;
  23          char offset = 0;
  24          uchar Current_Level = 1,Dest_Level=1,x=0,t =0;
  25          
  26          void main()
  27          {
  28   1         P3 = 0x80;
  29   1        Current_Level = 1;
  30   1        TMOD  = 0x01;
  31   1        TH0 = -4000/256;
  32   1        TL0 = -4000%256;
  33   1        TR0=1;
  34   1        IE = 0x82;
  35   1        EA =1;
  36   1        while(1); 
  37   1      }
  38          
  39          void Led_Dispaly() interrupt 1
  40          {
  41   1        uchar i;
  42   1        //在停止滚动时，如果有按键按下，则判断目标楼层
  43   1        if (P1 != 0xff && Current_Level == Dest_Level )
  44   1        {
  45   2        if (P1 ==0xfe)Dest_Level =5;
  46   2        if (P1 ==0xfd)Dest_Level =4;
  47   2        if (P1 ==0xfb)Dest_Level =3;
  48   2        if (P1 ==0xf7)Dest_Level =2;
  49   2        if (P1 ==0xef)Dest_Level =1;
  50   2        }
  51   1        TH0 = -4000/256;
  52   1        TL0 = -4000%256;
  53   1        P3 =_crol_(P3,1);
  54   1        i = Current_Level *8 + r + offset;
C51 COMPILER V9.60.0.0   MAIN                                                              07/03/2022 15:34:09 PAGE 2   

  55   1        P0 = ~Table[i];
  56   1        
  57   1        //上升显示
  58   1        if (Current_Level < Dest_Level )
  59   1        {
  60   2          if ( ++r ==8)
  61   2          {
  62   3              r =0;
  63   3            if( ++x ==4)
  64   3            {
  65   4              x = 0;
  66   4              if(++offset ==8)
  67   4              {
  68   5                offset = 0;
  69   5                Current_Level++;        
  70   5              }
  71   4              
  72   4            }
  73   3          }
  74   2          
  75   2        }
  76   1        else if(Current_Level > Dest_Level )
  77   1        {
  78   2              if ( ++r ==8)
  79   2          {
  80   3            r =0;
  81   3            if( ++x ==4)
  82   3            {
  83   4              x = 0;
  84   4              if(--offset == -8)
  85   4              {
  86   5                offset = 0;
  87   5                Current_Level--;        
  88   5              }
  89   4              
  90   4            }
  91   3          }
  92   2          
  93   2        }
  94   1        else
  95   1        {
  96   2          if ( ++r ==8) r =0;   
  97   2        }
  98   1      }


MODULE INFORMATION:   STATIC OVERLAYABLE
   CODE SIZE        =    289    ----
   CONSTANT SIZE    =     80    ----
   XDATA SIZE       =   ----    ----
   PDATA SIZE       =   ----    ----
   DATA SIZE        =      7    ----
   IDATA SIZE       =   ----    ----
   BIT SIZE         =   ----    ----
END OF MODULE INFORMATION.


C51 COMPILATION COMPLETE.  0 WARNING(S),  0 ERROR(S)
