C51 COMPILER V9.60.0.0   IIC                                                               01/06/2022 16:03:52 PAGE 1   


C51 COMPILER V9.60.0.0, COMPILATION OF MODULE IIC
OBJECT MODULE PLACED IN .\Objects\iic.obj
COMPILER INVOKED BY: C:\Keil_v5\C51\BIN\C51.EXE iic.c OPTIMIZE(8,SPEED) BROWSE INCDIR(..\pcf85) DEBUG OBJECTEXTEND PRINT
                    -(.\Listings\iic.lst) TABS(2) OBJECT(.\Objects\iic.obj)

line level    source

   1          #include <reg52.h>
   2          #include <intrins.h>
   3          #include "IIC.h"
   4          
   5          void delay()    //略微延时  6us约>4.7us
   6          {
   7   1          _nop_();
   8   1          _nop_();
   9   1          _nop_();
  10   1          _nop_();
  11   1          _nop_();
  12   1          _nop_();
  13   1      }
  14          
  15          void iic_start()   //启动信号
  16          {
  17   1      
  18   1          SDA=1;
  19   1          SCL=1;
  20   1          delay();
  21   1          SDA=0;
  22   1          delay();
  23   1          SCL=0;
  24   1      
  25   1      }
  26          
  27          void iic_stop()  //停止信号
  28          {
  29   1          SDA=0;
  30   1          SCL=1;
  31   1          delay();
  32   1          SDA=1;
  33   1          delay();
  34   1          SCL=0;
  35   1      }
  36          
  37          void iic_ack()   //应答信号
  38          {
  39   1          unsigned char i=0;
  40   1          SCL=1;
  41   1          delay();
  42   1          while((SDA==1)&&(i<255))
  43   1              i++;
  44   1          SCL=0;
  45   1          delay();
  46   1      }
  47          
  48          void iic_send_byte(unsigned char bat)  //发送数据
  49          {
  50   1          unsigned char i,temp;
  51   1          temp = bat;
  52   1          for(i=0; i<=7; i++)
  53   1          {
  54   2              temp=temp<<1;
C51 COMPILER V9.60.0.0   IIC                                                               01/06/2022 16:03:52 PAGE 2   

  55   2              SCL=0;
  56   2              SDA=CY;
  57   2              delay();
  58   2              SCL=1;
  59   2              delay();
  60   2          }
  61   1          SCL=0;
  62   1          delay();
  63   1          SDA=1;
  64   1          delay();
  65   1      }
  66          
  67          unsigned char iic_rev()  //接受数据
  68          {
  69   1          unsigned char temp=0,i;
  70   1          SCL=0;
  71   1          delay();
  72   1          SDA=1;
  73   1          for(i=0; i<=7; i++)
  74   1          {
  75   2              SCL=1;
  76   2              delay();
  77   2            temp<<=1;
  78   2             if(SDA==1)temp = temp|0x01;
  79   2             delay();
  80   2              SCL=0;
  81   2              delay();
  82   2          }
  83   1          return temp;
  84   1      }
  85          
  86          void iic_send_add_byte(unsigned char add,unsigned char bat) //向某个地址发送某数据
  87          {
  88   1          iic_start();
  89   1          iic_send_byte(0xa2);
  90   1          iic_ack();
  91   1          iic_send_byte(add);
  92   1          iic_ack();
  93   1          iic_send_byte(bat);
  94   1          iic_ack();
  95   1          iic_stop();
  96   1      }
  97          
  98          unsigned char iic_rec_add_byte(unsigned char add) //从某个地址读出数据
  99          {
 100   1          unsigned char temp;
 101   1          iic_start();
 102   1          iic_send_byte(0xa2);
 103   1          iic_ack();
 104   1          iic_send_byte(add);
 105   1          iic_ack();
 106   1          iic_start();
 107   1          iic_send_byte(0xa3);
 108   1          iic_ack();
 109   1          temp=iic_rev();
 110   1        iic_ack();
 111   1      //   WriteACK(1);//proteus仿真时添加，必须添加此应答信号
 112   1          iic_stop();
 113   1          return temp;
 114   1      }
 115          /********************************************
 116          内部函数.输入数据
C51 COMPILER V9.60.0.0   IIC                                                               01/06/2022 16:03:52 PAGE 3   

 117          出口:B
 118          ********************************************/
 119          unsigned char Readbyte()
 120          {
 121   1          unsigned char i,bytedata=0;
 122   1          SDA=1;
 123   1          _nop_();
 124   1          for(i=0; i<8; i++)
 125   1          {
 126   2              SCL=1;
 127   2              delay();
 128   2              bytedata<<=1;
 129   2              if(SDA==1)bytedata=bytedata|0x01;
 130   2              delay();
 131   2              SCL=0;
 132   2              delay();
 133   2          }
 134   1          return (bytedata);
 135   1      }
 136          
 137          void ReadData1(unsigned char address,unsigned char count,unsigned char * buff) /*多字节读取*/
 138          {
 139   1          unsigned char i;
 140   1          iic_start();
 141   1          iic_send_byte(0xa2); /*写命令*/
 142   1      //    iic_ack();
 143   1        WriteACK(0);/*应答信号拉低，表示接收成功，Proteus仿真必须要有这个信号*/
 144   1          iic_send_byte(address); /*写地址*/
 145   1      //    iic_ack();
 146   1        WriteACK(0);
 147   1          iic_start();
 148   1          iic_send_byte(0xa3); /*读命令*/
 149   1      //    iic_ack();
 150   1        WriteACK(0);
 151   1          for(i=0; i<count; i++)
 152   1          {
 153   2              buff[i]=Readbyte();
 154   2              if(i<count-1)
 155   2              WriteACK(0);
 156   2          }
 157   1          WriteACK(1);
 158   1          iic_stop();
 159   1      }
 160          /********************************************
 161          输入数据<-pcf8563
 162          ********************************************/
 163          unsigned char ReadData(unsigned char address) //单字节
 164          {
 165   1          unsigned char rdata;
 166   1          iic_start();
 167   1          iic_send_byte(0xa2); //写命令
 168   1          iic_send_byte(address); //写地址
 169   1          iic_ack();
 170   1          iic_start();
 171   1          iic_send_byte(0xa3); //读命令
 172   1          iic_ack();
 173   1          rdata=Readbyte();
 174   1          WriteACK(1);
 175   1          iic_stop();
 176   1          return(rdata);
 177   1      }
 178          
C51 COMPILER V9.60.0.0   IIC                                                               01/06/2022 16:03:52 PAGE 4   

 179          /********************************************
 180          内部函数，输出ACK ,每个字节传输完成，输出ack=0,结束读数据，ack=1;
 181          ********************************************/
 182          void WriteACK( bit ack)
 183          {
 184   1          SDA=ack;
 185   1          delay();
 186   1          SCL=1;
 187   1          delay();
 188   1          SCL=0;
 189   1      }
 190          /********************************************
 191          内部函数，等待ACK
 192          ********************************************/
 193          void WaitACK()
 194          {
 195   1          unsigned char errtime=20;
 196   1          SDA=1;
 197   1          delay(); /*读ACK*/
 198   1          SCL=1;
 199   1          delay();
 200   1          while(SDA)
 201   1          {
 202   2              errtime--;
 203   2              if(!errtime)
 204   2                  iic_stop();
 205   2          }
 206   1          SCL=0;
 207   1          delay();
 208   1      }
 209          void  ReadRTC(unsigned char * buff)
 210          {
 211   1          iic_start();
 212   1          iic_send_byte(0xa2); //写命令
 213   1          WriteACK(0);
 214   1          iic_send_byte(0x02);
 215   1          WriteACK(0);
 216   1          iic_start();
 217   1          iic_send_byte(0xa3); //读命令
 218   1          WriteACK(0);
 219   1          buff[0] =Readbyte();
 220   1          WriteACK(0);
 221   1          buff[1] =Readbyte();
 222   1          WriteACK(0);
 223   1          buff[2]   =Readbyte();
 224   1          WriteACK(0);
 225   1          buff[3]   =Readbyte();
 226   1          WriteACK(0);
 227   1          buff[4]   =Readbyte();
 228   1          WriteACK(0);
 229   1          buff[5]   =Readbyte();
 230   1          WriteACK(0);
 231   1          buff[6]   =Readbyte();
 232   1          WriteACK(1);
 233   1          iic_stop();
 234   1      }


MODULE INFORMATION:   STATIC OVERLAYABLE
   CODE SIZE        =    534    ----
   CONSTANT SIZE    =   ----    ----
   XDATA SIZE       =   ----    ----
C51 COMPILER V9.60.0.0   IIC                                                               01/06/2022 16:03:52 PAGE 5   

   PDATA SIZE       =   ----    ----
   DATA SIZE        =   ----       7
   IDATA SIZE       =   ----    ----
   BIT SIZE         =   ----       1
END OF MODULE INFORMATION.


C51 COMPILATION COMPLETE.  0 WARNING(S),  0 ERROR(S)
