C51 COMPILER V9.60.0.0   KEY                                                               06/19/2022 18:40:45 PAGE 1   


C51 COMPILER V9.60.0.0, COMPILATION OF MODULE KEY
OBJECT MODULE PLACED IN .\Objects\Key.obj
COMPILER INVOKED BY: C:\Keil_v5\C51\BIN\C51.EXE Source\Key.c OPTIMIZE(8,SPEED) BROWSE INCDIR(.\Include) DEBUG OBJECTEXTE
                    -ND PRINT(.\Listings\Key.lst) TABS(2) OBJECT(.\Objects\Key.obj)

line level    source

   1          
   2          //https:  //shop366226707.taobao.com
   3          //QQ: 3065674908
   4          //-----------------------------------------------------------------
   5          //  名称:按键处理程序(独立键盘)
   6          //-----------------------------------------------------------------
   7          #include "Key.h"
   8          
   9          uchar KeyCode = 0;            //按键编码值
  10          
  11          //共5个独立机械按键,通过短按实现5种按键编码值
  12          uint KeyTimeCnt[5] = {0,0,0,0,0};   //按键去抖动延时计数器,分别对应KEY1/2/3/4/5
  13          uchar KeyLock[5] = {0,0,0,0,0};     //按键触发后自锁的变量标志,分别对应KEY1/2/3/4/5
  14          
  15          //-----------------------------------------------------------------
  16          //函数名称：  void KeyScan()
  17          //函数功能:   按键扫描程序,放在定时中断里，可较快实现按键响应
  18          //调用子函数: 无
  19          //输入参数:   无
  20          //返回值:     无，说明:返回的按键编码值保存在KeyCode变量里
  21          //-----------------------------------------------------------------
  22          void KeyScan()
  23          {
  24   1      //------KEY1实现-------------------------------------------------
  25   1        if(KEY1 == 1)             //IO是高电平，说明按键没有被按下，这时要及时清零一些标志位
  26   1        { KeyLock[0] = 0;         //按键自锁变量标志清零
  27   2          KeyTimeCnt[0] = 0;      //按键去抖动延时计数器清零 
  28   2        }
  29   1        else if(KeyLock[0] == 0)
  30   1        {
  31   2           KeyTimeCnt[0]++; 
  32   2           if(KeyTimeCnt[0] > KEY_TIME_SHORT)  
  33   2           {
  34   3              KeyTimeCnt[0] = 0; 
  35   3              KeyLock[0] = 1;     //自锁按键置位,避免一直触发
  36   3              KeyCode = 1;
  37   3           }
  38   2        }
  39   1        
  40   1      //------KEY2实现-----------------------------------
  41   1        if(KEY2 == 1)
  42   1        { KeyLock[1] = 0;
  43   2          KeyTimeCnt[1] = 0; 
  44   2        }
  45   1        else if(KeyLock[1] == 0)
  46   1        {
  47   2           KeyTimeCnt[1]++; 
  48   2           if(KeyTimeCnt[1] > KEY_TIME_SHORT)   //消抖
  49   2           {  
  50   3              KeyTimeCnt[1] = 0;                //按键去抖动延时计数器清零
  51   3              KeyLock[1] = 1;                   //自锁按键置位,避免一直触发
  52   3              KeyCode = 2;                  
  53   3           }
  54   2        }
C51 COMPILER V9.60.0.0   KEY                                                               06/19/2022 18:40:45 PAGE 2   

  55   1      
  56   1      //------KEY3实现-----------------------------------
  57   1        if(KEY3 == 1)
  58   1        { KeyLock[2] = 0;
  59   2          KeyTimeCnt[2] = 0;    
  60   2        }
  61   1        else if(KeyLock[2] == 0)
  62   1        {
  63   2           KeyTimeCnt[2]++; 
  64   2           if(KeyTimeCnt[2] > KEY_TIME_SHORT) 
  65   2           {  
  66   3              KeyTimeCnt[2] = 0; 
  67   3              KeyLock[2] = 1;  
  68   3              KeyCode = 3;                  
  69   3           }
  70   2        }
  71   1      
  72   1      //------KEY4实现-----------------------------------
  73   1        if(KEY4 == 1)
  74   1        { KeyLock[3] = 0;
  75   2          KeyTimeCnt[3] = 0;    
  76   2        }
  77   1        else if(KeyLock[3] == 0)
  78   1        {
  79   2           KeyTimeCnt[3]++; 
  80   2           if(KeyTimeCnt[3] > KEY_TIME_SHORT) 
  81   2           {  
  82   3              KeyTimeCnt[3] = 0; 
  83   3              KeyLock[3] = 1;  
  84   3              KeyCode = 4;                  
  85   3           }
  86   2        }
  87   1        
  88   1      //------KEY5实现-----------------------------------
  89   1        if(KEY5 == 1)
  90   1        { KeyLock[4] = 0;
  91   2          KeyTimeCnt[4] = 0;    
  92   2        }
  93   1        else if(KeyLock[4] == 0)
  94   1        {
  95   2           KeyTimeCnt[4]++; 
  96   2           if(KeyTimeCnt[4] > KEY_TIME_SHORT) 
  97   2           {  
  98   3              KeyTimeCnt[4] = 0; 
  99   3              KeyLock[4] = 1;  
 100   3              KeyCode = 5;                  
 101   3           }
 102   2        }
 103   1      }


MODULE INFORMATION:   STATIC OVERLAYABLE
   CODE SIZE        =    220    ----
   CONSTANT SIZE    =   ----    ----
   XDATA SIZE       =   ----    ----
   PDATA SIZE       =   ----    ----
   DATA SIZE        =     16    ----
   IDATA SIZE       =   ----    ----
   BIT SIZE         =   ----    ----
END OF MODULE INFORMATION.


C51 COMPILATION COMPLETE.  0 WARNING(S),  0 ERROR(S)
