C51 COMPILER V9.59.0.0   MAIN                                                              10/29/2021 09:43:10 PAGE 1   


C51 COMPILER V9.59.0.0, COMPILATION OF MODULE MAIN
OBJECT MODULE PLACED IN .\Objects\main.obj
COMPILER INVOKED BY: C:\Keil_v5\C51\BIN\C51.EXE User\main.c OPTIMIZE(8,SPEED) BROWSE INCDIR(.\src;.\User) DEBUG OBJECTEX
                    -TEND PRINT(.\Listings\main.lst) TABS(2) OBJECT(.\Objects\main.obj)

line level    source

   1          /**************************************************************
   2          文件名  :    main.c
   3          作者     : 智慧小巷
   4          版本     : V1.0
   5          描述     : LCD显示电机
   6          其他     : 无
   7          CSDN博客     : https://blog.csdn.net/dwh1314/article/details/106336261
   8          微信公众号    : 智慧小巷
   9          日志     : 初版V1.0 2020/5/8 创建
  10          **************************************************************/
  11          
  12          #include <reg51.h>
  13          #include <stdio.h>
  14          
  15          //宏定义
  16          #define uchar unsigned char
  17          #define uint unsigned int
  18            
  19          //定义提供脉冲的管脚
  20          sbit CLOCK = P0^1;
  21          sbit CW = P0^0;//控制电机方向
  22          
  23          //LCD显示用
  24          sbit RS=P2^0;
  25          sbit RW=P2^1;
  26          sbit E=P2^2;
  27          
  28          
  29          sbit s_add = P3^2;  //速度加
  30          sbit s_mus = P3^3;  //速度减
  31          sbit forward = P3^4;  //正转
  32          sbit reversal = P3^5; //反转
  33          
  34          uchar SpeedChar[]="SPEED(n/min):";
  35          uchar StateChar[]="RUN STATE:";
  36          uchar STATE_CW[]="CW ";
  37          uchar STATE_CCW[]="CCW";
  38          
  39          //当前速度
  40          uint speed = 0;
  41          //设置速度标志位
  42          uint set_speed = 30;
  43          
  44          
  45          void lcd_int();
  46          void lcd_w_cmd(unsigned char com);
  47          void lcd_w_dat(unsigned char dat);
  48          unsigned char lcd_r_start();
  49          void display();
  50          void display_speed();
  51          void dis_state();
  52          void delay(uint j)
  53          {
  54   1          uint x;
C51 COMPILER V9.59.0.0   MAIN                                                              10/29/2021 09:43:10 PAGE 2   

  55   1          for(x=0;x<j;x++);
  56   1      }
  57          
  58          void key_scan()
  59          {
  60   1          if(forward==0)
  61   1          {
  62   2              delay(1000);
  63   2              if(forward==0)
  64   2              {
  65   3                  CW=1;
  66   3                  dis_state();
  67   3              }
  68   2              while(!forward);
  69   2          }
  70   1          if(reversal==0)
  71   1          {
  72   2              delay(1000);
  73   2              if(reversal==0)
  74   2              {
  75   3                  CW=0;
  76   3                  dis_state();
  77   3              }
  78   2              while(!reversal);
  79   2          }
  80   1          
  81   1          if(s_add==0)
  82   1          {
  83   2              delay(1000);
  84   2              if(s_add==0)
  85   2              {
  86   3                if(set_speed>10)
  87   3                  set_speed -=2;
  88   3                  speed=(60000/(8*set_speed));
  89   3                  display_speed();
  90   3                  while(!s_add);
  91   3              }
  92   2          }
  93   1          
  94   1          if(s_mus==0)
  95   1          {
  96   2              delay(1000);
  97   2              if(s_mus==0)
  98   2              {
  99   3                  if(set_speed<50)
 100   3                  set_speed +=2;
 101   3                  speed=(60000/(8*set_speed));
 102   3                  display_speed();
 103   3                  while(!s_mus);
 104   3              }   
 105   2          }
 106   1      
 107   1      }
 108          
 109          
 110          void main()
 111          {
 112   1          EA=1;//打开总中断 
 113   1          TMOD=0x01; //定时器工作方式
 114   1          TH0=(65535-1000)/256; //初值约1ms
 115   1          TL0=(65535-1000)%256; 
 116   1          ET0=1;  //打开定时器中断
C51 COMPILER V9.59.0.0   MAIN                                                              10/29/2021 09:43:10 PAGE 3   

 117   1          TR0=1;  //打开定时器
 118   1          lcd_int();
 119   1          display();
 120   1          //计算示初始速度
 121   1          speed=(60000/(8*set_speed));
 122   1          display_speed();
 123   1          dis_state();
 124   1          while(1){
 125   2              key_scan();
 126   2          }
 127   1      
 128   1      }
 129          
 130          void display()
 131          {
 132   1        
 133   1        uchar i=0;
 134   1        lcd_w_cmd(0x80);     //设置显示地址（第一行）
 135   1        for(i=0;SpeedChar[i]!='\0';i++)   //此处显示SpeedChar[]字符串，字符串结束符为‘0’
 136   1        {
 137   2          lcd_w_dat(SpeedChar[i]);
 138   2        }
 139   1        
 140   1        lcd_w_cmd(0xC0);  //更改显示位置用
 141   1        for(i=0;StateChar[i]!='\0';i++)   //此处显示SpeedChar[]字符串，字符串结束符为‘0’
 142   1        {
 143   2          lcd_w_dat(StateChar[i]);
 144   2        }
 145   1      }
 146          
 147          
 148          void dis_state()
 149          {
 150   1          uchar i;
 151   1          lcd_w_cmd(0xCB);
 152   1          if(CW==0)
 153   1          {
 154   2            for(i=0;STATE_CW[i]!='\0';i++)    //此处显示Current_Time[]字符串，字符串结束符为‘0’
 155   2            {
 156   3              lcd_w_dat(STATE_CW[i]);
 157   3            }
 158   2          }
 159   1          if(CW==1)
 160   1          {
 161   2            for(i=0;STATE_CCW[i]!='\0';i++)   //此处显示Current_Time[]字符串，字符串结束符为‘0’
 162   2            {
 163   3              lcd_w_dat(STATE_CCW[i]);
 164   3            }
 165   2          }
 166   1      }
 167          void display_speed()
 168          {
 169   1          uchar str[3]={""}; 
 170   1          uchar i;
 171   1          lcd_w_cmd(0x8d);
 172   1          sprintf(str,"%u  ",speed);
 173   1          for(i=0;str[i]!='\0';i++)   //此处显示Current_Time[]字符串，字符串结束符为‘0’
 174   1          {
 175   2            lcd_w_dat(str[i]);
 176   2          }
 177   1      }
 178          
C51 COMPILER V9.59.0.0   MAIN                                                              10/29/2021 09:43:10 PAGE 4   

 179          //函数名：lcd_int
 180          //函数功能：lcd初始化
 181          void lcd_int()
 182          {
 183   1        lcd_w_cmd(0x3c);  //设置工作方式
 184   1        lcd_w_cmd(0x0c);    //设置显示状态
 185   1        lcd_w_cmd(0x01);   //清屏
 186   1        lcd_w_cmd(0x06);   //设置输入方式
 187   1        lcd_w_cmd(0x80);   //设置初始显示位置
 188   1      }
 189          //函数名：lcd_w_cmd
 190          //函数功能：写命令
 191          //形式参数：命令字已经存入com单元中
 192          void lcd_w_cmd(unsigned char com)
 193          {
 194   1        unsigned char i;
 195   1        do
 196   1        {            //查lcd忙状态
 197   2        i=lcd_r_start();      //调用读状态字函数
 198   2        i&=0x80;           //“与”操作屏蔽掉低7位
 199   2        delay(2);
 200   2        }while(i!=0);       //lcd忙，继续查询，否则退出循环 
 201   1        RW=0;
 202   1        delay(1);
 203   1        RS=0;            //RW=0，RS=0，写lcd命令字
 204   1        delay(1);
 205   1        E=1;              //E端时序以0或1高低波动
 206   1        delay(1);
 207   1        P1=com;             //将com中的命令字写入lcd数据口
 208   1        delay(1);
 209   1        E=0;
 210   1        delay(1);
 211   1        RW=1;
 212   1        delay(2);
 213   1      }
 214          //函数名：lcd_w_dat
 215          //函数功能：写数据
 216          void lcd_w_dat(unsigned char dat)
 217          {
 218   1        unsigned char i;
 219   1        do
 220   1        {              //查忙操作
 221   2        i=lcd_r_start();       //调用读状态字函数
 222   2        i&=0x80;           //“与”操作屏蔽掉低7位
 223   2        delay(2);
 224   2        }while(i!=0);        //lcd忙，继续查询，否则退出循环 
 225   1        RW=0;
 226   1        delay(1);
 227   1        RS=1;            //RW=0，RS=1，写lcd命令字
 228   1        delay(1);
 229   1        E=1;              //E端时序以0或1高低波动
 230   1        delay(1);
 231   1        P1=dat;              //将dat中的显示数据写入lcd数据口
 232   1        delay(1);
 233   1        E=0;
 234   1        delay(1);
 235   1        RW=1;
 236   1        delay(2);
 237   1      }
 238          //函数名：lcd_r_start
 239          //函数功能：读状态字
 240          unsigned char lcd_r_start()
C51 COMPILER V9.59.0.0   MAIN                                                              10/29/2021 09:43:10 PAGE 5   

 241          {
 242   1        unsigned char s;
 243   1        RW=1;       //RW=1,RS=0,读lcd状态
 244   1        delay(1);
 245   1        RS=0;
 246   1        delay(1);
 247   1        E=1;         //E端时序以0或1高低波动
 248   1        delay(1);
 249   1        s=P1;        //从lcd的数据口读状态  
 250   1        delay(1);
 251   1        E=0;
 252   1        delay(1);
 253   1        RW=0;
 254   1        delay(1);
 255   1        return(s);       //返回值s读取状态忙或空闲
 256   1      }
 257          void Time()   interrupt 1
 258          {
 259   1          static unsigned int count=0;
 260   1          TH0=(65535-1000)/256;  //重装初值
 261   1          TL0=(65535-1000)%256;  //重装初值
 262   1          count++;
 263   1          //8个脉冲转一圈
 264   1          if(count>=set_speed)
 265   1          {
 266   2              count = 0;
 267   2              CLOCK = ~CLOCK;
 268   2          }
 269   1      
 270   1      }


MODULE INFORMATION:   STATIC OVERLAYABLE
   CODE SIZE        =    597    ----
   CONSTANT SIZE    =      8    ----
   XDATA SIZE       =   ----    ----
   PDATA SIZE       =   ----    ----
   DATA SIZE        =     39       8
   IDATA SIZE       =   ----    ----
   BIT SIZE         =   ----    ----
END OF MODULE INFORMATION.


C51 COMPILATION COMPLETE.  0 WARNING(S),  0 ERROR(S)
