C51 COMPILER V9.54   MOTOR                                                                 05/16/2020 14:21:29 PAGE 1   


C51 COMPILER V9.54, COMPILATION OF MODULE MOTOR
OBJECT MODULE PLACED IN .\Objects\motor.obj
COMPILER INVOKED BY: D:\Keil_v5\C51\BIN\C51.EXE src\motor.c OPTIMIZE(8,SPEED) BROWSE INCDIR(.\src;.\User) DEBUG OBJECTEX
                    -TEND PRINT(.\Listings\motor.lst) TABS(2) OBJECT(.\Objects\motor.obj)

line level    source

   1          /**************************************************************
   2          文件名  :    motor.c
   3          作者     : 智慧小巷
   4          版本     : V1.0
   5          描述     : 电机驱动文件
   6          其他     : 无
   7          CSDN博客     : https://blog.csdn.net/dwh1314/article/details/106158025
   8          微信公众号    : 智慧小巷
   9          日志     : 初版V1.0 2020/3/10 创建
  10          **************************************************************/
  11          
  12          #include "motor.h"
  13          
  14          
  15          
  16          
  17          
  18          
  19          
  20          
  21          


MODULE INFORMATION:   STATIC OVERLAYABLE
   CODE SIZE        =   ----    ----
   CONSTANT SIZE    =   ----    ----
   XDATA SIZE       =   ----    ----
   PDATA SIZE       =   ----    ----
   DATA SIZE        =   ----    ----
   IDATA SIZE       =   ----    ----
   BIT SIZE         =   ----    ----
END OF MODULE INFORMATION.


C51 COMPILATION COMPLETE.  0 WARNING(S),  0 ERROR(S)
